Administrative Court
Birmingham District Registry
Bristol District Registry
Civil and Family Courts Centre
Combined Court Centre
Commercial Court
Companies Court
Consistory Court
Constitutional Court
County Court
Court of Appeal
Crown Court (Crown Square)
Crown Court (Minshull St)
Crown Court
Divisional Court
European Court of Human Rights
High Court of Justice (Chancery Division)
High Court of Justice (Queens Bench Division)
High Court of Justice (Family Divsion)
High Court of Justice
High Court
International Criminal Court
Leeds District Registry
Magistrates Court
Magistrates’ Court
Manchester District Registry
Newcastle-upon-Tyne District Registry
Patents Court
Royal Courts of Justice
Supreme Court
Youth Court