Adam Afriyie;dgucontext=http://reference.data.gov.uk/id/mp/windsor/adam-afriyie
Adam Holloway;dgucontext=http://reference.data.gov.uk/id/mp/gravesham/adam-holloway
Adrian Bailey;dgucontext=http://reference.data.gov.uk/id/mp/west-bromwich-west/adrian-bailey
Adrian Sanders;dgucontext=http://reference.data.gov.uk/id/mp/torbay/adrian-sanders
Aidan Burley;dgucontext=http://reference.data.gov.uk/id/mp/cannock-chase/aidan-burley
Alan Beith;dgucontext=http://reference.data.gov.uk/id/mp/berwick-upon-tweed/alan-beith
Alan Campbell;dgucontext=http://reference.data.gov.uk/id/mp/tynemouth/alan-campbell
Alan Duncan;dgucontext=http://reference.data.gov.uk/id/mp/rutland-and-melton/alan-duncan
Alan Haselhurst;dgucontext=http://reference.data.gov.uk/id/mp/saffron-walden/alan-haselhurst
Alan Johnson;dgucontext=http://reference.data.gov.uk/id/mp/kingston-upon-hull-west-and-hessle/alan-johnson
Alan Keen;dgucontext=http://reference.data.gov.uk/id/mp/feltham-and-heston/alan-keen
Alan Meale;dgucontext=http://reference.data.gov.uk/id/mp/mansfield/alan-meale
Alan Reid;dgucontext=http://reference.data.gov.uk/id/mp/argyll-and-bute/alan-reid
Alan Whitehead;dgucontext=http://reference.data.gov.uk/id/mp/southampton-test/alan-whitehead
Alasdair McDonnell;dgucontext=http://reference.data.gov.uk/id/mp/belfast-south/alasdair-mcdonnell
Albert Owen;dgucontext=http://reference.data.gov.uk/id/mp/the-isle-of-anglesey/albert-owen
Alec Shelbrooke;dgucontext=http://reference.data.gov.uk/id/mp/elmet-and-rothwell/alec-shelbrooke
Alex Cunningham;dgucontext=http://reference.data.gov.uk/id/mp/stockton-north/alex-cunningham
Alison McGovern;dgucontext=http://reference.data.gov.uk/id/mp/wirral-south/alison-mcgovern
Alison Seabeck;dgucontext=http://reference.data.gov.uk/id/mp/plymouth-moor-view/alison-seabeck
Alistair Burt;dgucontext=http://reference.data.gov.uk/id/mp/north-east-bedfordshire/alistair-burt
Alistair Carmichael;dgucontext=http://reference.data.gov.uk/id/mp/orkney-and-shetland/alistair-carmichael
Alistair Darling;dgucontext=http://reference.data.gov.uk/id/mp/edinburgh-south-west/alistair-darling
Alok Sharma;dgucontext=http://reference.data.gov.uk/id/mp/reading-west/alok-sharma
Alun Cairns;dgucontext=http://reference.data.gov.uk/id/mp/vale-of-glamorgan/alun-cairns
Alun Michael;dgucontext=http://reference.data.gov.uk/id/mp/cardiff-south-and-penarth/alun-michael
Amber Rudd;dgucontext=http://reference.data.gov.uk/id/mp/hastings-and-rye/amber-rudd
Anas Sarwar;dgucontext=http://reference.data.gov.uk/id/mp/glasgow-central/anas-sarwar
Andrea Leadsom;dgucontext=http://reference.data.gov.uk/id/mp/south-northamptonshire/andrea-leadsom
Andrew Bingham;dgucontext=http://reference.data.gov.uk/id/mp/high-peak/andrew-bingham
Andrew Bridgen;dgucontext=http://reference.data.gov.uk/id/mp/north-west-leicestershire/andrew-bridgen
Andrew George;dgucontext=http://reference.data.gov.uk/id/mp/st-ives/andrew-george
Andrew Griffiths;dgucontext=http://reference.data.gov.uk/id/mp/burton/andrew-griffiths
Andrew Gwynne;dgucontext=http://reference.data.gov.uk/id/mp/denton-and-reddish/andrew-gwynne
Andrew Jones;dgucontext=http://reference.data.gov.uk/id/mp/harrogate-and-knaresborough/andrew-jones
Andrew Lansley;dgucontext=http://reference.data.gov.uk/id/mp/south-cambridgeshire/andrew-lansley
Andrew Love;dgucontext=http://reference.data.gov.uk/id/mp/edmonton/andrew-love
Andrew Miller;dgucontext=http://reference.data.gov.uk/id/mp/ellesmere-port-and-neston/andrew-miller
Andrew Mitchell;dgucontext=http://reference.data.gov.uk/id/mp/sutton-coldfield/andrew-mitchell
Andrew Murrison;dgucontext=http://reference.data.gov.uk/id/mp/south-west-wiltshire/andrew-murrison
Andrew Percy;dgucontext=http://reference.data.gov.uk/id/mp/brigg-and-goole/andrew-percy
Andrew Robathan;dgucontext=http://reference.data.gov.uk/id/mp/south-leicestershire/andrew-robathan
Andrew Rosindell;dgucontext=http://reference.data.gov.uk/id/mp/romford/andrew-rosindell
Andrew Selous;dgucontext=http://reference.data.gov.uk/id/mp/south-west-bedfordshire/andrew-selous
Andrew Smith;dgucontext=http://reference.data.gov.uk/id/mp/oxford-east/andrew-smith
Andrew Stephenson;dgucontext=http://reference.data.gov.uk/id/mp/pendle/andrew-stephenson
Andrew Stunell;dgucontext=http://reference.data.gov.uk/id/mp/hazel-grove/andrew-stunell
Andrew Turner;dgucontext=http://reference.data.gov.uk/id/mp/isle-of-wight/andrew-turner
Andrew Tyrie;dgucontext=http://reference.data.gov.uk/id/mp/chichester/andrew-tyrie
Andy Burnham;dgucontext=http://reference.data.gov.uk/id/mp/leigh/andy-burnham
Andy Slaughter;dgucontext=http://reference.data.gov.uk/id/mp/hammersmith/andy-slaughter
Angela Eagle;dgucontext=http://reference.data.gov.uk/id/mp/wallasey/angela-eagle
Angela Smith;dgucontext=http://reference.data.gov.uk/id/mp/penistone-and-stocksbridge/angela-smith
Angela Watkinson;dgucontext=http://reference.data.gov.uk/id/mp/hornchurch-and-upminster/angela-watkinson
Angie Bray;dgucontext=http://reference.data.gov.uk/id/mp/ealing-central-and-acton/angie-bray
Angus MacNeil;dgucontext=http://reference.data.gov.uk/id/mp/na-h-eileanan-an-iar/angus-macneil
Angus Robertson;dgucontext=http://reference.data.gov.uk/id/mp/moray/angus-robertson
Ann Clwyd;dgucontext=http://reference.data.gov.uk/id/mp/cynon-valley/ann-clwyd
Ann Coffey;dgucontext=http://reference.data.gov.uk/id/mp/stockport/ann-coffey
Ann McKechin;dgucontext=http://reference.data.gov.uk/id/mp/glasgow-north/ann-mckechin
Anna Soubry;dgucontext=http://reference.data.gov.uk/id/mp/broxtowe/anna-soubry
Anne Begg;dgucontext=http://reference.data.gov.uk/id/mp/aberdeen-south/anne-begg
Anne Main;dgucontext=http://reference.data.gov.uk/id/mp/st-albans/anne-main
Anne McGuire;dgucontext=http://reference.data.gov.uk/id/mp/stirling/anne-mcguire
Anne McIntosh;dgucontext=http://reference.data.gov.uk/id/mp/thirsk-and-malton/anne-mcintosh
Anne Milton;dgucontext=http://reference.data.gov.uk/id/mp/guildford/anne-milton
Anne-Marie Morris;dgucontext=http://reference.data.gov.uk/id/mp/newton-abbot/anne-marie-morris
Annette Brooke;dgucontext=http://reference.data.gov.uk/id/mp/mid-dorset-and-north-poole/annette-brooke
Austin Mitchell;dgucontext=http://reference.data.gov.uk/id/mp/great-grimsby/austin-mitchell
Barbara Keeley;dgucontext=http://reference.data.gov.uk/id/mp/worsley-and-eccles-south/barbara-keeley
Barry Gardiner;dgucontext=http://reference.data.gov.uk/id/mp/brent-north/barry-gardiner
Barry Sheerman;dgucontext=http://reference.data.gov.uk/id/mp/huddersfield/barry-sheerman
Ben Bradshaw;dgucontext=http://reference.data.gov.uk/id/mp/exeter/ben-bradshaw
Ben Gummer;dgucontext=http://reference.data.gov.uk/id/mp/ipswich/ben-gummer
Ben Wallace;dgucontext=http://reference.data.gov.uk/id/mp/wyre-and-preston-north/ben-wallace
Bernard Jenkin;dgucontext=http://reference.data.gov.uk/id/mp/harwich-and-north-essex/bernard-jenkin
Bill Esterson;dgucontext=http://reference.data.gov.uk/id/mp/sefton-central/bill-esterson
Bill Wiggin;dgucontext=http://reference.data.gov.uk/id/mp/north-herefordshire/bill-wiggin
Bob Ainsworth;dgucontext=http://reference.data.gov.uk/id/mp/coventry-north-east/bob-ainsworth
Bob Blackman;dgucontext=http://reference.data.gov.uk/id/mp/harrow-east/bob-blackman
Bob Neill;dgucontext=http://reference.data.gov.uk/id/mp/bromley-and-chislehurst/bob-neill
Bob Russell;dgucontext=http://reference.data.gov.uk/id/mp/colchester/bob-russell
Bob Stewart;dgucontext=http://reference.data.gov.uk/id/mp/beckenham/bob-stewart
Brandon Lewis;dgucontext=http://reference.data.gov.uk/id/mp/great-yarmouth/brandon-lewis
Brian Binley;dgucontext=http://reference.data.gov.uk/id/mp/northampton-south/brian-binley
Brian H Donohoe;dgucontext=http://reference.data.gov.uk/id/mp/central-ayrshire/brian-h-donohoe
Bridget Phillipson;dgucontext=http://reference.data.gov.uk/id/mp/houghton-and-sunderland-south/bridget-phillipson
Brooks Newmark;dgucontext=http://reference.data.gov.uk/id/mp/braintree/brooks-newmark
Caroline Dinenage;dgucontext=http://reference.data.gov.uk/id/mp/gosport/caroline-dinenage
Caroline Flint;dgucontext=http://reference.data.gov.uk/id/mp/don-valley/caroline-flint
Caroline Lucas;dgucontext=http://reference.data.gov.uk/id/mp/brighton-pavilion/caroline-lucas
Caroline Nokes;dgucontext=http://reference.data.gov.uk/id/mp/romsey-and-southampton-north/caroline-nokes
Caroline Spelman;dgucontext=http://reference.data.gov.uk/id/mp/meriden/caroline-spelman
Catherine McKinnell;dgucontext=http://reference.data.gov.uk/id/mp/newcastle-upon-tyne-north/catherine-mckinnell
Cathy Jamieson;dgucontext=http://reference.data.gov.uk/id/mp/kilmarnock-and-loudoun/cathy-jamieson
Charles Hendry;dgucontext=http://reference.data.gov.uk/id/mp/wealden/charles-hendry
Charles Kennedy;dgucontext=http://reference.data.gov.uk/id/mp/ross-skye-and-lochaber/charles-kennedy
Charles Walker;dgucontext=http://reference.data.gov.uk/id/mp/broxbourne/charles-walker
Charlie Elphicke;dgucontext=http://reference.data.gov.uk/id/mp/dover/charlie-elphicke
Charlotte Leslie;dgucontext=http://reference.data.gov.uk/id/mp/bristol-north-west/charlotte-leslie
Cheryl Gillan;dgucontext=http://reference.data.gov.uk/id/mp/chesham-and-amersham/cheryl-gillan
Chi Onwurah;dgucontext=http://reference.data.gov.uk/id/mp/newcastle-upon-tyne-central/chi-onwurah
Chloe Smith;dgucontext=http://reference.data.gov.uk/id/mp/norwich-north/chloe-smith
Chris Bryant;dgucontext=http://reference.data.gov.uk/id/mp/rhondda/chris-bryant
Chris Evans;dgucontext=http://reference.data.gov.uk/id/mp/islwyn/chris-evans
Chris Grayling;dgucontext=http://reference.data.gov.uk/id/mp/epsom-and-ewell/chris-grayling
Chris Heaton-Harris;dgucontext=http://reference.data.gov.uk/id/mp/daventry/chris-heaton-harris
Chris Kelly;dgucontext=http://reference.data.gov.uk/id/mp/dudley-south/chris-kelly
Chris Ruane;dgucontext=http://reference.data.gov.uk/id/mp/vale-of-clwyd/chris-ruane
Chris Skidmore;dgucontext=http://reference.data.gov.uk/id/mp/kingswood/chris-skidmore
Chris White;dgucontext=http://reference.data.gov.uk/id/mp/warwick-and-leamington/chris-white
Chris Williamson;dgucontext=http://reference.data.gov.uk/id/mp/derby-north/chris-williamson
Christopher Chope;dgucontext=http://reference.data.gov.uk/id/mp/christchurch/christopher-chope
Christopher Huhne;dgucontext=http://reference.data.gov.uk/id/mp/eastleigh/christopher-huhne
Christopher Leslie;dgucontext=http://reference.data.gov.uk/id/mp/nottingham-east/christopher-leslie
Christopher Pincher;dgucontext=http://reference.data.gov.uk/id/mp/tamworth/christopher-pincher
Chuka Umunna;dgucontext=http://reference.data.gov.uk/id/mp/streatham/chuka-umunna
Claire Perry;dgucontext=http://reference.data.gov.uk/id/mp/devizes/claire-perry
Clive Betts;dgucontext=http://reference.data.gov.uk/id/mp/sheffield-south-east/clive-betts
Clive Efford;dgucontext=http://reference.data.gov.uk/id/mp/eltham/clive-efford
Conor Burns;dgucontext=http://reference.data.gov.uk/id/mp/bournemouth-west/conor-burns
Conor Murphy;dgucontext=http://reference.data.gov.uk/id/mp/newry-and-armagh/conor-murphy
Craig Whittaker;dgucontext=http://reference.data.gov.uk/id/mp/calder-valley/craig-whittaker
Crispin Blunt;dgucontext=http://reference.data.gov.uk/id/mp/reigate/crispin-blunt
Dai Havard;dgucontext=http://reference.data.gov.uk/id/mp/merthyr-tydfil-and-rhymney/dai-havard
Damian Collins;dgucontext=http://reference.data.gov.uk/id/mp/folkestone-and-hythe/damian-collins
Damian Green;dgucontext=http://reference.data.gov.uk/id/mp/ashford/damian-green
Damian Hinds;dgucontext=http://reference.data.gov.uk/id/mp/east-hampshire/damian-hinds
Dan Byles;dgucontext=http://reference.data.gov.uk/id/mp/north-warwickshire/dan-byles
Dan Rogerson;dgucontext=http://reference.data.gov.uk/id/mp/north-cornwall/dan-rogerson
Daniel Kawczynski;dgucontext=http://reference.data.gov.uk/id/mp/shrewsbury-and-atcham/daniel-kawczynski
Daniel Poulter;dgucontext=http://reference.data.gov.uk/id/mp/central-suffolk-and-north-ipswich/daniel-poulter
Danny Alexander;dgucontext=http://reference.data.gov.uk/id/mp/inverness-nairn-badenoch-and-strathspey/danny-alexander
Dave Watts;dgucontext=http://reference.data.gov.uk/id/mp/st-helens-north/dave-watts
David Amess;dgucontext=http://reference.data.gov.uk/id/mp/southend-west/david-amess
David Anderson;dgucontext=http://reference.data.gov.uk/id/mp/blaydon/david-anderson
David Blunkett;dgucontext=http://reference.data.gov.uk/id/mp/sheffield-brightside-and-hillsborough/david-blunkett
David Burrowes;dgucontext=http://reference.data.gov.uk/id/mp/enfield-southgate/david-burrowes
David Cairns;dgucontext=http://reference.data.gov.uk/id/mp/inverclyde/david-cairns
David Cameron;dgucontext=http://reference.data.gov.uk/id/mp/witney/david-cameron
David Crausby;dgucontext=http://reference.data.gov.uk/id/mp/bolton-north-east/david-crausby
David Davies;dgucontext=http://reference.data.gov.uk/id/mp/monmouth/david-davies
David Davis;dgucontext=http://reference.data.gov.uk/id/mp/haltemprice-and-howden/david-davis
David Evennett;dgucontext=http://reference.data.gov.uk/id/mp/bexleyheath-and-crayford/david-evennett
David Gauke;dgucontext=http://reference.data.gov.uk/id/mp/south-west-hertfordshire/david-gauke
David Hamilton;dgucontext=http://reference.data.gov.uk/id/mp/midlothian/david-hamilton
David Hanson;dgucontext=http://reference.data.gov.uk/id/mp/delyn/david-hanson
David Heath;dgucontext=http://reference.data.gov.uk/id/mp/somerton-and-frome/david-heath
David Heyes;dgucontext=http://reference.data.gov.uk/id/mp/ashton-under-lyne/david-heyes
David Jones;dgucontext=http://reference.data.gov.uk/id/mp/clwyd-west/david-jones
David Lammy;dgucontext=http://reference.data.gov.uk/id/mp/tottenham/david-lammy
David Laws;dgucontext=http://reference.data.gov.uk/id/mp/yeovil/david-laws
David Lidington;dgucontext=http://reference.data.gov.uk/id/mp/aylesbury/david-lidington
David Miliband;dgucontext=http://reference.data.gov.uk/id/mp/south-shields/david-miliband
David Morris;dgucontext=http://reference.data.gov.uk/id/mp/morecambe-and-lunesdale/david-morris
David Mowat;dgucontext=http://reference.data.gov.uk/id/mp/warrington-south/david-mowat
David Mundell;dgucontext=http://reference.data.gov.uk/id/mp/dumfriesshire-clydesdale-and-tweeddale/david-mundell
David Nuttall;dgucontext=http://reference.data.gov.uk/id/mp/bury-north/david-nuttall
David Ruffley;dgucontext=http://reference.data.gov.uk/id/mp/bury-st-edmunds/david-ruffley
David Rutley;dgucontext=http://reference.data.gov.uk/id/mp/macclesfield/david-rutley
David Tredinnick;dgucontext=http://reference.data.gov.uk/id/mp/bosworth/david-tredinnick
David Ward;dgucontext=http://reference.data.gov.uk/id/mp/bradford-east/david-ward
David Willetts;dgucontext=http://reference.data.gov.uk/id/mp/havant/david-willetts
David Winnick;dgucontext=http://reference.data.gov.uk/id/mp/walsall-north/david-winnick
David Wright;dgucontext=http://reference.data.gov.uk/id/mp/telford/david-wright
Dawn Primarolo;dgucontext=http://reference.data.gov.uk/id/mp/bristol-south/dawn-primarolo
Denis MacShane;dgucontext=http://reference.data.gov.uk/id/mp/rotherham/denis-macshane
Dennis Skinner;dgucontext=http://reference.data.gov.uk/id/mp/bolsover/dennis-skinner
Derek Twigg;dgucontext=http://reference.data.gov.uk/id/mp/halton/derek-twigg
Desmond Swayne;dgucontext=http://reference.data.gov.uk/id/mp/new-forest-west/desmond-swayne
Diana Johnson;dgucontext=http://reference.data.gov.uk/id/mp/kingston-upon-hull-north/diana-johnson
Diane Abbott;dgucontext=http://reference.data.gov.uk/id/mp/hackney-north-and-stoke-newington/diane-abbott
Dominic Grieve;dgucontext=http://reference.data.gov.uk/id/mp/beaconsfield/dominic-grieve
Dominic Raab;dgucontext=http://reference.data.gov.uk/id/mp/esher-and-walton/dominic-raab
Don Foster;dgucontext=http://reference.data.gov.uk/id/mp/bath/don-foster
Douglas Alexander;dgucontext=http://reference.data.gov.uk/id/mp/paisley-and-renfrewshire-south/douglas-alexander
Douglas Carswell;dgucontext=http://reference.data.gov.uk/id/mp/clacton/douglas-carswell
Duncan Hames;dgucontext=http://reference.data.gov.uk/id/mp/chippenham/duncan-hames
Edward Balls;dgucontext=http://reference.data.gov.uk/id/mp/morley-and-outwood/edward-balls
Edward Davey;dgucontext=http://reference.data.gov.uk/id/mp/kingston-and-surbiton/edward-davey
Edward Garnier;dgucontext=http://reference.data.gov.uk/id/mp/harborough/edward-garnier
Edward Leigh;dgucontext=http://reference.data.gov.uk/id/mp/gainsborough/edward-leigh
Edward Miliband;dgucontext=http://reference.data.gov.uk/id/mp/doncaster-north/edward-miliband
Edward Timpson;dgucontext=http://reference.data.gov.uk/id/mp/crewe-and-nantwich/edward-timpson
Edward Vaizey;dgucontext=http://reference.data.gov.uk/id/mp/wantage/edward-vaizey
Eilidh Whiteford;dgucontext=http://reference.data.gov.uk/id/mp/banff-and-buchan/eilidh-whiteford
Eleanor Laing;dgucontext=http://reference.data.gov.uk/id/mp/epping-forest/eleanor-laing
Elfyn Llwyd;dgucontext=http://reference.data.gov.uk/id/mp/dwyfor-meirionnydd/elfyn-llwyd
Elizabeth Truss;dgucontext=http://reference.data.gov.uk/id/mp/south-west-norfolk/elizabeth-truss
Emily Thornberry;dgucontext=http://reference.data.gov.uk/id/mp/islington-south-and-finsbury/emily-thornberry
Emma Reynolds;dgucontext=http://reference.data.gov.uk/id/mp/wolverhampton-north-east/emma-reynolds
Eric Illsley;dgucontext=http://reference.data.gov.uk/id/mp/barnsley-central/eric-illsley
Eric Joyce;dgucontext=http://reference.data.gov.uk/id/mp/falkirk/eric-joyce
Eric Ollerenshaw;dgucontext=http://reference.data.gov.uk/id/mp/lancaster-and-fleetwood/eric-ollerenshaw
Eric Pickles;dgucontext=http://reference.data.gov.uk/id/mp/brentwood-and-ongar/eric-pickles
Esther McVey;dgucontext=http://reference.data.gov.uk/id/mp/wirral-west/esther-mcvey
Fabian Hamilton;dgucontext=http://reference.data.gov.uk/id/mp/leeds-north-east/fabian-hamilton
Fiona Bruce;dgucontext=http://reference.data.gov.uk/id/mp/congleton/fiona-bruce
Fiona Mactaggart;dgucontext=http://reference.data.gov.uk/id/mp/slough/fiona-mactaggart
Fiona O'Donnell;dgucontext=http://reference.data.gov.uk/id/mp/east-lothian/fiona-o'donnell
Francis Maude;dgucontext=http://reference.data.gov.uk/id/mp/horsham/francis-maude
Frank Dobson;dgucontext=http://reference.data.gov.uk/id/mp/holborn-and-st-pancras/frank-dobson
Frank Doran;dgucontext=http://reference.data.gov.uk/id/mp/aberdeen-north/frank-doran
Frank Field;dgucontext=http://reference.data.gov.uk/id/mp/birkenhead/frank-field
Frank Roy;dgucontext=http://reference.data.gov.uk/id/mp/motherwell-and-wishaw/frank-roy
Gareth Johnson;dgucontext=http://reference.data.gov.uk/id/mp/dartford/gareth-johnson
Gareth Thomas;dgucontext=http://reference.data.gov.uk/id/mp/harrow-west/gareth-thomas
Gary Streeter;dgucontext=http://reference.data.gov.uk/id/mp/south-west-devon/gary-streeter
Gavin Barwell;dgucontext=http://reference.data.gov.uk/id/mp/croydon-central/gavin-barwell
Gavin Shuker;dgucontext=http://reference.data.gov.uk/id/mp/luton-south/gavin-shuker
Gavin Williamson;dgucontext=http://reference.data.gov.uk/id/mp/south-staffordshire/gavin-williamson
Gemma Doyle;dgucontext=http://reference.data.gov.uk/id/mp/west-dunbartonshire/gemma-doyle
Geoffrey Clifton-Brown;dgucontext=http://reference.data.gov.uk/id/mp/the-cotswolds/geoffrey-clifton-brown
Geoffrey Cox;dgucontext=http://reference.data.gov.uk/id/mp/torridge-and-west-devon/geoffrey-cox
Geoffrey Robinson;dgucontext=http://reference.data.gov.uk/id/mp/coventry-north-west/geoffrey-robinson
George Eustice;dgucontext=http://reference.data.gov.uk/id/mp/camborne-and-redruth/george-eustice
George Freeman;dgucontext=http://reference.data.gov.uk/id/mp/mid-norfolk/george-freeman
George Hollingbery;dgucontext=http://reference.data.gov.uk/id/mp/meon-valley/george-hollingbery
George Howarth;dgucontext=http://reference.data.gov.uk/id/mp/knowsley/george-howarth
George Mudie;dgucontext=http://reference.data.gov.uk/id/mp/leeds-east/george-mudie
George Osborne;dgucontext=http://reference.data.gov.uk/id/mp/tatton/george-osborne
George Young;dgucontext=http://reference.data.gov.uk/id/mp/north-west-hampshire/george-young
Geraint Davies;dgucontext=http://reference.data.gov.uk/id/mp/swansea-west/geraint-davies
Gerald Howarth;dgucontext=http://reference.data.gov.uk/id/mp/aldershot/gerald-howarth
Gerald Kaufman;dgucontext=http://reference.data.gov.uk/id/mp/manchester-gorton/gerald-kaufman
Gerry Adams;dgucontext=http://reference.data.gov.uk/id/mp/belfast-west/gerry-adams
Gerry Sutcliffe;dgucontext=http://reference.data.gov.uk/id/mp/bradford-south/gerry-sutcliffe
Gisela Stuart;dgucontext=http://reference.data.gov.uk/id/mp/birmingham-edgbaston/gisela-stuart
Glenda Jackson;dgucontext=http://reference.data.gov.uk/id/mp/hampstead-and-kilburn/glenda-jackson
Gloria De Piero;dgucontext=http://reference.data.gov.uk/id/mp/ashfield/gloria-de-piero
Glyn Davies;dgucontext=http://reference.data.gov.uk/id/mp/montgomeryshire/glyn-davies
Gordon Banks;dgucontext=http://reference.data.gov.uk/id/mp/ochil-and-south-perthshire/gordon-banks
Gordon Birtwistle;dgucontext=http://reference.data.gov.uk/id/mp/burnley/gordon-birtwistle
Gordon Brown;dgucontext=http://reference.data.gov.uk/id/mp/kirkcaldy-and-cowdenbeath/gordon-brown
Gordon Henderson;dgucontext=http://reference.data.gov.uk/id/mp/sittingbourne-and-sheppey/gordon-henderson
Gordon Marsden;dgucontext=http://reference.data.gov.uk/id/mp/blackpool-south/gordon-marsden
Graeme Morrice;dgucontext=http://reference.data.gov.uk/id/mp/livingston/graeme-morrice
Graham Allen;dgucontext=http://reference.data.gov.uk/id/mp/nottingham-north/graham-allen
Graham Brady;dgucontext=http://reference.data.gov.uk/id/mp/altrincham-and-sale-west/graham-brady
Graham Evans;dgucontext=http://reference.data.gov.uk/id/mp/weaver-vale/graham-evans
Graham Jones;dgucontext=http://reference.data.gov.uk/id/mp/hyndburn/graham-jones
Graham Stringer;dgucontext=http://reference.data.gov.uk/id/mp/blackley-and-broughton/graham-stringer
Graham Stuart;dgucontext=http://reference.data.gov.uk/id/mp/beverley-and-holderness/graham-stuart
Grahame Morris;dgucontext=http://reference.data.gov.uk/id/mp/easington/grahame-morris
Grant Shapps;dgucontext=http://reference.data.gov.uk/id/mp/welwyn-hatfield/grant-shapps
Greg Clark;dgucontext=http://reference.data.gov.uk/id/mp/tunbridge-wells/greg-clark
Greg Hands;dgucontext=http://reference.data.gov.uk/id/mp/chelsea-and-fulham/greg-hands
Greg Knight;dgucontext=http://reference.data.gov.uk/id/mp/east-yorkshire/greg-knight
Greg Mulholland;dgucontext=http://reference.data.gov.uk/id/mp/leeds-north-west/greg-mulholland
Gregg McClymont;dgucontext=http://reference.data.gov.uk/id/mp/cumbernauld-kilsyth-and-kirkintilloch-east/gregg-mcclymont
Gregory Barker;dgucontext=http://reference.data.gov.uk/id/mp/bexhill-and-battle/gregory-barker
Gregory Campbell;dgucontext=http://reference.data.gov.uk/id/mp/east-londonderry/gregory-campbell
Guto Bebb;dgucontext=http://reference.data.gov.uk/id/mp/aberconwy/guto-bebb
Guy Opperman;dgucontext=http://reference.data.gov.uk/id/mp/hexham/guy-opperman
Harriet Harman;dgucontext=http://reference.data.gov.uk/id/mp/camberwell-and-peckham/harriet-harman
Harriett Baldwin;dgucontext=http://reference.data.gov.uk/id/mp/west-worcestershire/harriett-baldwin
Hazel Blears;dgucontext=http://reference.data.gov.uk/id/mp/salford-and-eccles/hazel-blears
Heather Wheeler;dgucontext=http://reference.data.gov.uk/id/mp/south-derbyshire/heather-wheeler
Heidi Alexander;dgucontext=http://reference.data.gov.uk/id/mp/lewisham-east/heidi-alexander
Helen Goodman;dgucontext=http://reference.data.gov.uk/id/mp/bishop-auckland/helen-goodman
Helen Grant;dgucontext=http://reference.data.gov.uk/id/mp/maidstone-and-the-weald/helen-grant
Helen Jones;dgucontext=http://reference.data.gov.uk/id/mp/warrington-north/helen-jones
Henry Bellingham;dgucontext=http://reference.data.gov.uk/id/mp/north-west-norfolk/henry-bellingham
Henry Smith;dgucontext=http://reference.data.gov.uk/id/mp/crawley/henry-smith
Hilary Benn;dgucontext=http://reference.data.gov.uk/id/mp/leeds-central/hilary-benn
Hugh Bayley;dgucontext=http://reference.data.gov.uk/id/mp/york-central/hugh-bayley
Hugh Robertson;dgucontext=http://reference.data.gov.uk/id/mp/faversham-and-mid-kent/hugh-robertson
Hugo Swire;dgucontext=http://reference.data.gov.uk/id/mp/east-devon/hugo-swire
Huw Irranca-Davies;dgucontext=http://reference.data.gov.uk/id/mp/ogmore/huw-irranca-davies
Hywel Francis;dgucontext=http://reference.data.gov.uk/id/mp/aberavon/hywel-francis
Iain Duncan Smith;dgucontext=http://reference.data.gov.uk/id/mp/chingford-and-woodford-green/iain-duncan-smith
Iain Stewart;dgucontext=http://reference.data.gov.uk/id/mp/milton-keynes-south/iain-stewart
Iain Wright;dgucontext=http://reference.data.gov.uk/id/mp/hartlepool/iain-wright
Ian Austin;dgucontext=http://reference.data.gov.uk/id/mp/dudley-north/ian-austin
Ian Davidson;dgucontext=http://reference.data.gov.uk/id/mp/glasgow-south-west/ian-davidson
Ian Lavery;dgucontext=http://reference.data.gov.uk/id/mp/wansbeck/ian-lavery
Ian Liddell-Grainger;dgucontext=http://reference.data.gov.uk/id/mp/bridgwater-and-west-somerset/ian-liddell-grainger
Ian Lucas;dgucontext=http://reference.data.gov.uk/id/mp/wrexham/ian-lucas
Ian Mearns;dgucontext=http://reference.data.gov.uk/id/mp/gateshead/ian-mearns
Ian Murray;dgucontext=http://reference.data.gov.uk/id/mp/edinburgh-south/ian-murray
Ian Paisley Jnr;dgucontext=http://reference.data.gov.uk/id/mp/north-antrim/ian-paisley-jnr
Ian Swales;dgucontext=http://reference.data.gov.uk/id/mp/redcar/ian-swales
Ivan Lewis;dgucontext=http://reference.data.gov.uk/id/mp/bury-south/ivan-lewis
Jack Dromey;dgucontext=http://reference.data.gov.uk/id/mp/birmingham-erdington/jack-dromey
Jack Lopresti;dgucontext=http://reference.data.gov.uk/id/mp/filton-and-bradley-stoke/jack-lopresti
Jack Straw;dgucontext=http://reference.data.gov.uk/id/mp/blackburn/jack-straw
Jackie Doyle-Price;dgucontext=http://reference.data.gov.uk/id/mp/thurrock/jackie-doyle-price
Jacob Rees-Mogg;dgucontext=http://reference.data.gov.uk/id/mp/north-east-somerset/jacob-rees-mogg
Jake Berry;dgucontext=http://reference.data.gov.uk/id/mp/rossendale-and-darwen/jake-berry
James Arbuthnot;dgucontext=http://reference.data.gov.uk/id/mp/north-east-hampshire/james-arbuthnot
James Brokenshire;dgucontext=http://reference.data.gov.uk/id/mp/old-bexley-and-sidcup/james-brokenshire
James Clappison;dgucontext=http://reference.data.gov.uk/id/mp/hertsmere/james-clappison
James Duddridge;dgucontext=http://reference.data.gov.uk/id/mp/rochford-and-southend-east/james-duddridge
James Gray;dgucontext=http://reference.data.gov.uk/id/mp/north-wiltshire/james-gray
James Morris;dgucontext=http://reference.data.gov.uk/id/mp/halesowen-and-rowley-regis/james-morris
James Paice;dgucontext=http://reference.data.gov.uk/id/mp/south-east-cambridgeshire/james-paice
James Wharton;dgucontext=http://reference.data.gov.uk/id/mp/stockton-south/james-wharton
Jamie Reed;dgucontext=http://reference.data.gov.uk/id/mp/copeland/jamie-reed
Jane Ellison;dgucontext=http://reference.data.gov.uk/id/mp/battersea/jane-ellison
Jason McCartney;dgucontext=http://reference.data.gov.uk/id/mp/colne-valley/jason-mccartney
Jeffrey M Donaldson;dgucontext=http://reference.data.gov.uk/id/mp/lagan-valley/jeffrey-m-donaldson
Jennifer Willott;dgucontext=http://reference.data.gov.uk/id/mp/cardiff-central/jennifer-willott
Jenny Chapman;dgucontext=http://reference.data.gov.uk/id/mp/darlington/jenny-chapman
Jeremy Browne;dgucontext=http://reference.data.gov.uk/id/mp/taunton-deane/jeremy-browne
Jeremy Corbyn;dgucontext=http://reference.data.gov.uk/id/mp/islington-north/jeremy-corbyn
Jeremy Hunt;dgucontext=http://reference.data.gov.uk/id/mp/south-west-surrey/jeremy-hunt
Jeremy Lefroy;dgucontext=http://reference.data.gov.uk/id/mp/stafford/jeremy-lefroy
Jeremy Wright;dgucontext=http://reference.data.gov.uk/id/mp/kenilworth-and-southam/jeremy-wright
Jesse Norman;dgucontext=http://reference.data.gov.uk/id/mp/hereford-and-south-herefordshire/jesse-norman
Jessica Lee;dgucontext=http://reference.data.gov.uk/id/mp/erewash/jessica-lee
Jessica Morden;dgucontext=http://reference.data.gov.uk/id/mp/newport-east/jessica-morden
Jim Cunningham;dgucontext=http://reference.data.gov.uk/id/mp/coventry-south/jim-cunningham
Jim Dobbin;dgucontext=http://reference.data.gov.uk/id/mp/heywood-and-middleton/jim-dobbin
Jim Dowd;dgucontext=http://reference.data.gov.uk/id/mp/lewisham-west-and-penge/jim-dowd
Jim Fitzpatrick;dgucontext=http://reference.data.gov.uk/id/mp/poplar-and-limehouse/jim-fitzpatrick
Jim McGovern;dgucontext=http://reference.data.gov.uk/id/mp/dundee-west/jim-mcgovern
Jim Murphy;dgucontext=http://reference.data.gov.uk/id/mp/east-renfrewshire/jim-murphy
Jim Sheridan;dgucontext=http://reference.data.gov.uk/id/mp/paisley-and-renfrewshire-north/jim-sheridan
Jimmy Hood;dgucontext=http://reference.data.gov.uk/id/mp/lanark-and-hamilton-east/jimmy-hood
Jo Johnson;dgucontext=http://reference.data.gov.uk/id/mp/orpington/jo-johnson
Jo Swinson;dgucontext=http://reference.data.gov.uk/id/mp/east-dunbartonshire/jo-swinson
Joan Ruddock;dgucontext=http://reference.data.gov.uk/id/mp/lewisham-deptford/joan-ruddock
Joan Walley;dgucontext=http://reference.data.gov.uk/id/mp/stoke-on-trent-north/joan-walley
Joe Benton;dgucontext=http://reference.data.gov.uk/id/mp/bootle/joe-benton
John Baron;dgucontext=http://reference.data.gov.uk/id/mp/basildon-and-billericay/john-baron
John Bercow;dgucontext=http://reference.data.gov.uk/id/mp/buckingham/john-bercow
John Cryer;dgucontext=http://reference.data.gov.uk/id/mp/leyton-and-wanstead/john-cryer
John Denham;dgucontext=http://reference.data.gov.uk/id/mp/southampton-itchen/john-denham
John Glen;dgucontext=http://reference.data.gov.uk/id/mp/salisbury/john-glen
John Hayes;dgucontext=http://reference.data.gov.uk/id/mp/south-holland-and-the-deepings/john-hayes
John Healey;dgucontext=http://reference.data.gov.uk/id/mp/wentworth-and-dearne/john-healey
John Hemming;dgucontext=http://reference.data.gov.uk/id/mp/birmingham-yardley/john-hemming
John Howell;dgucontext=http://reference.data.gov.uk/id/mp/henley/john-howell
John Leech;dgucontext=http://reference.data.gov.uk/id/mp/manchester-withington/john-leech
John Mann;dgucontext=http://reference.data.gov.uk/id/mp/bassetlaw/john-mann
John McDonnell;dgucontext=http://reference.data.gov.uk/id/mp/hayes-and-harlington/john-mcdonnell
John Penrose;dgucontext=http://reference.data.gov.uk/id/mp/weston-super-mare/john-penrose
John Pugh;dgucontext=http://reference.data.gov.uk/id/mp/southport/john-pugh
John Randall;dgucontext=http://reference.data.gov.uk/id/mp/uxbridge-and-south-ruislip/john-randall
John Redwood;dgucontext=http://reference.data.gov.uk/id/mp/wokingham/john-redwood
John Robertson;dgucontext=http://reference.data.gov.uk/id/mp/glasgow-north-west/john-robertson
John Spellar;dgucontext=http://reference.data.gov.uk/id/mp/warley/john-spellar
John Stanley;dgucontext=http://reference.data.gov.uk/id/mp/tonbridge-and-malling/john-stanley
John Stevenson;dgucontext=http://reference.data.gov.uk/id/mp/carlisle/john-stevenson
John Thurso;dgucontext=http://reference.data.gov.uk/id/mp/caithness-sutherland-and-easter-ross/john-thurso
John Whittingdale;dgucontext=http://reference.data.gov.uk/id/mp/maldon/john-whittingdale
John Woodcock;dgucontext=http://reference.data.gov.uk/id/mp/barrow-and-furness/john-woodcock
Jon Cruddas;dgucontext=http://reference.data.gov.uk/id/mp/dagenham-and-rainham/jon-cruddas
Jon Trickett;dgucontext=http://reference.data.gov.uk/id/mp/hemsworth/jon-trickett
Jonathan Djanogly;dgucontext=http://reference.data.gov.uk/id/mp/huntingdon/jonathan-djanogly
Jonathan Evans;dgucontext=http://reference.data.gov.uk/id/mp/cardiff-north/jonathan-evans
Jonathan Lord;dgucontext=http://reference.data.gov.uk/id/mp/woking/jonathan-lord
Jonathan Reynolds;dgucontext=http://reference.data.gov.uk/id/mp/stalybridge-and-hyde/jonathan-reynolds
Julian Brazier;dgucontext=http://reference.data.gov.uk/id/mp/canterbury/julian-brazier
Julian Huppert;dgucontext=http://reference.data.gov.uk/id/mp/cambridge/julian-huppert
Julian Lewis;dgucontext=http://reference.data.gov.uk/id/mp/new-forest-east/julian-lewis
Julian Smith;dgucontext=http://reference.data.gov.uk/id/mp/skipton-and-ripon/julian-smith
Julian Sturdy;dgucontext=http://reference.data.gov.uk/id/mp/york-outer/julian-sturdy
Julie Elliott;dgucontext=http://reference.data.gov.uk/id/mp/sunderland-central/julie-elliott
Julie Hilling;dgucontext=http://reference.data.gov.uk/id/mp/bolton-west/julie-hilling
Justin Tomlinson;dgucontext=http://reference.data.gov.uk/id/mp/north-swindon/justin-tomlinson
Justine Greening;dgucontext=http://reference.data.gov.uk/id/mp/putney/justine-greening
Karen Bradley;dgucontext=http://reference.data.gov.uk/id/mp/staffordshire-moorlands/karen-bradley
Karen Buck;dgucontext=http://reference.data.gov.uk/id/mp/westminster-north/karen-buck
Karen Lumley;dgucontext=http://reference.data.gov.uk/id/mp/redditch/karen-lumley
Karl McCartney;dgucontext=http://reference.data.gov.uk/id/mp/lincoln/karl-mccartney
Karl Turner;dgucontext=http://reference.data.gov.uk/id/mp/kingston-upon-hull-east/karl-turner
Kate Green;dgucontext=http://reference.data.gov.uk/id/mp/stretford-and-urmston/kate-green
Kate Hoey;dgucontext=http://reference.data.gov.uk/id/mp/vauxhall/kate-hoey
Katy Clark;dgucontext=http://reference.data.gov.uk/id/mp/north-ayrshire-and-arran/katy-clark
Keith Simpson;dgucontext=http://reference.data.gov.uk/id/mp/broadland/keith-simpson
Keith Vaz;dgucontext=http://reference.data.gov.uk/id/mp/leicester-east/keith-vaz
Kelvin Hopkins;dgucontext=http://reference.data.gov.uk/id/mp/luton-north/kelvin-hopkins
Kenneth Clarke;dgucontext=http://reference.data.gov.uk/id/mp/rushcliffe/kenneth-clarke
Kerry McCarthy;dgucontext=http://reference.data.gov.uk/id/mp/bristol-east/kerry-mccarthy
Kevan Jones;dgucontext=http://reference.data.gov.uk/id/mp/north-durham/kevan-jones
Kevin Barron;dgucontext=http://reference.data.gov.uk/id/mp/rother-valley/kevin-barron
Kevin Brennan;dgucontext=http://reference.data.gov.uk/id/mp/cardiff-west/kevin-brennan
Khalid Mahmood;dgucontext=http://reference.data.gov.uk/id/mp/birmingham-perry-barr/khalid-mahmood
Kris Hopkins;dgucontext=http://reference.data.gov.uk/id/mp/keighley/kris-hopkins
Kwasi Kwarteng;dgucontext=http://reference.data.gov.uk/id/mp/spelthorne/kwasi-kwarteng
Laura Sandys;dgucontext=http://reference.data.gov.uk/id/mp/south-thanet/laura-sandys
Laurence Robertson;dgucontext=http://reference.data.gov.uk/id/mp/tewkesbury/laurence-robertson
Lee Scott;dgucontext=http://reference.data.gov.uk/id/mp/ilford-north/lee-scott
Liam Byrne;dgucontext=http://reference.data.gov.uk/id/mp/birmingham-hodge-hill/liam-byrne
Liam Fox;dgucontext=http://reference.data.gov.uk/id/mp/north-somerset/liam-fox
Lilian Greenwood;dgucontext=http://reference.data.gov.uk/id/mp/nottingham-south/lilian-greenwood
Linda Riordan;dgucontext=http://reference.data.gov.uk/id/mp/halifax/linda-riordan
Lindsay Hoyle;dgucontext=http://reference.data.gov.uk/id/mp/chorley/lindsay-hoyle
Lindsay Roy;dgucontext=http://reference.data.gov.uk/id/mp/glenrothes/lindsay-roy
Lisa Nandy;dgucontext=http://reference.data.gov.uk/id/mp/wigan/lisa-nandy
Liz Kendall;dgucontext=http://reference.data.gov.uk/id/mp/leicester-west/liz-kendall
Lorely Burt;dgucontext=http://reference.data.gov.uk/id/mp/solihull/lorely-burt
Lorraine Fullbrook;dgucontext=http://reference.data.gov.uk/id/mp/south-ribble/lorraine-fullbrook
Louise Bagshawe;dgucontext=http://reference.data.gov.uk/id/mp/corby/louise-bagshawe
Louise Ellman;dgucontext=http://reference.data.gov.uk/id/mp/liverpool-riverside/louise-ellman
Luciana Berger;dgucontext=http://reference.data.gov.uk/id/mp/liverpool-wavertree/luciana-berger
Lyn Brown;dgucontext=http://reference.data.gov.uk/id/mp/west-ham/lyn-brown
Lynne Featherstone;dgucontext=http://reference.data.gov.uk/id/mp/hornsey-and-wood-green/lynne-featherstone
Madeleine Moon;dgucontext=http://reference.data.gov.uk/id/mp/bridgend/madeleine-moon
Malcolm Bruce;dgucontext=http://reference.data.gov.uk/id/mp/gordon/malcolm-bruce
Malcolm Rifkind;dgucontext=http://reference.data.gov.uk/id/mp/kensington/malcolm-rifkind
Malcolm Wicks;dgucontext=http://reference.data.gov.uk/id/mp/croydon-north/malcolm-wicks
Marcus Jones;dgucontext=http://reference.data.gov.uk/id/mp/nuneaton/marcus-jones
Margaret Beckett;dgucontext=http://reference.data.gov.uk/id/mp/derby-south/margaret-beckett
Margaret Curran;dgucontext=http://reference.data.gov.uk/id/mp/glasgow-east/margaret-curran
Margaret Hodge;dgucontext=http://reference.data.gov.uk/id/mp/barking/margaret-hodge
Margaret Ritchie;dgucontext=http://reference.data.gov.uk/id/mp/south-down/margaret-ritchie
Margot James;dgucontext=http://reference.data.gov.uk/id/mp/stourbridge/margot-james
Maria Eagle;dgucontext=http://reference.data.gov.uk/id/mp/garston-and-halewood/maria-eagle
Maria Miller;dgucontext=http://reference.data.gov.uk/id/mp/basingstoke/maria-miller
Mark Field;dgucontext=http://reference.data.gov.uk/id/mp/cities-of-london-and-westminster/mark-field
Mark Francois;dgucontext=http://reference.data.gov.uk/id/mp/rayleigh-and-wickford/mark-francois
Mark Garnier;dgucontext=http://reference.data.gov.uk/id/mp/wyre-forest/mark-garnier
Mark Harper;dgucontext=http://reference.data.gov.uk/id/mp/forest-of-dean/mark-harper
Mark Hendrick;dgucontext=http://reference.data.gov.uk/id/mp/preston/mark-hendrick
Mark Hoban;dgucontext=http://reference.data.gov.uk/id/mp/fareham/mark-hoban
Mark Hunter;dgucontext=http://reference.data.gov.uk/id/mp/cheadle/mark-hunter
Mark Lancaster;dgucontext=http://reference.data.gov.uk/id/mp/milton-keynes-north/mark-lancaster
Mark Lazarowicz;dgucontext=http://reference.data.gov.uk/id/mp/edinburgh-north-and-leith/mark-lazarowicz
Mark Menzies;dgucontext=http://reference.data.gov.uk/id/mp/fylde/mark-menzies
Mark Pawsey;dgucontext=http://reference.data.gov.uk/id/mp/rugby/mark-pawsey
Mark Prisk;dgucontext=http://reference.data.gov.uk/id/mp/hertford-and-stortford/mark-prisk
Mark Pritchard;dgucontext=http://reference.data.gov.uk/id/mp/the-wrekin/mark-pritchard
Mark Reckless;dgucontext=http://reference.data.gov.uk/id/mp/rochester-and-strood/mark-reckless
Mark Simmonds;dgucontext=http://reference.data.gov.uk/id/mp/boston-and-skegness/mark-simmonds
Mark Spencer;dgucontext=http://reference.data.gov.uk/id/mp/sherwood/mark-spencer
Mark Tami;dgucontext=http://reference.data.gov.uk/id/mp/alyn-and-deeside/mark-tami
Mark Williams;dgucontext=http://reference.data.gov.uk/id/mp/ceredigion/mark-williams
Marsha Singh;dgucontext=http://reference.data.gov.uk/id/mp/bradford-west/marsha-singh
Martin Caton;dgucontext=http://reference.data.gov.uk/id/mp/gower/martin-caton
Martin Horwood;dgucontext=http://reference.data.gov.uk/id/mp/cheltenham/martin-horwood
Martin McGuinness;dgucontext=http://reference.data.gov.uk/id/mp/mid-ulster/martin-mcguinness
Martin Vickers;dgucontext=http://reference.data.gov.uk/id/mp/cleethorpes/martin-vickers
Mary Creagh;dgucontext=http://reference.data.gov.uk/id/mp/wakefield/mary-creagh
Mary Glindon;dgucontext=http://reference.data.gov.uk/id/mp/north-tyneside/mary-glindon
Mary Macleod;dgucontext=http://reference.data.gov.uk/id/mp/brentford-and-isleworth/mary-macleod
Matthew Hancock;dgucontext=http://reference.data.gov.uk/id/mp/west-suffolk/matthew-hancock
Matthew Offord;dgucontext=http://reference.data.gov.uk/id/mp/hendon/matthew-offord
Meg Hillier;dgucontext=http://reference.data.gov.uk/id/mp/hackney-south-and-shoreditch/meg-hillier
Meg Munn;dgucontext=http://reference.data.gov.uk/id/mp/sheffield-heeley/meg-munn
Mel Stride;dgucontext=http://reference.data.gov.uk/id/mp/central-devon/mel-stride
Menzies Campbell;dgucontext=http://reference.data.gov.uk/id/mp/north-east-fife/menzies-campbell
Michael Connarty;dgucontext=http://reference.data.gov.uk/id/mp/linlithgow-and-east-falkirk/michael-connarty
Michael Crockart;dgucontext=http://reference.data.gov.uk/id/mp/edinburgh-west/michael-crockart
Michael Dugher;dgucontext=http://reference.data.gov.uk/id/mp/barnsley-east/michael-dugher
Michael Ellis;dgucontext=http://reference.data.gov.uk/id/mp/northampton-north/michael-ellis
Michael Fabricant;dgucontext=http://reference.data.gov.uk/id/mp/lichfield/michael-fabricant
Michael Fallon;dgucontext=http://reference.data.gov.uk/id/mp/sevenoaks/michael-fallon
Michael Gove;dgucontext=http://reference.data.gov.uk/id/mp/surrey-heath/michael-gove
Michael McCann;dgucontext=http://reference.data.gov.uk/id/mp/east-kilbride-strathaven-and-lesmahagow/michael-mccann
Michael Meacher;dgucontext=http://reference.data.gov.uk/id/mp/oldham-west-and-royton/michael-meacher
Michael Moore;dgucontext=http://reference.data.gov.uk/id/mp/berwickshire-roxburgh-and-selkirk/michael-moore
Michael Penning;dgucontext=http://reference.data.gov.uk/id/mp/hemel-hempstead/michael-penning
Michael Weatherley;dgucontext=http://reference.data.gov.uk/id/mp/hove/michael-weatherley
Michael Weir;dgucontext=http://reference.data.gov.uk/id/mp/angus/michael-weir
Mike Freer;dgucontext=http://reference.data.gov.uk/id/mp/finchley-and-golders-green/mike-freer
Mike Gapes;dgucontext=http://reference.data.gov.uk/id/mp/ilford-south/mike-gapes
Mike Hancock;dgucontext=http://reference.data.gov.uk/id/mp/portsmouth-south/mike-hancock
Mike Wood;dgucontext=http://reference.data.gov.uk/id/mp/batley-and-spen/mike-wood
Nadhim Zahawi;dgucontext=http://reference.data.gov.uk/id/mp/stratford-on-avon/nadhim-zahawi
Nadine Dorries;dgucontext=http://reference.data.gov.uk/id/mp/mid-bedfordshire/nadine-dorries
Naomi Long;dgucontext=http://reference.data.gov.uk/id/mp/belfast-east/naomi-long
Natascha Engel;dgucontext=http://reference.data.gov.uk/id/mp/north-east-derbyshire/natascha-engel
Neil Carmichael;dgucontext=http://reference.data.gov.uk/id/mp/stroud/neil-carmichael
Neil Parish;dgucontext=http://reference.data.gov.uk/id/mp/tiverton-and-honiton/neil-parish
Nia Griffith;dgucontext=http://reference.data.gov.uk/id/mp/llanelli/nia-griffith
Nicholas Boles;dgucontext=http://reference.data.gov.uk/id/mp/grantham-and-stamford/nicholas-boles
Nicholas Clegg;dgucontext=http://reference.data.gov.uk/id/mp/sheffield-hallam/nicholas-clegg
Nicholas Dakin;dgucontext=http://reference.data.gov.uk/id/mp/scunthorpe/nicholas-dakin
Nicholas Soames;dgucontext=http://reference.data.gov.uk/id/mp/mid-sussex/nicholas-soames
Nick Brown;dgucontext=http://reference.data.gov.uk/id/mp/newcastle-upon-tyne-east/nick-brown
Nick Clegg;dgucontext=http://reference.data.gov.uk/id/mp/sheffield-hallam/nick-clegg
Nick Gibb;dgucontext=http://reference.data.gov.uk/id/mp/bognor-regis-and-littlehampton/nick-gibb
Nick Harvey;dgucontext=http://reference.data.gov.uk/id/mp/north-devon/nick-harvey
Nick Herbert;dgucontext=http://reference.data.gov.uk/id/mp/arundel-and-south-downs/nick-herbert
Nick Hurd;dgucontext=http://reference.data.gov.uk/id/mp/ruislip-northwood-and-pinner/nick-hurd
Nick Raynsford;dgucontext=http://reference.data.gov.uk/id/mp/greenwich-and-woolwich/nick-raynsford
Nick Smith;dgucontext=http://reference.data.gov.uk/id/mp/blaenau-gwent/nick-smith
Nick de Bois;dgucontext=http://reference.data.gov.uk/id/mp/enfield-north/nick-de-bois
Nicky Morgan;dgucontext=http://reference.data.gov.uk/id/mp/loughborough/nicky-morgan
Nicola Blackwood;dgucontext=http://reference.data.gov.uk/id/mp/oxford-west-and-abingdon/nicola-blackwood
Nigel Adams;dgucontext=http://reference.data.gov.uk/id/mp/selby-and-ainsty/nigel-adams
Nigel Dodds;dgucontext=http://reference.data.gov.uk/id/mp/belfast-north/nigel-dodds
Nigel Evans;dgucontext=http://reference.data.gov.uk/id/mp/ribble-valley/nigel-evans
Nigel Mills;dgucontext=http://reference.data.gov.uk/id/mp/amber-valley/nigel-mills
Norman Baker;dgucontext=http://reference.data.gov.uk/id/mp/lewes/norman-baker
Norman Lamb;dgucontext=http://reference.data.gov.uk/id/mp/north-norfolk/norman-lamb
Oliver Colvile;dgucontext=http://reference.data.gov.uk/id/mp/plymouth-sutton-and-devonport/oliver-colvile
Oliver Heald;dgucontext=http://reference.data.gov.uk/id/mp/north-east-hertfordshire/oliver-heald
Oliver Letwin;dgucontext=http://reference.data.gov.uk/id/mp/west-dorset/oliver-letwin
Owen Paterson;dgucontext=http://reference.data.gov.uk/id/mp/north-shropshire/owen-paterson
Owen Smith;dgucontext=http://reference.data.gov.uk/id/mp/pontypridd/owen-smith
Pamela Nash;dgucontext=http://reference.data.gov.uk/id/mp/airdrie-and-shotts/pamela-nash
Pat Doherty;dgucontext=http://reference.data.gov.uk/id/mp/west-tyrone/pat-doherty
Pat Glass;dgucontext=http://reference.data.gov.uk/id/mp/north-west-durham/pat-glass
Pat McFadden;dgucontext=http://reference.data.gov.uk/id/mp/wolverhampton-south-east/pat-mcfadden
Patrick McLoughlin;dgucontext=http://reference.data.gov.uk/id/mp/derbyshire-dales/patrick-mcloughlin
Patrick Mercer;dgucontext=http://reference.data.gov.uk/id/mp/newark/patrick-mercer
Paul Beresford;dgucontext=http://reference.data.gov.uk/id/mp/mole-valley/paul-beresford
Paul Blomfield;dgucontext=http://reference.data.gov.uk/id/mp/sheffield-central/paul-blomfield
Paul Burstow;dgucontext=http://reference.data.gov.uk/id/mp/sutton-and-cheam/paul-burstow
Paul Farrelly;dgucontext=http://reference.data.gov.uk/id/mp/newcastle-under-lyme/paul-farrelly
Paul Flynn;dgucontext=http://reference.data.gov.uk/id/mp/newport-west/paul-flynn
Paul Goggins;dgucontext=http://reference.data.gov.uk/id/mp/wythenshawe-and-sale-east/paul-goggins
Paul Maynard;dgucontext=http://reference.data.gov.uk/id/mp/blackpool-north-and-cleveleys/paul-maynard
Paul Murphy;dgucontext=http://reference.data.gov.uk/id/mp/torfaen/paul-murphy
Paul Uppal;dgucontext=http://reference.data.gov.uk/id/mp/wolverhampton-south-west/paul-uppal
Pauline Latham;dgucontext=http://reference.data.gov.uk/id/mp/mid-derbyshire/pauline-latham
Penny Mordaunt;dgucontext=http://reference.data.gov.uk/id/mp/portsmouth-north/penny-mordaunt
Pete Wishart;dgucontext=http://reference.data.gov.uk/id/mp/perth-and-north-perthshire/pete-wishart
Peter Aldous;dgucontext=http://reference.data.gov.uk/id/mp/waveney/peter-aldous
Peter Bone;dgucontext=http://reference.data.gov.uk/id/mp/wellingborough/peter-bone
Peter Bottomley;dgucontext=http://reference.data.gov.uk/id/mp/worthing-west/peter-bottomley
Peter Hain;dgucontext=http://reference.data.gov.uk/id/mp/neath/peter-hain
Peter Lilley;dgucontext=http://reference.data.gov.uk/id/mp/hitchin-and-harpenden/peter-lilley
Peter Luff;dgucontext=http://reference.data.gov.uk/id/mp/mid-worcestershire/peter-luff
Peter Soulsby;dgucontext=http://reference.data.gov.uk/id/mp/leicester-south/peter-soulsby
Peter Tapsell;dgucontext=http://reference.data.gov.uk/id/mp/louth-and-horncastle/peter-tapsell
Phil Wilson;dgucontext=http://reference.data.gov.uk/id/mp/sedgefield/phil-wilson
Phil Woolas;dgucontext=http://reference.data.gov.uk/id/mp/oldham-east-and-saddleworth/phil-woolas
Philip Davies;dgucontext=http://reference.data.gov.uk/id/mp/shipley/philip-davies
Philip Dunne;dgucontext=http://reference.data.gov.uk/id/mp/ludlow/philip-dunne
Philip Hammond;dgucontext=http://reference.data.gov.uk/id/mp/runnymede-and-weybridge/philip-hammond
Philip Hollobone;dgucontext=http://reference.data.gov.uk/id/mp/kettering/philip-hollobone
Phillip Lee;dgucontext=http://reference.data.gov.uk/id/mp/bracknell/phillip-lee
Priti Patel;dgucontext=http://reference.data.gov.uk/id/mp/witham/priti-patel
Rachel Reeves;dgucontext=http://reference.data.gov.uk/id/mp/leeds-west/rachel-reeves
Rebecca Harris;dgucontext=http://reference.data.gov.uk/id/mp/castle-point/rebecca-harris
Rehman Chishti;dgucontext=http://reference.data.gov.uk/id/mp/gillingham-and-rainham/rehman-chishti
Richard Bacon;dgucontext=http://reference.data.gov.uk/id/mp/south-norfolk/richard-bacon
Richard Benyon;dgucontext=http://reference.data.gov.uk/id/mp/newbury/richard-benyon
Richard Burden;dgucontext=http://reference.data.gov.uk/id/mp/birmingham-northfield/richard-burden
Richard Drax;dgucontext=http://reference.data.gov.uk/id/mp/south-dorset/richard-drax
Richard Fuller;dgucontext=http://reference.data.gov.uk/id/mp/bedford/richard-fuller
Richard Graham;dgucontext=http://reference.data.gov.uk/id/mp/gloucester/richard-graham
Richard Harrington;dgucontext=http://reference.data.gov.uk/id/mp/watford/richard-harrington
Richard Ottaway;dgucontext=http://reference.data.gov.uk/id/mp/croydon-south/richard-ottaway
Richard Shepherd;dgucontext=http://reference.data.gov.uk/id/mp/aldridge-brownhills/richard-shepherd
Rob Wilson;dgucontext=http://reference.data.gov.uk/id/mp/reading-east/rob-wilson
Robert Buckland;dgucontext=http://reference.data.gov.uk/id/mp/south-swindon/robert-buckland
Robert Flello;dgucontext=http://reference.data.gov.uk/id/mp/stoke-on-trent-south/robert-flello
Robert Goodwill;dgucontext=http://reference.data.gov.uk/id/mp/scarborough-and-whitby/robert-goodwill
Robert Halfon;dgucontext=http://reference.data.gov.uk/id/mp/harlow/robert-halfon
Robert Smith;dgucontext=http://reference.data.gov.uk/id/mp/west-aberdeenshire-and-kincardine/robert-smith
Robert Syms;dgucontext=http://reference.data.gov.uk/id/mp/poole/robert-syms
Robert Walter;dgucontext=http://reference.data.gov.uk/id/mp/north-dorset/robert-walter
Roberta Blackman-Woods;dgucontext=http://reference.data.gov.uk/id/mp/city-of-durham/roberta-blackman-woods
Robin Walker;dgucontext=http://reference.data.gov.uk/id/mp/worcester/robin-walker
Roger Gale;dgucontext=http://reference.data.gov.uk/id/mp/north-thanet/roger-gale
Roger Godsiff;dgucontext=http://reference.data.gov.uk/id/mp/birmingham-hall-green/roger-godsiff
Roger Williams;dgucontext=http://reference.data.gov.uk/id/mp/brecon-and-radnorshire/roger-williams
Ronnie Campbell;dgucontext=http://reference.data.gov.uk/id/mp/blyth-valley/ronnie-campbell
Rory Stewart;dgucontext=http://reference.data.gov.uk/id/mp/penrith-and-the-border/rory-stewart
Rosie Cooper;dgucontext=http://reference.data.gov.uk/id/mp/west-lancashire/rosie-cooper
Rosie Winterton;dgucontext=http://reference.data.gov.uk/id/mp/doncaster-central/rosie-winterton
Rushanara Ali;dgucontext=http://reference.data.gov.uk/id/mp/bethnal-green-and-bow/rushanara-ali
Russell Brown;dgucontext=http://reference.data.gov.uk/id/mp/dumfries-and-galloway/russell-brown
Sadiq Khan;dgucontext=http://reference.data.gov.uk/id/mp/tooting/sadiq-khan
Sajid Javid;dgucontext=http://reference.data.gov.uk/id/mp/bromsgrove/sajid-javid
Sam Gyimah;dgucontext=http://reference.data.gov.uk/id/mp/east-surrey/sam-gyimah
Sammy Wilson;dgucontext=http://reference.data.gov.uk/id/mp/east-antrim/sammy-wilson
Sandra Osborne;dgucontext=http://reference.data.gov.uk/id/mp/ayr-carrick-and-cumnock/sandra-osborne
Sarah Newton;dgucontext=http://reference.data.gov.uk/id/mp/truro-and-falmouth/sarah-newton
Sarah Teather;dgucontext=http://reference.data.gov.uk/id/mp/brent-central/sarah-teather
Sarah Wollaston;dgucontext=http://reference.data.gov.uk/id/mp/totnes/sarah-wollaston
Scottish National Party;dgucontext=http://openelectiondata.org/id/parties/28
Shabana Mahmood;dgucontext=http://reference.data.gov.uk/id/mp/birmingham-ladywood/shabana-mahmood
Shailesh Vara;dgucontext=http://reference.data.gov.uk/id/mp/north-west-cambridgeshire/shailesh-vara
Sharon Hodgson;dgucontext=http://reference.data.gov.uk/id/mp/washington-and-sunderland-west/sharon-hodgson
Shaun Woodward;dgucontext=http://reference.data.gov.uk/id/mp/st-helens-south-and-whiston/shaun-woodward
Sheila Gilmore;dgucontext=http://reference.data.gov.uk/id/mp/edinburgh-east/sheila-gilmore
Sheryll Murray;dgucontext=http://reference.data.gov.uk/id/mp/south-east-cornwall/sheryll-murray
Simon Burns;dgucontext=http://reference.data.gov.uk/id/mp/chelmsford/simon-burns
Simon Danczuk;dgucontext=http://reference.data.gov.uk/id/mp/rochdale/simon-danczuk
Simon Hart;dgucontext=http://reference.data.gov.uk/id/mp/carmarthen-west-and-south-pembrokeshire/simon-hart
Simon Hughes;dgucontext=http://reference.data.gov.uk/id/mp/bermondsey-and-old-southwark/simon-hughes
Simon Kirby;dgucontext=http://reference.data.gov.uk/id/mp/brighton-kemptown/simon-kirby
Simon Reevell;dgucontext=http://reference.data.gov.uk/id/mp/dewsbury/simon-reevell
Simon Wright;dgucontext=http://reference.data.gov.uk/id/mp/norwich-south/simon-wright
Siobhain McDonagh;dgucontext=http://reference.data.gov.uk/id/mp/mitcham-and-morden/siobhain-mcdonagh
Sin James;dgucontext=http://reference.data.gov.uk/id/mp/swansea-east/sin-james
Social Democratic and Labour Party;dgucontext=http://openelectiondata.org/id/parties/315
Stella Creasy;dgucontext=http://reference.data.gov.uk/id/mp/walthamstow/stella-creasy
Stephen Barclay;dgucontext=http://reference.data.gov.uk/id/mp/north-east-cambridgeshire/stephen-barclay
Stephen Crabb;dgucontext=http://reference.data.gov.uk/id/mp/preseli-pembrokeshire/stephen-crabb
Stephen Dorrell;dgucontext=http://reference.data.gov.uk/id/mp/charnwood/stephen-dorrell
Stephen Gilbert;dgucontext=http://reference.data.gov.uk/id/mp/st-austell-and-newquay/stephen-gilbert
Stephen Hammond;dgucontext=http://reference.data.gov.uk/id/mp/wimbledon/stephen-hammond
Stephen Hepburn;dgucontext=http://reference.data.gov.uk/id/mp/jarrow/stephen-hepburn
Stephen Lloyd;dgucontext=http://reference.data.gov.uk/id/mp/eastbourne/stephen-lloyd
Stephen McCabe;dgucontext=http://reference.data.gov.uk/id/mp/birmingham-selly-oak/stephen-mccabe
Stephen McPartland;dgucontext=http://reference.data.gov.uk/id/mp/stevenage/stephen-mcpartland
Stephen Metcalfe;dgucontext=http://reference.data.gov.uk/id/mp/south-basildon-and-east-thurrock/stephen-metcalfe
Stephen Mosley;dgucontext=http://reference.data.gov.uk/id/mp/city-of-chester/stephen-mosley
Stephen O'Brien;dgucontext=http://reference.data.gov.uk/id/mp/eddisbury/stephen-o'brien
Stephen Phillips;dgucontext=http://reference.data.gov.uk/id/mp/sleaford-and-north-hykeham/stephen-phillips
Stephen Pound;dgucontext=http://reference.data.gov.uk/id/mp/ealing-north/stephen-pound
Stephen Timms;dgucontext=http://reference.data.gov.uk/id/mp/east-ham/stephen-timms
Stephen Twigg;dgucontext=http://reference.data.gov.uk/id/mp/liverpool-west-derby/stephen-twigg
Stephen Williams;dgucontext=http://reference.data.gov.uk/id/mp/bristol-west/stephen-williams
Steve Brine;dgucontext=http://reference.data.gov.uk/id/mp/winchester/steve-brine
Steve Rotheram;dgucontext=http://reference.data.gov.uk/id/mp/liverpool-walton/steve-rotheram
Steve Webb;dgucontext=http://reference.data.gov.uk/id/mp/thornbury-and-yate/steve-webb
Steven Baker;dgucontext=http://reference.data.gov.uk/id/mp/wycombe/steven-baker
Stewart Hosie;dgucontext=http://reference.data.gov.uk/id/mp/dundee-east/stewart-hosie
Stewart Jackson;dgucontext=http://reference.data.gov.uk/id/mp/peterborough/stewart-jackson
Stuart Andrew;dgucontext=http://reference.data.gov.uk/id/mp/pudsey/stuart-andrew
Stuart Bell;dgucontext=http://reference.data.gov.uk/id/mp/middlesbrough/stuart-bell
Susan Elan Jones;dgucontext=http://reference.data.gov.uk/id/mp/clwyd-south/susan-elan-jones
Teresa Pearce;dgucontext=http://reference.data.gov.uk/id/mp/erith-and-thamesmead/teresa-pearce
Tessa Jowell;dgucontext=http://reference.data.gov.uk/id/mp/dulwich-and-west-norwood/tessa-jowell
Tessa Munt;dgucontext=http://reference.data.gov.uk/id/mp/wells/tessa-munt
Theresa May;dgucontext=http://reference.data.gov.uk/id/mp/maidenhead/theresa-may
Theresa Villiers;dgucontext=http://reference.data.gov.uk/id/mp/chipping-barnet/theresa-villiers
Therese Coffey;dgucontext=http://reference.data.gov.uk/id/mp/suffolk-coastal/therese-coffey
Thomas Docherty;dgucontext=http://reference.data.gov.uk/id/mp/dunfermline-and-west-fife/thomas-docherty
Tim Farron;dgucontext=http://reference.data.gov.uk/id/mp/westmorland-and-lonsdale/tim-farron
Tim Loughton;dgucontext=http://reference.data.gov.uk/id/mp/east-worthing-and-shoreham/tim-loughton
Tim Yeo;dgucontext=http://reference.data.gov.uk/id/mp/south-suffolk/tim-yeo
Tobias Ellwood;dgucontext=http://reference.data.gov.uk/id/mp/bournemouth-east/tobias-ellwood
Toby Perkins;dgucontext=http://reference.data.gov.uk/id/mp/chesterfield/toby-perkins
Tom Blenkinsop;dgucontext=http://reference.data.gov.uk/id/mp/middlesbrough-south-and-east-cleveland/tom-blenkinsop
Tom Brake;dgucontext=http://reference.data.gov.uk/id/mp/carshalton-and-wallington/tom-brake
Tom Clarke;dgucontext=http://reference.data.gov.uk/id/mp/coatbridge-chryston-and-bellshill/tom-clarke
Tom Greatrex;dgucontext=http://reference.data.gov.uk/id/mp/rutherglen-and-hamilton-west/tom-greatrex
Tom Harris;dgucontext=http://reference.data.gov.uk/id/mp/glasgow-south/tom-harris
Tom Watson;dgucontext=http://reference.data.gov.uk/id/mp/west-bromwich-east/tom-watson
Tony Baldry;dgucontext=http://reference.data.gov.uk/id/mp/banbury/tony-baldry
Tony Cunningham;dgucontext=http://reference.data.gov.uk/id/mp/workington/tony-cunningham
Tony Lloyd;dgucontext=http://reference.data.gov.uk/id/mp/manchester-central/tony-lloyd
Tracey Crouch;dgucontext=http://reference.data.gov.uk/id/mp/chatham-and-aylesford/tracey-crouch
Tristram Hunt;dgucontext=http://reference.data.gov.uk/id/mp/stoke-on-trent-central/tristram-hunt
Valerie Vaz;dgucontext=http://reference.data.gov.uk/id/mp/walsall-south/valerie-vaz
Vernon Coaker;dgucontext=http://reference.data.gov.uk/id/mp/gedling/vernon-coaker
Vincent Cable;dgucontext=http://reference.data.gov.uk/id/mp/twickenham/vincent-cable
Virendra Sharma;dgucontext=http://reference.data.gov.uk/id/mp/ealing-southall/virendra-sharma
Wayne David;dgucontext=http://reference.data.gov.uk/id/mp/caerphilly/wayne-david
William Bain;dgucontext=http://reference.data.gov.uk/id/mp/glasgow-north-east/william-bain
William Cash;dgucontext=http://reference.data.gov.uk/id/mp/stone/william-cash
William Hague;dgucontext=http://reference.data.gov.uk/id/mp/richmond-(yorks)/william-hague
William McCrea;dgucontext=http://reference.data.gov.uk/id/mp/south-antrim/william-mccrea
Yasmin Qureshi;dgucontext=http://reference.data.gov.uk/id/mp/bolton-south-east/yasmin-qureshi
Yvette Cooper;dgucontext=http://reference.data.gov.uk/id/mp/normanton-pontefract-and-castleford/yvette-cooper
Yvonne Fovargue;dgucontext=http://reference.data.gov.uk/id/mp/makerfield/yvonne-fovargue
Zac Goldsmith;dgucontext=http://reference.data.gov.uk/id/mp/richmond-park/zac-goldsmith
