Abbey
Acre
Alt
Anthony
Ash
Ball
Bank
Banks
Barley
Barry
Battle
Bay
Beer
Booze
Border
Box
Bride
Britannia
British
Broadway
Brooke
Burn
Camb
Cameron
Camp
Catch
Central
Charles
Chemistry
Church
City
Clare
Corrie
Cross
Crown
Cwm
Dale
Deal
Dean
Digg
Downhill
EastEnd
Eye
Field
Flash
Ford
Friendly
Frost
Gordon
Grade
Grain
Green
Guide
Hammer
Hannah
Hay
High Street
Highway
Hill
Hole
Hope
How
Hyde
Java
Jump
Keith
Kelly
Law
Lee
Lent
Leslie
Letters
Link
Loans
Locking
Login
Loose
Lover
Mail
Mark
Mead
Moat
More
Mount
Mountain
Mr
Mrs
Old
Over
Pan
Park
Parkway
Paul
Peel
Pill
Pound
Press
Quick
Raise
Ram
Read
Retire
Rise
River
Rock
Row
Royal Oak
Sale
Sand
Sandy
Sea
Seal
Sector
Send
Shelf
Shell
Shop
Soar
St Peter's
Star
Start
Steel
Stock
Stone
Street
Summit
Swine
The Bank
The Green
The Harbour
The High
The North
The Town
Tongue
Trevor
Turn
Twenty
Van
Victoria
Vogue
Wall
Walker
Water
Way
Week
Weir
Well
West End
Whitehall
Wing
Wood
Woods
Wool