Afghanistan;oldcontext=http://www.geonames.org/countries/#AF;context=http://sws.geonames.org/1149361/
Aland Islands;oldcontext=http://www.geonames.org/countries/#AX;context=http://sws.geonames.org/661882/
Albania;oldcontext=http://www.geonames.org/countries/#AL;context=http://sws.geonames.org/783754/
Algeria;oldcontext=http://www.geonames.org/countries/#DZ;context=http://sws.geonames.org/2589581/
America;oldcontext=http://www.geonames.org/countries/#US;context=http://sws.geonames.org/6252001/
American Samoa;oldcontext=http://www.geonames.org/countries/#AS;context=http://sws.geonames.org/5880801/
Andorra;oldcontext=http://www.geonames.org/countries/#AD;context=http://sws.geonames.org/3041565/
Angola;oldcontext=http://www.geonames.org/countries/#AO;context=http://sws.geonames.org/3351879/
Anguilla;oldcontext=http://www.geonames.org/countries/#AI;context=http://sws.geonames.org/3573511/
Antarctica;oldcontext=http://www.geonames.org/countries/#AQ;context=http://sws.geonames.org/6697173/
Antigua and Barbuda;oldcontext=http://www.geonames.org/countries/#AG;context=http://sws.geonames.org/3576396/
Argentina;oldcontext=http://www.geonames.org/countries/#AR;context=http://sws.geonames.org/3865483/
Armenia;oldcontext=http://www.geonames.org/countries/#AM;context=http://sws.geonames.org/174982/
Aruba;oldcontext=http://www.geonames.org/countries/#AW;context=http://sws.geonames.org/3577279/
Australia;oldcontext=http://www.geonames.org/countries/#AU;context=http://sws.geonames.org/2077456/
Austria;oldcontext=http://www.geonames.org/countries/#AT;context=http://sws.geonames.org/2782113/
Azerbaijan;oldcontext=http://www.geonames.org/countries/#AZ;context=http://sws.geonames.org/587116/
Bahamas;oldcontext=http://www.geonames.org/countries/#BS;context=http://sws.geonames.org/3572887/
Bahrain;oldcontext=http://www.geonames.org/countries/#BH;context=http://sws.geonames.org/290291/
Bangladesh;oldcontext=http://www.geonames.org/countries/#BD;context=http://sws.geonames.org/1210997/
Barbados;oldcontext=http://www.geonames.org/countries/#BB;context=http://sws.geonames.org/3374084/
Belarus;oldcontext=http://www.geonames.org/countries/#BY;context=http://sws.geonames.org/630336/
Belgium;oldcontext=http://www.geonames.org/countries/#BE;context=http://sws.geonames.org/2802361/
Belize;oldcontext=http://www.geonames.org/countries/#BZ;context=http://sws.geonames.org/3582678/
Benin;oldcontext=http://www.geonames.org/countries/#BJ;context=http://sws.geonames.org/2395170/
Bermuda;oldcontext=http://www.geonames.org/countries/#BM;context=http://sws.geonames.org/3573345/
Bhutan;oldcontext=http://www.geonames.org/countries/#BT;context=http://sws.geonames.org/1252634/
Bolivia;oldcontext=http://www.geonames.org/countries/#BO;context=http://sws.geonames.org/3923057/
Bosnia;oldcontext=http://www.geonames.org/countries/#BA;context=http://sws.geonames.org/3277605/
Bosnia and Herzegovina;oldcontext=http://www.geonames.org/countries/#BA;context=http://sws.geonames.org/3277605/
Botswana;oldcontext=http://www.geonames.org/countries/#BW;context=http://sws.geonames.org/933860/
Bouvet Island;oldcontext=http://www.geonames.org/countries/#BV;context=http://sws.geonames.org/3371123/
Brazil;oldcontext=http://www.geonames.org/countries/#BR;context=http://sws.geonames.org/3469034/
Britain;oldcontext=http://www.geonames.org/countries/#GB;context=http://sws.geonames.org/2635167/
British Indian Ocean Territory;oldcontext=http://www.geonames.org/countries/#IO;context=http://sws.geonames.org/1282588/
British Virgin Islands;oldcontext=http://www.geonames.org/countries/#VG;context=http://sws.geonames.org/3577718/
Brunei;oldcontext=http://www.geonames.org/countries/#BN;context=http://sws.geonames.org/1820814/
Bulgaria;oldcontext=http://www.geonames.org/countries/#BG;context=http://sws.geonames.org/732800/
Burkina Faso;oldcontext=http://www.geonames.org/countries/#BF;context=http://sws.geonames.org/2361809/
Burundi;oldcontext=http://www.geonames.org/countries/#BI;context=http://sws.geonames.org/433561/
Cambodia;oldcontext=http://www.geonames.org/countries/#KH;context=http://sws.geonames.org/1831722/
Cameroon;oldcontext=http://www.geonames.org/countries/#CM;context=http://sws.geonames.org/2233387/
Canada;oldcontext=http://www.geonames.org/countries/#CA;context=http://sws.geonames.org/6251999/
Cape Verde;oldcontext=http://www.geonames.org/countries/#CV;context=http://sws.geonames.org/3374766/
Cayman Islands;oldcontext=http://www.geonames.org/countries/#KY;context=http://sws.geonames.org/3580718/
Central African Republic;oldcontext=http://www.geonames.org/countries/#CF;context=http://sws.geonames.org/239880/
Chad;oldcontext=http://www.geonames.org/countries/#TD;context=http://sws.geonames.org/2434508/
Chile;oldcontext=http://www.geonames.org/countries/#CL;context=http://sws.geonames.org/3895114/
China;oldcontext=http://www.geonames.org/countries/#CN;context=http://sws.geonames.org/1814991/
Christmas Island;oldcontext=http://www.geonames.org/countries/#CX;context=http://sws.geonames.org/2078138/
Cocos Islands;oldcontext=http://www.geonames.org/countries/#CC;context=http://sws.geonames.org/1547376/
Colombia;oldcontext=http://www.geonames.org/countries/#CO;context=http://sws.geonames.org/3686110/
Comoros;oldcontext=http://www.geonames.org/countries/#KM;context=http://sws.geonames.org/921929/
Congo;oldcontext=http://www.geonames.org/countries/#CG;context=http://sws.geonames.org/2260494/
Cook Islands;oldcontext=http://www.geonames.org/countries/#CK;context=http://sws.geonames.org/1899402/
Costa Rica;oldcontext=http://www.geonames.org/countries/#CR;context=http://sws.geonames.org/3624060/
Croatia;oldcontext=http://www.geonames.org/countries/#HR;context=http://sws.geonames.org/3202326/
Cuba;oldcontext=http://www.geonames.org/countries/#CU;context=http://sws.geonames.org/3562981/
Cyprus;oldcontext=http://www.geonames.org/countries/#CY;context=http://sws.geonames.org/146669/
Czech Republic;oldcontext=http://www.geonames.org/countries/#CZ;context=http://sws.geonames.org/3077311/
Democratic Republic of Congo;oldcontext=http://www.geonames.org/countries/#CD;context=http://sws.geonames.org/203312/
Denmark;oldcontext=http://www.geonames.org/countries/#DK;context=http://sws.geonames.org/2623032/
Djibouti;oldcontext=http://www.geonames.org/countries/#DJ;context=http://sws.geonames.org/223816/
Dominica;oldcontext=http://www.geonames.org/countries/#DM;context=http://sws.geonames.org/3575830/
Dominican Republic;oldcontext=http://www.geonames.org/countries/#DO;context=http://sws.geonames.org/3508796/
East Timor;oldcontext=http://www.geonames.org/countries/#TL;context=http://sws.geonames.org/1966436/
Ecuador;oldcontext=http://www.geonames.org/countries/#EC;context=http://sws.geonames.org/3658394/
Egypt;oldcontext=http://www.geonames.org/countries/#EG;context=http://sws.geonames.org/357994/
El Salvador;oldcontext=http://www.geonames.org/countries/#SV;context=http://sws.geonames.org/3585968/
England;oldcontext=http://statistics.data.gov.uk/id/country/921;context=http://sws.geonames.org/6269131/
Equatorial Guinea;oldcontext=http://www.geonames.org/countries/#GQ;context=http://sws.geonames.org/2309096/
Eritrea;oldcontext=http://www.geonames.org/countries/#ER;context=http://sws.geonames.org/338010/
Estonia;oldcontext=http://www.geonames.org/countries/#EE;context=http://sws.geonames.org/453733/
Ethiopia;oldcontext=http://www.geonames.org/countries/#ET;context=http://sws.geonames.org/337996/
Falkland Islands;oldcontext=http://www.geonames.org/countries/#FK;context=http://sws.geonames.org/3474414/
Faroe Islands;oldcontext=http://www.geonames.org/countries/#FO;context=http://sws.geonames.org/2622320/
Fiji;oldcontext=http://www.geonames.org/countries/#FJ;context=http://sws.geonames.org/2205218/
Finland;oldcontext=http://www.geonames.org/countries/#FI;context=http://sws.geonames.org/660013/
France;oldcontext=http://www.geonames.org/countries/#FR;context=http://sws.geonames.org/3017382/
French Guiana;oldcontext=http://www.geonames.org/countries/#GF;context=http://sws.geonames.org/3381670/
French Polynesia;oldcontext=http://www.geonames.org/countries/#PF;context=http://sws.geonames.org/4030656/
French Southern Territories;oldcontext=http://www.geonames.org/countries/#TF;context=http://sws.geonames.org/1546748/
Gabon;oldcontext=http://www.geonames.org/countries/#GA;context=http://sws.geonames.org/2400553/
Gambia;oldcontext=http://www.geonames.org/countries/#GM;context=http://sws.geonames.org/2413451/
Georgia;oldcontext=http://www.geonames.org/countries/#GE;context=http://sws.geonames.org/614540/
Germany;oldcontext=http://www.geonames.org/countries/#DE;context=http://sws.geonames.org/2921044/
Ghana;oldcontext=http://www.geonames.org/countries/#GH;context=http://sws.geonames.org/2300660/
Gibraltar;oldcontext=http://www.geonames.org/countries/#GI;context=http://sws.geonames.org/2411586/
Great Britain;oldcontext=http://www.geonames.org/countries/#GB;context=http://sws.geonames.org/2635167/
Greece;oldcontext=http://www.geonames.org/countries/#GR;context=http://sws.geonames.org/390903/
Greenland;oldcontext=http://www.geonames.org/countries/#GL;context=http://sws.geonames.org/3425505/
Grenada;oldcontext=http://www.geonames.org/countries/#GD;context=http://sws.geonames.org/3580239/
Guadeloupe;oldcontext=http://www.geonames.org/countries/#GP;context=http://sws.geonames.org/3579143/
Guam;oldcontext=http://www.geonames.org/countries/#GU;context=http://sws.geonames.org/4043988/
Guatemala;oldcontext=http://www.geonames.org/countries/#GT;context=http://sws.geonames.org/3595528/
Guernsey;oldcontext=http://www.geonames.org/countries/#GG;context=http://sws.geonames.org/3042362/
Guinea-Bissau;oldcontext=http://www.geonames.org/countries/#GW;context=http://sws.geonames.org/2372248/
Guinea;oldcontext=http://www.geonames.org/countries/#GN;context=http://sws.geonames.org/2420477/
Guyana;oldcontext=http://www.geonames.org/countries/#GY;context=http://sws.geonames.org/3378535/
Haiti;oldcontext=http://www.geonames.org/countries/#HT;context=http://sws.geonames.org/3723988/
Heard Island and McDonald Islands;oldcontext=http://www.geonames.org/countries/#HM;context=http://sws.geonames.org/1547314/
Holland;oldcontext=http://www.geonames.org/countries/#NL;context=http://sws.geonames.org/2750405/
Honduras;oldcontext=http://www.geonames.org/countries/#HN;context=http://sws.geonames.org/3608932/
Hungary;oldcontext=http://www.geonames.org/countries/#HU;context=http://sws.geonames.org/719819/
Iceland;oldcontext=http://www.geonames.org/countries/#IS;context=http://sws.geonames.org/2629691/
India;oldcontext=http://www.geonames.org/countries/#IN;context=http://sws.geonames.org/1269750/
Indonesia;oldcontext=http://www.geonames.org/countries/#ID;context=http://sws.geonames.org/1643084/
Iran;oldcontext=http://www.geonames.org/countries/#IR;context=http://sws.geonames.org/130758/
Iraq;oldcontext=http://www.geonames.org/countries/#IQ;context=http://sws.geonames.org/99237/
Ireland;oldcontext=http://www.geonames.org/countries/#IE;context=http://sws.geonames.org/2963597/
Rep. Of Ireland;oldcontext=http://www.geonames.org/countries/#IE;context=http://sws.geonames.org/2963597/
Isle of Man;oldcontext=http://www.geonames.org/countries/#IM;context=http://sws.geonames.org/3042225/
Israel;oldcontext=http://www.geonames.org/countries/#IL;context=http://sws.geonames.org/294640/
Italy;oldcontext=http://www.geonames.org/countries/#IT;context=http://sws.geonames.org/3175395/
Ivory Coast;oldcontext=http://www.geonames.org/countries/#CI;context=http://sws.geonames.org/2287781/
Jamaica;oldcontext=http://www.geonames.org/countries/#JM;context=http://sws.geonames.org/3489940/
Japan;oldcontext=http://www.geonames.org/countries/#JP;context=http://sws.geonames.org/1861060/
Jersey;oldcontext=http://www.geonames.org/countries/#JE;context=http://sws.geonames.org/3042142/
Jordan;oldcontext=http://www.geonames.org/countries/#JO;context=http://sws.geonames.org/248816/
Kazakhstan;oldcontext=http://www.geonames.org/countries/#KZ;context=http://sws.geonames.org/1522867/
Kenya;oldcontext=http://www.geonames.org/countries/#KE;context=http://sws.geonames.org/192950/
Kiribati;oldcontext=http://www.geonames.org/countries/#KI;context=http://sws.geonames.org/4030945/
Kosovo;oldcontext=http://www.geonames.org/countries/#XK;context=http://sws.geonames.org/831053/
Kuwait;oldcontext=http://www.geonames.org/countries/#KW;context=http://sws.geonames.org/285570/
Kyrgyzstan;oldcontext=http://www.geonames.org/countries/#KG;context=http://sws.geonames.org/1527747/
Laos;oldcontext=http://www.geonames.org/countries/#LA;context=http://sws.geonames.org/1655842/
Latvia;oldcontext=http://www.geonames.org/countries/#LV;context=http://sws.geonames.org/458258/
Lebanon;oldcontext=http://www.geonames.org/countries/#LB;context=http://sws.geonames.org/272103/
Lesotho;oldcontext=http://www.geonames.org/countries/#LS;context=http://sws.geonames.org/932692/
Liberia;oldcontext=http://www.geonames.org/countries/#LR;context=http://sws.geonames.org/2275384/
Libya;oldcontext=http://www.geonames.org/countries/#LY;context=http://sws.geonames.org/2215636/
Liechtenstein;oldcontext=http://www.geonames.org/countries/#LI;context=http://sws.geonames.org/3042058/
Lithuania;oldcontext=http://www.geonames.org/countries/#LT;context=http://sws.geonames.org/597427/
Luxembourg;oldcontext=http://www.geonames.org/countries/#LU;context=http://sws.geonames.org/2960313/
Macao;oldcontext=http://www.geonames.org/countries/#MO;context=http://sws.geonames.org/1821275/
Macedonia;oldcontext=http://www.geonames.org/countries/#MK;context=http://sws.geonames.org/718075/
Madagascar;oldcontext=http://www.geonames.org/countries/#MG;context=http://sws.geonames.org/1062947/
Malawi;oldcontext=http://www.geonames.org/countries/#MW;context=http://sws.geonames.org/927384/
Malaysia;oldcontext=http://www.geonames.org/countries/#MY;context=http://sws.geonames.org/1733045/
Maldives;oldcontext=http://www.geonames.org/countries/#MV;context=http://sws.geonames.org/1282028/
Mali;oldcontext=http://www.geonames.org/countries/#ML;context=http://sws.geonames.org/2453866/
Malta;oldcontext=http://www.geonames.org/countries/#MT;context=http://sws.geonames.org/2562770/
Marshall Islands;oldcontext=http://www.geonames.org/countries/#MH;context=http://sws.geonames.org/2080185/
Martinique;oldcontext=http://www.geonames.org/countries/#MQ;context=http://sws.geonames.org/3570311/
Mauritania;oldcontext=http://www.geonames.org/countries/#MR;context=http://sws.geonames.org/2378080/
Mauritius;oldcontext=http://www.geonames.org/countries/#MU;context=http://sws.geonames.org/934292/
Mayotte;oldcontext=http://www.geonames.org/countries/#YT;context=http://sws.geonames.org/1024031/
Mexico;oldcontext=http://www.geonames.org/countries/#MX;context=http://sws.geonames.org/3996063/
Micronesia;oldcontext=http://www.geonames.org/countries/#FM;context=http://sws.geonames.org/2081918/
Moldova;oldcontext=http://www.geonames.org/countries/#MD;context=http://sws.geonames.org/617790/
Monaco;oldcontext=http://www.geonames.org/countries/#MC;context=http://sws.geonames.org/2993457/
Mongolia;oldcontext=http://www.geonames.org/countries/#MN;context=http://sws.geonames.org/2029969/
Montenegro;oldcontext=http://www.geonames.org/countries/#ME;context=http://sws.geonames.org/3194884/
Montserrat;oldcontext=http://www.geonames.org/countries/#MS;context=http://sws.geonames.org/3578097/
Morocco;oldcontext=http://www.geonames.org/countries/#MA;context=http://sws.geonames.org/2542007/
Mozambique;oldcontext=http://www.geonames.org/countries/#MZ;context=http://sws.geonames.org/1036973/
Myanmar;oldcontext=http://www.geonames.org/countries/#MM;context=http://sws.geonames.org/1327865/
Namibia;oldcontext=http://www.geonames.org/countries/#NA;context=http://sws.geonames.org/3355338/
Nauru;oldcontext=http://www.geonames.org/countries/#NR;context=http://sws.geonames.org/2110425/
Nepal;oldcontext=http://www.geonames.org/countries/#NP;context=http://sws.geonames.org/1282988/
Netherlands Antilles;oldcontext=http://www.geonames.org/countries/#AN;context=http://sws.geonames.org/3513447/
Netherlands;oldcontext=http://www.geonames.org/countries/#NL;context=http://sws.geonames.org/2750405/
New Caledonia;oldcontext=http://www.geonames.org/countries/#NC;context=http://sws.geonames.org/2139685/
New Zealand;oldcontext=http://www.geonames.org/countries/#NZ;context=http://sws.geonames.org/2186224/
Nicaragua;oldcontext=http://www.geonames.org/countries/#NI;context=http://sws.geonames.org/3617476/
Niger;oldcontext=http://www.geonames.org/countries/#NE;context=http://sws.geonames.org/2440476/
Nigeria;oldcontext=http://www.geonames.org/countries/#NG;context=http://sws.geonames.org/2328926/
Niue;oldcontext=http://www.geonames.org/countries/#NU;context=http://sws.geonames.org/4036232/
Norfolk Island;oldcontext=http://www.geonames.org/countries/#NF;context=http://sws.geonames.org/2155115/
North Korea;oldcontext=http://www.geonames.org/countries/#KP;context=http://sws.geonames.org/1873107/
N Korea;oldcontext=http://www.geonames.org/countries/#KP;context=http://sws.geonames.org/1873107/
N. Korea;oldcontext=http://www.geonames.org/countries/#KP;context=http://sws.geonames.org/1873107/
N Ireland;oldcontext=http://statistics.data.gov.uk/id/country/922;context=http://sws.geonames.org/2641364/
N. Ireland;oldcontext=http://statistics.data.gov.uk/id/country/922;context=http://sws.geonames.org/2641364/
Northern Ireland;oldcontext=http://statistics.data.gov.uk/id/country/922;context=http://sws.geonames.org/2641364/
Northern Mariana Islands;oldcontext=http://www.geonames.org/countries/#MP;context=http://sws.geonames.org/4041468/
Northern Marianas;oldcontext=http://www.geonames.org/countries/#MP;context=http://sws.geonames.org/4041468/
Norway;oldcontext=http://www.geonames.org/countries/#NO;context=http://sws.geonames.org/3144096/
Oman;oldcontext=http://www.geonames.org/countries/#OM;context=http://sws.geonames.org/286963/
Pakistan;oldcontext=http://www.geonames.org/countries/#PK;context=http://sws.geonames.org/1168579/
Palau;oldcontext=http://www.geonames.org/countries/#PW;context=http://sws.geonames.org/1559582/
Palestine;oldcontext=http://www.geonames.org/countries/#PS;context=http://sws.geonames.org/6254930/
Palestinian Territory;oldcontext=http://www.geonames.org/countries/#PS;context=http://sws.geonames.org/6254930/
Panama;oldcontext=http://www.geonames.org/countries/#PA;context=http://sws.geonames.org/3703430/
Papua New Guinea;oldcontext=http://www.geonames.org/countries/#PG;context=http://sws.geonames.org/2088628/
Paraguay;oldcontext=http://www.geonames.org/countries/#PY;context=http://sws.geonames.org/3437598/
Peru;oldcontext=http://www.geonames.org/countries/#PE;context=http://sws.geonames.org/3932488/
Philippines;oldcontext=http://www.geonames.org/countries/#PH;context=http://sws.geonames.org/1694008/
Pitcairn;oldcontext=http://www.geonames.org/countries/#PN;context=http://sws.geonames.org/4030699/
Poland;oldcontext=http://www.geonames.org/countries/#PL;context=http://sws.geonames.org/798544/
Portugal;oldcontext=http://www.geonames.org/countries/#PT;context=http://sws.geonames.org/2264397/
Puerto Rico;oldcontext=http://www.geonames.org/countries/#PR;context=http://sws.geonames.org/4566966/
Qatar;oldcontext=http://www.geonames.org/countries/#QA;context=http://sws.geonames.org/289688/
Reunion;oldcontext=http://www.geonames.org/countries/#RE;context=http://sws.geonames.org/935317/
Romania;oldcontext=http://www.geonames.org/countries/#RO;context=http://sws.geonames.org/798549/
Russia;oldcontext=http://www.geonames.org/countries/#RU;context=http://sws.geonames.org/2017370/
Rwanda;oldcontext=http://www.geonames.org/countries/#RW;context=http://sws.geonames.org/49518/
Saint Bartholemy;oldcontext=http://www.geonames.org/countries/#BL;context=http://sws.geonames.org/3578476/
Saint Helena;oldcontext=http://www.geonames.org/countries/#SH;context=http://sws.geonames.org/3370751/
Saint Kitts;oldcontext=http://www.geonames.org/countries/#KN;context=http://sws.geonames.org/3575174/
Saint Kitts and Nevis;oldcontext=http://www.geonames.org/countries/#KN;context=http://sws.geonames.org/3575174/
Saint Lucia;oldcontext=http://www.geonames.org/countries/#LC;context=http://sws.geonames.org/3576468/
Saint Martin;oldcontext=http://www.geonames.org/countries/#MF;context=http://sws.geonames.org/3578421/
Saint Pierre and Miquelon;oldcontext=http://www.geonames.org/countries/#PM;context=http://sws.geonames.org/3424932/
Saint Vincent;oldcontext=http://www.geonames.org/countries/#VC;context=http://sws.geonames.org/3577815/
Saint Vincent and the Grenadines;oldcontext=http://www.geonames.org/countries/#VC;context=http://sws.geonames.org/3577815/
Samoa;oldcontext=http://www.geonames.org/countries/#WS;context=http://sws.geonames.org/4034894/
San Marino;oldcontext=http://www.geonames.org/countries/#SM;context=http://sws.geonames.org/3168068/
Sao Tome and Principe;oldcontext=http://www.geonames.org/countries/#ST;context=http://sws.geonames.org/2410758/
Saudi Arabia;oldcontext=http://www.geonames.org/countries/#SA;context=http://sws.geonames.org/102358/
Scotland;oldcontext=http://statistics.data.gov.uk/id/country/923;context=http://sws.geonames.org/2638360/
Senegal;oldcontext=http://www.geonames.org/countries/#SN;context=http://sws.geonames.org/2245662/
Serbia;oldcontext=http://www.geonames.org/countries/#RS;context=http://sws.geonames.org/6290252/
Seychelles;oldcontext=http://www.geonames.org/countries/#SC;context=http://sws.geonames.org/241170/
Sierra Leone;oldcontext=http://www.geonames.org/countries/#SL;context=http://sws.geonames.org/3057568/
Singapore;oldcontext=http://www.geonames.org/countries/#SG;context=http://sws.geonames.org/1880251/
Slovakia;oldcontext=http://www.geonames.org/countries/#SK;context=http://sws.geonames.org/3057568/
Slovenia;oldcontext=http://www.geonames.org/countries/#SI;context=http://sws.geonames.org/3190538/
Solomon Islands;oldcontext=http://www.geonames.org/countries/#SB;context=http://sws.geonames.org/2103350/
Somalia;oldcontext=http://www.geonames.org/countries/#SO;context=http://sws.geonames.org/51537/
South Africa;oldcontext=http://www.geonames.org/countries/#ZA;context=http://sws.geonames.org/953987/
South Georgia and the South Sandwich Islands;oldcontext=http://www.geonames.org/countries/#GS;context=http://sws.geonames.org/3474415/
South Korea;oldcontext=http://www.geonames.org/countries/#KR;context=http://sws.geonames.org/1835841/
Spain;oldcontext=http://www.geonames.org/countries/#ES;context=http://sws.geonames.org/2510769/
Sri Lanka;oldcontext=http://www.geonames.org/countries/#LK;context=http://sws.geonames.org/1227603/
St Bartholemy;oldcontext=http://www.geonames.org/countries/#BL;context=http://sws.geonames.org/3578476/
St Helena;oldcontext=http://www.geonames.org/countries/#SH;context=http://sws.geonames.org/3370751/
St Kitts and Nevis;oldcontext=http://www.geonames.org/countries/#KN;context=http://sws.geonames.org/3575174/
St Lucia;oldcontext=http://www.geonames.org/countries/#LC;context=http://sws.geonames.org/3576468/
St Martin;oldcontext=http://www.geonames.org/countries/#MF;context=http://sws.geonames.org/3578421/
St Pierre and Miquelon;oldcontext=http://www.geonames.org/countries/#PM;context=http://sws.geonames.org/3424932/
St Vincent and the Grenadines;oldcontext=http://www.geonames.org/countries/#VC;context=http://sws.geonames.org/3577815/
Sudan;oldcontext=http://www.geonames.org/countries/#SD;context=http://sws.geonames.org/366755/
Surinam;oldcontext=http://www.geonames.org/countries/#SR;context=http://sws.geonames.org/3382998/
Svalbard;oldcontext=http://www.geonames.org/countries/#SJ;context=http://sws.geonames.org/607072/
Svalbard and Jan Mayen;oldcontext=http://www.geonames.org/countries/#SJ;context=http://sws.geonames.org/607072/
Swaziland;oldcontext=http://www.geonames.org/countries/#SZ;context=http://sws.geonames.org/934841/
Sweden;oldcontext=http://www.geonames.org/countries/#SE;context=http://sws.geonames.org/2661886/
Switzerland;oldcontext=http://www.geonames.org/countries/#CH;context=http://sws.geonames.org/2658434/
Syria;oldcontext=http://www.geonames.org/countries/#SY;context=http://sws.geonames.org/163843/
Taiwan;oldcontext=http://www.geonames.org/countries/#TW;context=http://sws.geonames.org/1668284/
Tajikistan;oldcontext=http://www.geonames.org/countries/#TJ;context=http://sws.geonames.org/1220409/
Tanzania;oldcontext=http://www.geonames.org/countries/#TZ;context=http://sws.geonames.org/149590/
Thailand;oldcontext=http://www.geonames.org/countries/#TH;context=http://sws.geonames.org/1605651/
The Netherlands;oldcontext=http://www.geonames.org/countries/#NL;context=http://sws.geonames.org/2750405/
Togo;oldcontext=http://www.geonames.org/countries/#TG;context=http://sws.geonames.org/2363686/
Tokelau;oldcontext=http://www.geonames.org/countries/#TK;context=http://sws.geonames.org/4031074/
Tonga;oldcontext=http://www.geonames.org/countries/#TO;context=http://sws.geonames.org/4032283/
Trinidad and Tobago;oldcontext=http://www.geonames.org/countries/#TT;context=http://sws.geonames.org/3573591/
Trinidad;oldcontext=http://www.geonames.org/countries/#TT;context=http://sws.geonames.org/3573591/
Tobago;oldcontext=http://www.geonames.org/countries/#TT;context=http://sws.geonames.org/3573591/
Tunisia;oldcontext=http://www.geonames.org/countries/#TN;context=http://sws.geonames.org/2464461/
Turkey;oldcontext=http://www.geonames.org/countries/#TR;context=http://sws.geonames.org/298795/
Turkmenistan;oldcontext=http://www.geonames.org/countries/#TM;context=http://sws.geonames.org/1218197/
Turks and Caicos Islands;oldcontext=http://www.geonames.org/countries/#TC;context=http://sws.geonames.org/3576916/
Tuvalu;oldcontext=http://www.geonames.org/countries/#TV;context=http://sws.geonames.org/2110297/
U.A.E.;oldcontext=http://www.geonames.org/countries/#AE;context=http://sws.geonames.org/290557/
U.S. Virgin Islands;oldcontext=http://www.geonames.org/countries/#VI;context=http://sws.geonames.org/4796775/
UAE;oldcontext=http://www.geonames.org/countries/#AE;context=http://sws.geonames.org/290557/
US Virgin Islands;oldcontext=http://www.geonames.org/countries/#VI;context=http://sws.geonames.org/4796775/
Uganda;oldcontext=http://www.geonames.org/countries/#UG;context=http://sws.geonames.org/226074/
Ukraine;oldcontext=http://www.geonames.org/countries/#UA;context=http://sws.geonames.org/690791/
United Arab Emirates;oldcontext=http://www.geonames.org/countries/#AE;context=http://sws.geonames.org/290557/
U.K.;oldcontext=http://www.geonames.org/countries/#GB;context=http://sws.geonames.org/2635167/
UK;oldcontext=http://www.geonames.org/countries/#GB;context=http://sws.geonames.org/2635167/
United Kingdom;oldcontext=http://www.geonames.org/countries/#GB;context=http://sws.geonames.org/2635167/
United States;oldcontext=http://www.geonames.org/countries/#US;context=http://sws.geonames.org/6252001/
United States of America;oldcontext=http://www.geonames.org/countries/#US;context=http://sws.geonames.org/6252001/
U.S.;oldcontext=http://www.geonames.org/countries/#US;context=http://sws.geonames.org/6252001/
U.S.A.;oldcontext=http://www.geonames.org/countries/#US;context=http://sws.geonames.org/6252001/
US;oldcontext=http://www.geonames.org/countries/#US;context=http://sws.geonames.org/6252001/
USA;oldcontext=http://www.geonames.org/countries/#US;context=http://sws.geonames.org/6252001/
Uruguay;oldcontext=http://www.geonames.org/countries/#UY;context=http://sws.geonames.org/3439705/
Uzbekistan;oldcontext=http://www.geonames.org/countries/#UZ;context=http://sws.geonames.org/1512440/
Vanuatu;oldcontext=http://www.geonames.org/countries/#VU;context=http://sws.geonames.org/2134431/
Vatican;oldcontext=http://www.geonames.org/countries/#VA;context=http://sws.geonames.org/3164670/
Vatican City;oldcontext=http://www.geonames.org/countries/#VA;context=http://sws.geonames.org/3164670/
Vatican City State;oldcontext=http://www.geonames.org/countries/#VA;context=http://sws.geonames.org/3164670/
Venezuela;oldcontext=http://www.geonames.org/countries/#VE;context=http://sws.geonames.org/3625428/
Vietnam;oldcontext=http://www.geonames.org/countries/#VN;context=http://sws.geonames.org/1562822/
Wales;oldcontext=http://statistics.data.gov.uk/id/country/924;context=http://sws.geonames.org/2634895/
Wallis and Futuna;oldcontext=http://www.geonames.org/countries/#WF;context=http://sws.geonames.org/4034749/
Western Sahara;oldcontext=http://www.geonames.org/countries/#EH;context=http://sws.geonames.org/2461445/
Yemen;oldcontext=http://www.geonames.org/countries/#YE;context=http://sws.geonames.org/69543/
Zambia;oldcontext=http://www.geonames.org/countries/#ZM;context=http://sws.geonames.org/895949/
Zimbabwe;oldcontext=http://www.geonames.org/countries/#ZW;context=http://sws.geonames.org/878675