
Aberavon;context=http://reference.data.gov.uk/def/mp/aberavon
Aberconwy;context=http://reference.data.gov.uk/def/mp/aberconwy
Aberdeen North;context=http://reference.data.gov.uk/def/mp/aberdeen-north
Aberdeen South;context=http://reference.data.gov.uk/def/mp/aberdeen-south
Airdrie and Shotts;context=http://reference.data.gov.uk/def/mp/airdrie-and-shotts
Aldershot;context=http://reference.data.gov.uk/def/mp/aldershot
Aldridge-Brownhills;context=http://reference.data.gov.uk/def/mp/aldridge-brownhills
Altrincham and Sale West;context=http://reference.data.gov.uk/def/mp/altrincham-and-sale-west
Alyn and Deeside;context=http://reference.data.gov.uk/def/mp/alyn-and-deeside
Amber Valley;context=http://reference.data.gov.uk/def/mp/amber-valley
Angus;context=http://reference.data.gov.uk/def/mp/angus
Argyll and Bute;context=http://reference.data.gov.uk/def/mp/argyll-and-bute
Arundel and South Downs;context=http://reference.data.gov.uk/def/mp/arundel-and-south-downs
Ashfield;context=http://reference.data.gov.uk/def/mp/ashfield
Ashford;context=http://reference.data.gov.uk/def/mp/ashford
Ashton-under-Lyne;context=http://reference.data.gov.uk/def/mp/ashton-under-lyne
Aylesbury;context=http://reference.data.gov.uk/def/mp/aylesbury
Ayr, Carrick and Cumnock;context=http://reference.data.gov.uk/def/mp/ayr-carrick-and-cumnock
Banbury;context=http://reference.data.gov.uk/def/mp/banbury
Banff and Buchan;context=http://reference.data.gov.uk/def/mp/banff-and-buchan
Barking;context=http://reference.data.gov.uk/def/mp/barking
Barnsley Central;context=http://reference.data.gov.uk/def/mp/barnsley-central
Barnsley East;context=http://reference.data.gov.uk/def/mp/barnsley-east
Barrow and Furness;context=http://reference.data.gov.uk/def/mp/barrow-and-furness
Basildon and Billericay;context=http://reference.data.gov.uk/def/mp/basildon-and-billericay
Basingstoke;context=http://reference.data.gov.uk/def/mp/basingstoke
Bassetlaw;context=http://reference.data.gov.uk/def/mp/bassetlaw
Bath;context=http://reference.data.gov.uk/def/mp/bath
Batley and Spen;context=http://reference.data.gov.uk/def/mp/batley-and-spen
Battersea;context=http://reference.data.gov.uk/def/mp/battersea
Beaconsfield;context=http://reference.data.gov.uk/def/mp/beaconsfield
Beckenham;context=http://reference.data.gov.uk/def/mp/beckenham
Bedford;context=http://reference.data.gov.uk/def/mp/bedford
Belfast East;context=http://reference.data.gov.uk/def/mp/belfast-east
Belfast North;context=http://reference.data.gov.uk/def/mp/belfast-north
Belfast South;context=http://reference.data.gov.uk/def/mp/belfast-south
Belfast West;context=http://reference.data.gov.uk/def/mp/belfast-west
Bermondsey and Old Southwark;context=http://reference.data.gov.uk/def/mp/bermondsey-and-old-southwark
Berwick upon Tweed;context=http://reference.data.gov.uk/def/mp/berwick-upon-tweed
Berwickshire, Roxburgh and Selkirk;context=http://reference.data.gov.uk/def/mp/berwickshire-roxburgh-and-selkirk
Bethnal Green and Bow;context=http://reference.data.gov.uk/def/mp/bethnal-green-and-bow
Beverley and Holderness;context=http://reference.data.gov.uk/def/mp/beverley-and-holderness
Bexhill and Battle;context=http://reference.data.gov.uk/def/mp/bexhill-and-battle
Bexleyheath and Crayford;context=http://reference.data.gov.uk/def/mp/bexleyheath-and-crayford
Birkenhead;context=http://reference.data.gov.uk/def/mp/birkenhead
Birmingham, Edgbaston;context=http://reference.data.gov.uk/def/mp/birmingham-edgbaston
Birmingham, Erdington;context=http://reference.data.gov.uk/def/mp/birmingham-erdington
Birmingham, Hall Green;context=http://reference.data.gov.uk/def/mp/birmingham-hall-green
Birmingham, Hodge Hill;context=http://reference.data.gov.uk/def/mp/birmingham-hodge-hill
Birmingham, Ladywood;context=http://reference.data.gov.uk/def/mp/birmingham-ladywood
Birmingham, Northfield;context=http://reference.data.gov.uk/def/mp/birmingham-northfield
Birmingham, Perry Barr;context=http://reference.data.gov.uk/def/mp/birmingham-perry-barr
Birmingham, Selly Oak;context=http://reference.data.gov.uk/def/mp/birmingham-selly-oak
Birmingham, Yardley;context=http://reference.data.gov.uk/def/mp/birmingham-yardley
Bishop Auckland;context=http://reference.data.gov.uk/def/mp/bishop-auckland
Blackburn;context=http://reference.data.gov.uk/def/mp/blackburn
Blackley and Broughton;context=http://reference.data.gov.uk/def/mp/blackley-and-broughton
Blackpool North and Cleveleys;context=http://reference.data.gov.uk/def/mp/blackpool-north-and-cleveleys
Blackpool South;context=http://reference.data.gov.uk/def/mp/blackpool-south
Blaenau Gwent;context=http://reference.data.gov.uk/def/mp/blaenau-gwent
Blaydon;context=http://reference.data.gov.uk/def/mp/blaydon
Blyth Valley;context=http://reference.data.gov.uk/def/mp/blyth-valley
Bognor Regis and Littlehampton;context=http://reference.data.gov.uk/def/mp/bognor-regis-and-littlehampton
Bolsover;context=http://reference.data.gov.uk/def/mp/bolsover
Bolton North East;context=http://reference.data.gov.uk/def/mp/bolton-north-east
Bolton South East;context=http://reference.data.gov.uk/def/mp/bolton-south-east
Bolton West;context=http://reference.data.gov.uk/def/mp/bolton-west
Bootle;context=http://reference.data.gov.uk/def/mp/bootle
Boston and Skegness;context=http://reference.data.gov.uk/def/mp/boston-and-skegness
Bosworth;context=http://reference.data.gov.uk/def/mp/bosworth
Bournemouth East;context=http://reference.data.gov.uk/def/mp/bournemouth-east
Bournemouth West;context=http://reference.data.gov.uk/def/mp/bournemouth-west
Bracknell;context=http://reference.data.gov.uk/def/mp/bracknell
Bradford East;context=http://reference.data.gov.uk/def/mp/bradford-east
Bradford South;context=http://reference.data.gov.uk/def/mp/bradford-south
Bradford West;context=http://reference.data.gov.uk/def/mp/bradford-west
Braintree;context=http://reference.data.gov.uk/def/mp/braintree
Brecon and Radnorshire;context=http://reference.data.gov.uk/def/mp/brecon-and-radnorshire
Brent Central;context=http://reference.data.gov.uk/def/mp/brent-central
Brent North;context=http://reference.data.gov.uk/def/mp/brent-north
Brentford and Isleworth;context=http://reference.data.gov.uk/def/mp/brentford-and-isleworth
Brentwood and Ongar;context=http://reference.data.gov.uk/def/mp/brentwood-and-ongar
Bridgend;context=http://reference.data.gov.uk/def/mp/bridgend
Bridgwater and West Somerset;context=http://reference.data.gov.uk/def/mp/bridgwater-and-west-somerset
Brigg and Goole;context=http://reference.data.gov.uk/def/mp/brigg-and-goole
Brighton, Kemptown;context=http://reference.data.gov.uk/def/mp/brighton-kemptown
Brighton, Pavilion;context=http://reference.data.gov.uk/def/mp/brighton-pavilion
Bristol East;context=http://reference.data.gov.uk/def/mp/bristol-east
Bristol North West;context=http://reference.data.gov.uk/def/mp/bristol-north-west
Bristol South;context=http://reference.data.gov.uk/def/mp/bristol-south
Bristol West;context=http://reference.data.gov.uk/def/mp/bristol-west
Broadland;context=http://reference.data.gov.uk/def/mp/broadland
Bromley and Chislehurst;context=http://reference.data.gov.uk/def/mp/bromley-and-chislehurst
Bromsgrove;context=http://reference.data.gov.uk/def/mp/bromsgrove
Broxbourne;context=http://reference.data.gov.uk/def/mp/broxbourne
Broxtowe;context=http://reference.data.gov.uk/def/mp/broxtowe
Buckingham;context=http://reference.data.gov.uk/def/mp/buckingham
Burnley;context=http://reference.data.gov.uk/def/mp/burnley
Burton;context=http://reference.data.gov.uk/def/mp/burton
Bury North;context=http://reference.data.gov.uk/def/mp/bury-north
Bury South;context=http://reference.data.gov.uk/def/mp/bury-south
Bury St Edmunds;context=http://reference.data.gov.uk/def/mp/bury-st-edmunds
Caerphilly;context=http://reference.data.gov.uk/def/mp/caerphilly
Caithness, Sutherland and Easter Ross;context=http://reference.data.gov.uk/def/mp/caithness-sutherland-and-easter-ross
Calder Valley;context=http://reference.data.gov.uk/def/mp/calder-valley
Camberwell and Peckham;context=http://reference.data.gov.uk/def/mp/camberwell-and-peckham
Camborne and Redruth;context=http://reference.data.gov.uk/def/mp/camborne-and-redruth
Cambridge;context=http://reference.data.gov.uk/def/mp/cambridge
Cannock Chase;context=http://reference.data.gov.uk/def/mp/cannock-chase
Canterbury;context=http://reference.data.gov.uk/def/mp/canterbury
Cardiff Central;context=http://reference.data.gov.uk/def/mp/cardiff-central
Cardiff North;context=http://reference.data.gov.uk/def/mp/cardiff-north
Cardiff South and Penarth;context=http://reference.data.gov.uk/def/mp/cardiff-south-and-penarth
Cardiff West;context=http://reference.data.gov.uk/def/mp/cardiff-west
Carlisle;context=http://reference.data.gov.uk/def/mp/carlisle
Carmarthen West and South Pembrokeshire;context=http://reference.data.gov.uk/def/mp/carmarthen-west-and-south-pembrokeshire
Carshalton and Wallington;context=http://reference.data.gov.uk/def/mp/carshalton-and-wallington
Castle Point;context=http://reference.data.gov.uk/def/mp/castle-point
Central Ayrshire;context=http://reference.data.gov.uk/def/mp/central-ayrshire
Central Devon;context=http://reference.data.gov.uk/def/mp/central-devon
Central Suffolk and North Ipswich;context=http://reference.data.gov.uk/def/mp/central-suffolk-and-north-ipswich
Ceredigion;context=http://reference.data.gov.uk/def/mp/ceredigion
Charnwood;context=http://reference.data.gov.uk/def/mp/charnwood
Chatham and Aylesford;context=http://reference.data.gov.uk/def/mp/chatham-and-aylesford
Cheadle;context=http://reference.data.gov.uk/def/mp/cheadle
Chelmsford;context=http://reference.data.gov.uk/def/mp/chelmsford
Chelsea and Fulham;context=http://reference.data.gov.uk/def/mp/chelsea-and-fulham
Cheltenham;context=http://reference.data.gov.uk/def/mp/cheltenham
Chesham and Amersham;context=http://reference.data.gov.uk/def/mp/chesham-and-amersham
Chesterfield;context=http://reference.data.gov.uk/def/mp/chesterfield
Chichester;context=http://reference.data.gov.uk/def/mp/chichester
Chingford and Woodford Green;context=http://reference.data.gov.uk/def/mp/chingford-and-woodford-green
Chippenham;context=http://reference.data.gov.uk/def/mp/chippenham
Chipping Barnet;context=http://reference.data.gov.uk/def/mp/chipping-barnet
Chorley;context=http://reference.data.gov.uk/def/mp/chorley
Christchurch;context=http://reference.data.gov.uk/def/mp/christchurch
Cities of London and Westminster;context=http://reference.data.gov.uk/def/mp/cities-of-london-and-westminster
City of Chester;context=http://reference.data.gov.uk/def/mp/city-of-chester
City of Durham;context=http://reference.data.gov.uk/def/mp/city-of-durham
Clacton;context=http://reference.data.gov.uk/def/mp/clacton
Cleethorpes;context=http://reference.data.gov.uk/def/mp/cleethorpes
Clwyd South;context=http://reference.data.gov.uk/def/mp/clwyd-south
Clwyd West;context=http://reference.data.gov.uk/def/mp/clwyd-west
Coatbridge, Chryston and Bellshill;context=http://reference.data.gov.uk/def/mp/coatbridge-chryston-and-bellshill
Colchester;context=http://reference.data.gov.uk/def/mp/colchester
Colne Valley;context=http://reference.data.gov.uk/def/mp/colne-valley
Congleton;context=http://reference.data.gov.uk/def/mp/congleton
Copeland;context=http://reference.data.gov.uk/def/mp/copeland
Corby;context=http://reference.data.gov.uk/def/mp/corby
Coventry North East;context=http://reference.data.gov.uk/def/mp/coventry-north-east
Coventry North West;context=http://reference.data.gov.uk/def/mp/coventry-north-west
Coventry South;context=http://reference.data.gov.uk/def/mp/coventry-south
Crawley;context=http://reference.data.gov.uk/def/mp/crawley
Crewe and Nantwich;context=http://reference.data.gov.uk/def/mp/crewe-and-nantwich
Croydon Central;context=http://reference.data.gov.uk/def/mp/croydon-central
Croydon North;context=http://reference.data.gov.uk/def/mp/croydon-north
Croydon South;context=http://reference.data.gov.uk/def/mp/croydon-south
Cumbernauld, Kilsyth and Kirkintilloch East;context=http://reference.data.gov.uk/def/mp/cumbernauld-kilsyth-and-kirkintilloch-east
Cynon Valley;context=http://reference.data.gov.uk/def/mp/cynon-valley
Dagenham and Rainham;context=http://reference.data.gov.uk/def/mp/dagenham-and-rainham
Darlington;context=http://reference.data.gov.uk/def/mp/darlington
Dartford;context=http://reference.data.gov.uk/def/mp/dartford
Daventry;context=http://reference.data.gov.uk/def/mp/daventry
Delyn;context=http://reference.data.gov.uk/def/mp/delyn
Denton and Reddish;context=http://reference.data.gov.uk/def/mp/denton-and-reddish
Derby North;context=http://reference.data.gov.uk/def/mp/derby-north
Derby South;context=http://reference.data.gov.uk/def/mp/derby-south
Derbyshire Dales;context=http://reference.data.gov.uk/def/mp/derbyshire-dales
Devizes;context=http://reference.data.gov.uk/def/mp/devizes
Dewsbury;context=http://reference.data.gov.uk/def/mp/dewsbury
Don Valley;context=http://reference.data.gov.uk/def/mp/don-valley
Doncaster Central;context=http://reference.data.gov.uk/def/mp/doncaster-central
Doncaster North;context=http://reference.data.gov.uk/def/mp/doncaster-north
Dover;context=http://reference.data.gov.uk/def/mp/dover
Dudley North;context=http://reference.data.gov.uk/def/mp/dudley-north
Dudley South;context=http://reference.data.gov.uk/def/mp/dudley-south
Dulwich and West Norwood;context=http://reference.data.gov.uk/def/mp/dulwich-and-west-norwood
Dumfries and Galloway;context=http://reference.data.gov.uk/def/mp/dumfries-and-galloway
Dumfriesshire, Clydesdale and Tweeddale;context=http://reference.data.gov.uk/def/mp/dumfriesshire-clydesdale-and-tweeddale
Dundee East;context=http://reference.data.gov.uk/def/mp/dundee-east
Dundee West;context=http://reference.data.gov.uk/def/mp/dundee-west
Dunfermline and West Fife;context=http://reference.data.gov.uk/def/mp/dunfermline-and-west-fife
Dwyfor Meirionnydd;context=http://reference.data.gov.uk/def/mp/dwyfor-meirionnydd
Ealing Central and Acton;context=http://reference.data.gov.uk/def/mp/ealing-central-and-acton
Ealing North;context=http://reference.data.gov.uk/def/mp/ealing-north
Ealing, Southall;context=http://reference.data.gov.uk/def/mp/ealing-southall
Easington;context=http://reference.data.gov.uk/def/mp/easington
East Antrim;context=http://reference.data.gov.uk/def/mp/east-antrim
East Devon;context=http://reference.data.gov.uk/def/mp/east-devon
East Dunbartonshire;context=http://reference.data.gov.uk/def/mp/east-dunbartonshire
East Ham;context=http://reference.data.gov.uk/def/mp/east-ham
East Hampshire;context=http://reference.data.gov.uk/def/mp/east-hampshire
East Kilbride, Strathaven and Lesmahagow;context=http://reference.data.gov.uk/def/mp/east-kilbride-strathaven-and-lesmahagow
East Londonderry;context=http://reference.data.gov.uk/def/mp/east-londonderry
East Lothian;context=http://reference.data.gov.uk/def/mp/east-lothian
East Renfrewshire;context=http://reference.data.gov.uk/def/mp/east-renfrewshire
East Surrey;context=http://reference.data.gov.uk/def/mp/east-surrey
East Worthing and Shoreham;context=http://reference.data.gov.uk/def/mp/east-worthing-and-shoreham
East Yorkshire;context=http://reference.data.gov.uk/def/mp/east-yorkshire
Eastbourne;context=http://reference.data.gov.uk/def/mp/eastbourne
Eastleigh;context=http://reference.data.gov.uk/def/mp/eastleigh
Eddisbury;context=http://reference.data.gov.uk/def/mp/eddisbury
Edinburgh East;context=http://reference.data.gov.uk/def/mp/edinburgh-east
Edinburgh North and Leith;context=http://reference.data.gov.uk/def/mp/edinburgh-north-and-leith
Edinburgh South;context=http://reference.data.gov.uk/def/mp/edinburgh-south
Edinburgh South West;context=http://reference.data.gov.uk/def/mp/edinburgh-south-west
Edinburgh West;context=http://reference.data.gov.uk/def/mp/edinburgh-west
Edmonton;context=http://reference.data.gov.uk/def/mp/edmonton
Ellesmere Port and Neston;context=http://reference.data.gov.uk/def/mp/ellesmere-port-and-neston
Elmet and Rothwell;context=http://reference.data.gov.uk/def/mp/elmet-and-rothwell
Eltham;context=http://reference.data.gov.uk/def/mp/eltham
Enfield North;context=http://reference.data.gov.uk/def/mp/enfield-north
Enfield, Southgate;context=http://reference.data.gov.uk/def/mp/enfield-southgate
Epping Forest;context=http://reference.data.gov.uk/def/mp/epping-forest
Epsom and Ewell;context=http://reference.data.gov.uk/def/mp/epsom-and-ewell
Erewash;context=http://reference.data.gov.uk/def/mp/erewash
Erith and Thamesmead;context=http://reference.data.gov.uk/def/mp/erith-and-thamesmead
Esher and Walton;context=http://reference.data.gov.uk/def/mp/esher-and-walton
Exeter;context=http://reference.data.gov.uk/def/mp/exeter
Falkirk;context=http://reference.data.gov.uk/def/mp/falkirk
Fareham;context=http://reference.data.gov.uk/def/mp/fareham
Faversham and Mid Kent;context=http://reference.data.gov.uk/def/mp/faversham-and-mid-kent
Feltham and Heston;context=http://reference.data.gov.uk/def/mp/feltham-and-heston
Filton and Bradley Stoke;context=http://reference.data.gov.uk/def/mp/filton-and-bradley-stoke
Finchley and Golders Green;context=http://reference.data.gov.uk/def/mp/finchley-and-golders-green
Folkestone and Hythe;context=http://reference.data.gov.uk/def/mp/folkestone-and-hythe
Forest of Dean;context=http://reference.data.gov.uk/def/mp/forest-of-dean
Fylde;context=http://reference.data.gov.uk/def/mp/fylde
Gainsborough;context=http://reference.data.gov.uk/def/mp/gainsborough
Garston and Halewood;context=http://reference.data.gov.uk/def/mp/garston-and-halewood
Gateshead;context=http://reference.data.gov.uk/def/mp/gateshead
Gedling;context=http://reference.data.gov.uk/def/mp/gedling
Gillingham and Rainham;context=http://reference.data.gov.uk/def/mp/gillingham-and-rainham
Glasgow Central;context=http://reference.data.gov.uk/def/mp/glasgow-central
Glasgow East;context=http://reference.data.gov.uk/def/mp/glasgow-east
Glasgow North;context=http://reference.data.gov.uk/def/mp/glasgow-north
Glasgow North East;context=http://reference.data.gov.uk/def/mp/glasgow-north-east
Glasgow North West;context=http://reference.data.gov.uk/def/mp/glasgow-north-west
Glasgow South;context=http://reference.data.gov.uk/def/mp/glasgow-south
Glasgow South West;context=http://reference.data.gov.uk/def/mp/glasgow-south-west
Glenrothes;context=http://reference.data.gov.uk/def/mp/glenrothes
Gloucester;context=http://reference.data.gov.uk/def/mp/gloucester
Gordon;context=http://reference.data.gov.uk/def/mp/gordon
Gosport;context=http://reference.data.gov.uk/def/mp/gosport
Gower;context=http://reference.data.gov.uk/def/mp/gower
Grantham and Stamford;context=http://reference.data.gov.uk/def/mp/grantham-and-stamford
Gravesham;context=http://reference.data.gov.uk/def/mp/gravesham
Great Grimsby;context=http://reference.data.gov.uk/def/mp/great-grimsby
Great Yarmouth;context=http://reference.data.gov.uk/def/mp/great-yarmouth
Greenwich and Woolwich;context=http://reference.data.gov.uk/def/mp/greenwich-and-woolwich
Guildford;context=http://reference.data.gov.uk/def/mp/guildford
Hackney North and Stoke Newington;context=http://reference.data.gov.uk/def/mp/hackney-north-and-stoke-newington
Hackney South and Shoreditch;context=http://reference.data.gov.uk/def/mp/hackney-south-and-shoreditch
Halesowen and Rowley Regis;context=http://reference.data.gov.uk/def/mp/halesowen-and-rowley-regis
Halifax;context=http://reference.data.gov.uk/def/mp/halifax
Haltemprice and Howden;context=http://reference.data.gov.uk/def/mp/haltemprice-and-howden
Halton;context=http://reference.data.gov.uk/def/mp/halton
Hammersmith;context=http://reference.data.gov.uk/def/mp/hammersmith
Hampstead and Kilburn;context=http://reference.data.gov.uk/def/mp/hampstead-and-kilburn
Harborough;context=http://reference.data.gov.uk/def/mp/harborough
Harlow;context=http://reference.data.gov.uk/def/mp/harlow
Harrogate and Knaresborough;context=http://reference.data.gov.uk/def/mp/harrogate-and-knaresborough
Harrow East;context=http://reference.data.gov.uk/def/mp/harrow-east
Harrow West;context=http://reference.data.gov.uk/def/mp/harrow-west
Hartlepool;context=http://reference.data.gov.uk/def/mp/hartlepool
Harwich and North Essex;context=http://reference.data.gov.uk/def/mp/harwich-and-north-essex
Hastings and Rye;context=http://reference.data.gov.uk/def/mp/hastings-and-rye
Havant;context=http://reference.data.gov.uk/def/mp/havant
Hayes and Harlington;context=http://reference.data.gov.uk/def/mp/hayes-and-harlington
Hazel Grove;context=http://reference.data.gov.uk/def/mp/hazel-grove
Hemel Hempstead;context=http://reference.data.gov.uk/def/mp/hemel-hempstead
Hemsworth;context=http://reference.data.gov.uk/def/mp/hemsworth
Hendon;context=http://reference.data.gov.uk/def/mp/hendon
Henley;context=http://reference.data.gov.uk/def/mp/henley
Hereford and South Herefordshire;context=http://reference.data.gov.uk/def/mp/hereford-and-south-herefordshire
Hertford and Stortford;context=http://reference.data.gov.uk/def/mp/hertford-and-stortford
Hertsmere;context=http://reference.data.gov.uk/def/mp/hertsmere
Hexham;context=http://reference.data.gov.uk/def/mp/hexham
Heywood and Middleton;context=http://reference.data.gov.uk/def/mp/heywood-and-middleton
High Peak;context=http://reference.data.gov.uk/def/mp/high-peak
Hitchin and Harpenden;context=http://reference.data.gov.uk/def/mp/hitchin-and-harpenden
Holborn and St Pancras;context=http://reference.data.gov.uk/def/mp/holborn-and-st-pancras
Hornchurch and Upminster;context=http://reference.data.gov.uk/def/mp/hornchurch-and-upminster
Hornsey and Wood Green;context=http://reference.data.gov.uk/def/mp/hornsey-and-wood-green
Horsham;context=http://reference.data.gov.uk/def/mp/horsham
Houghton and Sunderland South;context=http://reference.data.gov.uk/def/mp/houghton-and-sunderland-south
Hove;context=http://reference.data.gov.uk/def/mp/hove
Huddersfield;context=http://reference.data.gov.uk/def/mp/huddersfield
Huntingdon;context=http://reference.data.gov.uk/def/mp/huntingdon
Hyndburn;context=http://reference.data.gov.uk/def/mp/hyndburn
Ilford North;context=http://reference.data.gov.uk/def/mp/ilford-north
Ilford South;context=http://reference.data.gov.uk/def/mp/ilford-south
Inverclyde;context=http://reference.data.gov.uk/def/mp/inverclyde
Inverness, Nairn, Badenoch and Strathspey;context=http://reference.data.gov.uk/def/mp/inverness-nairn-badenoch-and-strathspey
Ipswich;context=http://reference.data.gov.uk/def/mp/ipswich
Isle of Wight;context=http://reference.data.gov.uk/def/mp/isle-of-wight
Islington North;context=http://reference.data.gov.uk/def/mp/islington-north
Islington South and Finsbury;context=http://reference.data.gov.uk/def/mp/islington-south-and-finsbury
Islwyn;context=http://reference.data.gov.uk/def/mp/islwyn
Jarrow;context=http://reference.data.gov.uk/def/mp/jarrow
Keighley;context=http://reference.data.gov.uk/def/mp/keighley
Kenilworth and Southam;context=http://reference.data.gov.uk/def/mp/kenilworth-and-southam
Kensington;context=http://reference.data.gov.uk/def/mp/kensington
Kettering;context=http://reference.data.gov.uk/def/mp/kettering
Kilmarnock and Loudoun;context=http://reference.data.gov.uk/def/mp/kilmarnock-and-loudoun
Kingston and Surbiton;context=http://reference.data.gov.uk/def/mp/kingston-and-surbiton
Kingston upon Hull East;context=http://reference.data.gov.uk/def/mp/kingston-upon-hull-east
Kingston upon Hull North;context=http://reference.data.gov.uk/def/mp/kingston-upon-hull-north
Kingston upon Hull West and Hessle;context=http://reference.data.gov.uk/def/mp/kingston-upon-hull-west-and-hessle
Kingswood;context=http://reference.data.gov.uk/def/mp/kingswood
Kirkcaldy and Cowdenbeath;context=http://reference.data.gov.uk/def/mp/kirkcaldy-and-cowdenbeath
Knowsley;context=http://reference.data.gov.uk/def/mp/knowsley
Lagan Valley;context=http://reference.data.gov.uk/def/mp/lagan-valley
Lanark and Hamilton East;context=http://reference.data.gov.uk/def/mp/lanark-and-hamilton-east
Lancaster and Fleetwood;context=http://reference.data.gov.uk/def/mp/lancaster-and-fleetwood
Leeds Central;context=http://reference.data.gov.uk/def/mp/leeds-central
Leeds East;context=http://reference.data.gov.uk/def/mp/leeds-east
Leeds North East;context=http://reference.data.gov.uk/def/mp/leeds-north-east
Leeds North West;context=http://reference.data.gov.uk/def/mp/leeds-north-west
Leeds West;context=http://reference.data.gov.uk/def/mp/leeds-west
Leicester East;context=http://reference.data.gov.uk/def/mp/leicester-east
Leicester South;context=http://reference.data.gov.uk/def/mp/leicester-south
Leicester West;context=http://reference.data.gov.uk/def/mp/leicester-west
Leigh;context=http://reference.data.gov.uk/def/mp/leigh
Lewes;context=http://reference.data.gov.uk/def/mp/lewes
Lewisham East;context=http://reference.data.gov.uk/def/mp/lewisham-east
Lewisham West and Penge;context=http://reference.data.gov.uk/def/mp/lewisham-west-and-penge
Lewisham, Deptford;context=http://reference.data.gov.uk/def/mp/lewisham-deptford
Leyton and Wanstead;context=http://reference.data.gov.uk/def/mp/leyton-and-wanstead
Lichfield;context=http://reference.data.gov.uk/def/mp/lichfield
Lincoln;context=http://reference.data.gov.uk/def/mp/lincoln
Linlithgow and East Falkirk;context=http://reference.data.gov.uk/def/mp/linlithgow-and-east-falkirk
Liverpool, Riverside;context=http://reference.data.gov.uk/def/mp/liverpool-riverside
Liverpool, Walton;context=http://reference.data.gov.uk/def/mp/liverpool-walton
Liverpool, Wavertree;context=http://reference.data.gov.uk/def/mp/liverpool-wavertree
Liverpool, West Derby;context=http://reference.data.gov.uk/def/mp/liverpool-west-derby
Livingston;context=http://reference.data.gov.uk/def/mp/livingston
Llanelli;context=http://reference.data.gov.uk/def/mp/llanelli
Loughborough;context=http://reference.data.gov.uk/def/mp/loughborough
Louth and Horncastle;context=http://reference.data.gov.uk/def/mp/louth-and-horncastle
Ludlow;context=http://reference.data.gov.uk/def/mp/ludlow
Luton North;context=http://reference.data.gov.uk/def/mp/luton-north
Luton South;context=http://reference.data.gov.uk/def/mp/luton-south
Macclesfield;context=http://reference.data.gov.uk/def/mp/macclesfield
Maidenhead;context=http://reference.data.gov.uk/def/mp/maidenhead
Maidstone and The Weald;context=http://reference.data.gov.uk/def/mp/maidstone-and-the-weald
Makerfield;context=http://reference.data.gov.uk/def/mp/makerfield
Maldon;context=http://reference.data.gov.uk/def/mp/maldon
Manchester Central;context=http://reference.data.gov.uk/def/mp/manchester-central
Manchester, Gorton;context=http://reference.data.gov.uk/def/mp/manchester-gorton
Manchester, Withington;context=http://reference.data.gov.uk/def/mp/manchester-withington
Mansfield;context=http://reference.data.gov.uk/def/mp/mansfield
Meon Valley;context=http://reference.data.gov.uk/def/mp/meon-valley
Meriden;context=http://reference.data.gov.uk/def/mp/meriden
Merthyr Tydfil and Rhymney;context=http://reference.data.gov.uk/def/mp/merthyr-tydfil-and-rhymney
Mid Bedfordshire;context=http://reference.data.gov.uk/def/mp/mid-bedfordshire
Mid Derbyshire;context=http://reference.data.gov.uk/def/mp/mid-derbyshire
Mid Dorset and North Poole;context=http://reference.data.gov.uk/def/mp/mid-dorset-and-north-poole
Mid Norfolk;context=http://reference.data.gov.uk/def/mp/mid-norfolk
Mid Sussex;context=http://reference.data.gov.uk/def/mp/mid-sussex
Mid Ulster;context=http://reference.data.gov.uk/def/mp/mid-ulster
Mid Worcestershire;context=http://reference.data.gov.uk/def/mp/mid-worcestershire
Middlesbrough;context=http://reference.data.gov.uk/def/mp/middlesbrough
Middlesbrough South and East Cleveland;context=http://reference.data.gov.uk/def/mp/middlesbrough-south-and-east-cleveland
Midlothian;context=http://reference.data.gov.uk/def/mp/midlothian
Milton Keynes North;context=http://reference.data.gov.uk/def/mp/milton-keynes-north
Milton Keynes South;context=http://reference.data.gov.uk/def/mp/milton-keynes-south
Mitcham and Morden;context=http://reference.data.gov.uk/def/mp/mitcham-and-morden
Mole Valley;context=http://reference.data.gov.uk/def/mp/mole-valley
Monmouth;context=http://reference.data.gov.uk/def/mp/monmouth
Montgomeryshire;context=http://reference.data.gov.uk/def/mp/montgomeryshire
Moray;context=http://reference.data.gov.uk/def/mp/moray
Morecambe and Lunesdale;context=http://reference.data.gov.uk/def/mp/morecambe-and-lunesdale
Morley and Outwood;context=http://reference.data.gov.uk/def/mp/morley-and-outwood
Motherwell and Wishaw;context=http://reference.data.gov.uk/def/mp/motherwell-and-wishaw
Na h-Eileanan an Iar;context=http://reference.data.gov.uk/def/mp/na-h-eileanan-an-iar
Neath;context=http://reference.data.gov.uk/def/mp/neath
New Forest East;context=http://reference.data.gov.uk/def/mp/new-forest-east
New Forest West;context=http://reference.data.gov.uk/def/mp/new-forest-west
Newark;context=http://reference.data.gov.uk/def/mp/newark
Newbury;context=http://reference.data.gov.uk/def/mp/newbury
Newcastle upon Tyne Central;context=http://reference.data.gov.uk/def/mp/newcastle-upon-tyne-central
Newcastle upon Tyne East;context=http://reference.data.gov.uk/def/mp/newcastle-upon-tyne-east
Newcastle upon Tyne North;context=http://reference.data.gov.uk/def/mp/newcastle-upon-tyne-north
Newcastle-under-Lyme;context=http://reference.data.gov.uk/def/mp/newcastle-under-lyme
Newport East;context=http://reference.data.gov.uk/def/mp/newport-east
Newport West;context=http://reference.data.gov.uk/def/mp/newport-west
Newry and Armagh;context=http://reference.data.gov.uk/def/mp/newry-and-armagh
Newton Abbot;context=http://reference.data.gov.uk/def/mp/newton-abbot
Normanton, Pontefract and Castleford;context=http://reference.data.gov.uk/def/mp/normanton-pontefract-and-castleford
North Antrim;context=http://reference.data.gov.uk/def/mp/north-antrim
North Ayrshire and Arran;context=http://reference.data.gov.uk/def/mp/north-ayrshire-and-arran
North Cornwall;context=http://reference.data.gov.uk/def/mp/north-cornwall
North Devon;context=http://reference.data.gov.uk/def/mp/north-devon
North Dorset;context=http://reference.data.gov.uk/def/mp/north-dorset
North Durham;context=http://reference.data.gov.uk/def/mp/north-durham
North East Bedfordshire;context=http://reference.data.gov.uk/def/mp/north-east-bedfordshire
North East Cambridgeshire;context=http://reference.data.gov.uk/def/mp/north-east-cambridgeshire
North East Derbyshire;context=http://reference.data.gov.uk/def/mp/north-east-derbyshire
North East Fife;context=http://reference.data.gov.uk/def/mp/north-east-fife
North East Hampshire;context=http://reference.data.gov.uk/def/mp/north-east-hampshire
North East Hertfordshire;context=http://reference.data.gov.uk/def/mp/north-east-hertfordshire
North East Somerset;context=http://reference.data.gov.uk/def/mp/north-east-somerset
North Herefordshire;context=http://reference.data.gov.uk/def/mp/north-herefordshire
North Norfolk;context=http://reference.data.gov.uk/def/mp/north-norfolk
North Shropshire;context=http://reference.data.gov.uk/def/mp/north-shropshire
North Somerset;context=http://reference.data.gov.uk/def/mp/north-somerset
North Swindon;context=http://reference.data.gov.uk/def/mp/north-swindon
North Thanet;context=http://reference.data.gov.uk/def/mp/north-thanet
North Tyneside;context=http://reference.data.gov.uk/def/mp/north-tyneside
North Warwickshire;context=http://reference.data.gov.uk/def/mp/north-warwickshire
North West Cambridgeshire;context=http://reference.data.gov.uk/def/mp/north-west-cambridgeshire
North West Durham;context=http://reference.data.gov.uk/def/mp/north-west-durham
North West Hampshire;context=http://reference.data.gov.uk/def/mp/north-west-hampshire
North West Leicestershire;context=http://reference.data.gov.uk/def/mp/north-west-leicestershire
North West Norfolk;context=http://reference.data.gov.uk/def/mp/north-west-norfolk
North Wiltshire;context=http://reference.data.gov.uk/def/mp/north-wiltshire
Northampton North;context=http://reference.data.gov.uk/def/mp/northampton-north
Northampton South;context=http://reference.data.gov.uk/def/mp/northampton-south
Norwich North;context=http://reference.data.gov.uk/def/mp/norwich-north
Norwich South;context=http://reference.data.gov.uk/def/mp/norwich-south
Nottingham East;context=http://reference.data.gov.uk/def/mp/nottingham-east
Nottingham North;context=http://reference.data.gov.uk/def/mp/nottingham-north
Nottingham South;context=http://reference.data.gov.uk/def/mp/nottingham-south
Nuneaton;context=http://reference.data.gov.uk/def/mp/nuneaton
Ochil and South Perthshire;context=http://reference.data.gov.uk/def/mp/ochil-and-south-perthshire
Ogmore;context=http://reference.data.gov.uk/def/mp/ogmore
Old Bexley and Sidcup;context=http://reference.data.gov.uk/def/mp/old-bexley-and-sidcup
Oldham East and Saddleworth;context=http://reference.data.gov.uk/def/mp/oldham-east-and-saddleworth
Oldham West and Royton;context=http://reference.data.gov.uk/def/mp/oldham-west-and-royton
Orkney and Shetland;context=http://reference.data.gov.uk/def/mp/orkney-and-shetland
Orpington;context=http://reference.data.gov.uk/def/mp/orpington
Oxford East;context=http://reference.data.gov.uk/def/mp/oxford-east
Oxford West and Abingdon;context=http://reference.data.gov.uk/def/mp/oxford-west-and-abingdon
Paisley and Renfrewshire North;context=http://reference.data.gov.uk/def/mp/paisley-and-renfrewshire-north
Paisley and Renfrewshire South;context=http://reference.data.gov.uk/def/mp/paisley-and-renfrewshire-south
Pendle;context=http://reference.data.gov.uk/def/mp/pendle
Penistone and Stocksbridge;context=http://reference.data.gov.uk/def/mp/penistone-and-stocksbridge
Penrith and The Border;context=http://reference.data.gov.uk/def/mp/penrith-and-the-border
Perth and North Perthshire;context=http://reference.data.gov.uk/def/mp/perth-and-north-perthshire
Peterborough;context=http://reference.data.gov.uk/def/mp/peterborough
Plymouth, Moor View;context=http://reference.data.gov.uk/def/mp/plymouth-moor-view
Plymouth, Sutton and Devonport;context=http://reference.data.gov.uk/def/mp/plymouth-sutton-and-devonport
Pontypridd;context=http://reference.data.gov.uk/def/mp/pontypridd
Poole;context=http://reference.data.gov.uk/def/mp/poole
Poplar and Limehouse;context=http://reference.data.gov.uk/def/mp/poplar-and-limehouse
Portsmouth North;context=http://reference.data.gov.uk/def/mp/portsmouth-north
Portsmouth South;context=http://reference.data.gov.uk/def/mp/portsmouth-south
Preseli Pembrokeshire;context=http://reference.data.gov.uk/def/mp/preseli-pembrokeshire
Preston;context=http://reference.data.gov.uk/def/mp/preston
Pudsey;context=http://reference.data.gov.uk/def/mp/pudsey
Putney;context=http://reference.data.gov.uk/def/mp/putney
Rayleigh and Wickford;context=http://reference.data.gov.uk/def/mp/rayleigh-and-wickford
Reading East;context=http://reference.data.gov.uk/def/mp/reading-east
Reading West;context=http://reference.data.gov.uk/def/mp/reading-west
Redcar;context=http://reference.data.gov.uk/def/mp/redcar
Redditch;context=http://reference.data.gov.uk/def/mp/redditch
Reigate;context=http://reference.data.gov.uk/def/mp/reigate
Rhondda;context=http://reference.data.gov.uk/def/mp/rhondda
Ribble Valley;context=http://reference.data.gov.uk/def/mp/ribble-valley
Richmond (Yorks);context=http://reference.data.gov.uk/def/mp/richmond-(yorks)
Richmond Park;context=http://reference.data.gov.uk/def/mp/richmond-park
Rochdale;context=http://reference.data.gov.uk/def/mp/rochdale
Rochester and Strood;context=http://reference.data.gov.uk/def/mp/rochester-and-strood
Rochford and Southend East;context=http://reference.data.gov.uk/def/mp/rochford-and-southend-east
Romford;context=http://reference.data.gov.uk/def/mp/romford
Romsey and Southampton North;context=http://reference.data.gov.uk/def/mp/romsey-and-southampton-north
Ross, Skye and Lochaber;context=http://reference.data.gov.uk/def/mp/ross-skye-and-lochaber
Rossendale and Darwen;context=http://reference.data.gov.uk/def/mp/rossendale-and-darwen
Rother Valley;context=http://reference.data.gov.uk/def/mp/rother-valley
Rotherham;context=http://reference.data.gov.uk/def/mp/rotherham
Rugby;context=http://reference.data.gov.uk/def/mp/rugby
Ruislip, Northwood and Pinner;context=http://reference.data.gov.uk/def/mp/ruislip-northwood-and-pinner
Runnymede and Weybridge;context=http://reference.data.gov.uk/def/mp/runnymede-and-weybridge
Rushcliffe;context=http://reference.data.gov.uk/def/mp/rushcliffe
Rutherglen and Hamilton West;context=http://reference.data.gov.uk/def/mp/rutherglen-and-hamilton-west
Rutland and Melton;context=http://reference.data.gov.uk/def/mp/rutland-and-melton
Saffron Walden;context=http://reference.data.gov.uk/def/mp/saffron-walden
Salford and Eccles;context=http://reference.data.gov.uk/def/mp/salford-and-eccles
Salisbury;context=http://reference.data.gov.uk/def/mp/salisbury
Scarborough and Whitby;context=http://reference.data.gov.uk/def/mp/scarborough-and-whitby
Scunthorpe;context=http://reference.data.gov.uk/def/mp/scunthorpe
Sedgefield;context=http://reference.data.gov.uk/def/mp/sedgefield
Sefton Central;context=http://reference.data.gov.uk/def/mp/sefton-central
Selby and Ainsty;context=http://reference.data.gov.uk/def/mp/selby-and-ainsty
Sevenoaks;context=http://reference.data.gov.uk/def/mp/sevenoaks
Sheffield Central;context=http://reference.data.gov.uk/def/mp/sheffield-central
Sheffield Hallam;context=http://reference.data.gov.uk/def/mp/sheffield-hallam
Sheffield South East;context=http://reference.data.gov.uk/def/mp/sheffield-south-east
Sheffield, Brightside and Hillsborough;context=http://reference.data.gov.uk/def/mp/sheffield-brightside-and-hillsborough
Sheffield, Hallam;context=http://reference.data.gov.uk/def/mp/sheffield-hallam
Sheffield, Heeley;context=http://reference.data.gov.uk/def/mp/sheffield-heeley
Sherwood;context=http://reference.data.gov.uk/def/mp/sherwood
Shipley;context=http://reference.data.gov.uk/def/mp/shipley
Shrewsbury and Atcham;context=http://reference.data.gov.uk/def/mp/shrewsbury-and-atcham
Sittingbourne and Sheppey;context=http://reference.data.gov.uk/def/mp/sittingbourne-and-sheppey
Skipton and Ripon;context=http://reference.data.gov.uk/def/mp/skipton-and-ripon
Sleaford and North Hykeham;context=http://reference.data.gov.uk/def/mp/sleaford-and-north-hykeham
Slough;context=http://reference.data.gov.uk/def/mp/slough
Solihull;context=http://reference.data.gov.uk/def/mp/solihull
Somerton and Frome;context=http://reference.data.gov.uk/def/mp/somerton-and-frome
South Antrim;context=http://reference.data.gov.uk/def/mp/south-antrim
South Basildon and East Thurrock;context=http://reference.data.gov.uk/def/mp/south-basildon-and-east-thurrock
South Cambridgeshire;context=http://reference.data.gov.uk/def/mp/south-cambridgeshire
South Derbyshire;context=http://reference.data.gov.uk/def/mp/south-derbyshire
South Dorset;context=http://reference.data.gov.uk/def/mp/south-dorset
South Down;context=http://reference.data.gov.uk/def/mp/south-down
South East Cambridgeshire;context=http://reference.data.gov.uk/def/mp/south-east-cambridgeshire
South East Cornwall;context=http://reference.data.gov.uk/def/mp/south-east-cornwall
South Holland and The Deepings;context=http://reference.data.gov.uk/def/mp/south-holland-and-the-deepings
South Leicestershire;context=http://reference.data.gov.uk/def/mp/south-leicestershire
South Norfolk;context=http://reference.data.gov.uk/def/mp/south-norfolk
South Northamptonshire;context=http://reference.data.gov.uk/def/mp/south-northamptonshire
South Ribble;context=http://reference.data.gov.uk/def/mp/south-ribble
South Shields;context=http://reference.data.gov.uk/def/mp/south-shields
South Staffordshire;context=http://reference.data.gov.uk/def/mp/south-staffordshire
South Suffolk;context=http://reference.data.gov.uk/def/mp/south-suffolk
South Swindon;context=http://reference.data.gov.uk/def/mp/south-swindon
South Thanet;context=http://reference.data.gov.uk/def/mp/south-thanet
South West Bedfordshire;context=http://reference.data.gov.uk/def/mp/south-west-bedfordshire
South West Devon;context=http://reference.data.gov.uk/def/mp/south-west-devon
South West Hertfordshire;context=http://reference.data.gov.uk/def/mp/south-west-hertfordshire
South West Norfolk;context=http://reference.data.gov.uk/def/mp/south-west-norfolk
South West Surrey;context=http://reference.data.gov.uk/def/mp/south-west-surrey
South West Wiltshire;context=http://reference.data.gov.uk/def/mp/south-west-wiltshire
Southampton, Itchen;context=http://reference.data.gov.uk/def/mp/southampton-itchen
Southampton, Test;context=http://reference.data.gov.uk/def/mp/southampton-test
Southend West;context=http://reference.data.gov.uk/def/mp/southend-west
Southport;context=http://reference.data.gov.uk/def/mp/southport
Spelthorne;context=http://reference.data.gov.uk/def/mp/spelthorne
St Albans;context=http://reference.data.gov.uk/def/mp/st-albans
St Austell and Newquay;context=http://reference.data.gov.uk/def/mp/st-austell-and-newquay
St Helens North;context=http://reference.data.gov.uk/def/mp/st-helens-north
St Helens South and Whiston;context=http://reference.data.gov.uk/def/mp/st-helens-south-and-whiston
St Ives;context=http://reference.data.gov.uk/def/mp/st-ives
Stafford;context=http://reference.data.gov.uk/def/mp/stafford
Staffordshire Moorlands;context=http://reference.data.gov.uk/def/mp/staffordshire-moorlands
Stalybridge and Hyde;context=http://reference.data.gov.uk/def/mp/stalybridge-and-hyde
Stevenage;context=http://reference.data.gov.uk/def/mp/stevenage
Stirling;context=http://reference.data.gov.uk/def/mp/stirling
Stockport;context=http://reference.data.gov.uk/def/mp/stockport
Stockton North;context=http://reference.data.gov.uk/def/mp/stockton-north
Stockton South;context=http://reference.data.gov.uk/def/mp/stockton-south
Stoke-on-Trent Central;context=http://reference.data.gov.uk/def/mp/stoke-on-trent-central
Stoke-on-Trent North;context=http://reference.data.gov.uk/def/mp/stoke-on-trent-north
Stoke-on-Trent South;context=http://reference.data.gov.uk/def/mp/stoke-on-trent-south
Stone;context=http://reference.data.gov.uk/def/mp/stone
Stourbridge;context=http://reference.data.gov.uk/def/mp/stourbridge
Stratford-on-Avon;context=http://reference.data.gov.uk/def/mp/stratford-on-avon
Streatham;context=http://reference.data.gov.uk/def/mp/streatham
Stretford and Urmston;context=http://reference.data.gov.uk/def/mp/stretford-and-urmston
Stroud;context=http://reference.data.gov.uk/def/mp/stroud
Suffolk Coastal;context=http://reference.data.gov.uk/def/mp/suffolk-coastal
Sunderland Central;context=http://reference.data.gov.uk/def/mp/sunderland-central
Surrey Heath;context=http://reference.data.gov.uk/def/mp/surrey-heath
Sutton Coldfield;context=http://reference.data.gov.uk/def/mp/sutton-coldfield
Sutton and Cheam;context=http://reference.data.gov.uk/def/mp/sutton-and-cheam
Swansea East;context=http://reference.data.gov.uk/def/mp/swansea-east
Swansea West;context=http://reference.data.gov.uk/def/mp/swansea-west
Tamworth;context=http://reference.data.gov.uk/def/mp/tamworth
Tatton;context=http://reference.data.gov.uk/def/mp/tatton
Taunton Deane;context=http://reference.data.gov.uk/def/mp/taunton-deane
Telford;context=http://reference.data.gov.uk/def/mp/telford
Tewkesbury;context=http://reference.data.gov.uk/def/mp/tewkesbury
The Cotswolds;context=http://reference.data.gov.uk/def/mp/the-cotswolds
The Isle of Anglesey;context=http://reference.data.gov.uk/def/mp/the-isle-of-anglesey
The Wrekin;context=http://reference.data.gov.uk/def/mp/the-wrekin
Thirsk and Malton;context=http://reference.data.gov.uk/def/mp/thirsk-and-malton
Thornbury and Yate;context=http://reference.data.gov.uk/def/mp/thornbury-and-yate
Thurrock;context=http://reference.data.gov.uk/def/mp/thurrock
Tiverton and Honiton;context=http://reference.data.gov.uk/def/mp/tiverton-and-honiton
Tonbridge and Malling;context=http://reference.data.gov.uk/def/mp/tonbridge-and-malling
Tooting;context=http://reference.data.gov.uk/def/mp/tooting
Torbay;context=http://reference.data.gov.uk/def/mp/torbay
Torfaen;context=http://reference.data.gov.uk/def/mp/torfaen
Torridge and West Devon;context=http://reference.data.gov.uk/def/mp/torridge-and-west-devon
Totnes;context=http://reference.data.gov.uk/def/mp/totnes
Tottenham;context=http://reference.data.gov.uk/def/mp/tottenham
Truro and Falmouth;context=http://reference.data.gov.uk/def/mp/truro-and-falmouth
Tunbridge Wells;context=http://reference.data.gov.uk/def/mp/tunbridge-wells
Twickenham;context=http://reference.data.gov.uk/def/mp/twickenham
Tynemouth;context=http://reference.data.gov.uk/def/mp/tynemouth
Uxbridge and South Ruislip;context=http://reference.data.gov.uk/def/mp/uxbridge-and-south-ruislip
Vale of Clwyd;context=http://reference.data.gov.uk/def/mp/vale-of-clwyd
Vale of Glamorgan;context=http://reference.data.gov.uk/def/mp/vale-of-glamorgan
Vauxhall;context=http://reference.data.gov.uk/def/mp/vauxhall
Wakefield;context=http://reference.data.gov.uk/def/mp/wakefield
Wallasey;context=http://reference.data.gov.uk/def/mp/wallasey
Walsall North;context=http://reference.data.gov.uk/def/mp/walsall-north
Walsall South;context=http://reference.data.gov.uk/def/mp/walsall-south
Walthamstow;context=http://reference.data.gov.uk/def/mp/walthamstow
Wansbeck;context=http://reference.data.gov.uk/def/mp/wansbeck
Wantage;context=http://reference.data.gov.uk/def/mp/wantage
Warley;context=http://reference.data.gov.uk/def/mp/warley
Warrington North;context=http://reference.data.gov.uk/def/mp/warrington-north
Warrington South;context=http://reference.data.gov.uk/def/mp/warrington-south
Warwick and Leamington;context=http://reference.data.gov.uk/def/mp/warwick-and-leamington
Washington and Sunderland West;context=http://reference.data.gov.uk/def/mp/washington-and-sunderland-west
Watford;context=http://reference.data.gov.uk/def/mp/watford
Waveney;context=http://reference.data.gov.uk/def/mp/waveney
Wealden;context=http://reference.data.gov.uk/def/mp/wealden
Weaver Vale;context=http://reference.data.gov.uk/def/mp/weaver-vale
Wellingborough;context=http://reference.data.gov.uk/def/mp/wellingborough
Wells;context=http://reference.data.gov.uk/def/mp/wells
Welwyn Hatfield;context=http://reference.data.gov.uk/def/mp/welwyn-hatfield
Wentworth and Dearne;context=http://reference.data.gov.uk/def/mp/wentworth-and-dearne
West Aberdeenshire and Kincardine;context=http://reference.data.gov.uk/def/mp/west-aberdeenshire-and-kincardine
West Bromwich East;context=http://reference.data.gov.uk/def/mp/west-bromwich-east
West Bromwich West;context=http://reference.data.gov.uk/def/mp/west-bromwich-west
West Dorset;context=http://reference.data.gov.uk/def/mp/west-dorset
West Dunbartonshire;context=http://reference.data.gov.uk/def/mp/west-dunbartonshire
West Ham;context=http://reference.data.gov.uk/def/mp/west-ham
West Lancashire;context=http://reference.data.gov.uk/def/mp/west-lancashire
West Suffolk;context=http://reference.data.gov.uk/def/mp/west-suffolk
West Tyrone;context=http://reference.data.gov.uk/def/mp/west-tyrone
West Worcestershire;context=http://reference.data.gov.uk/def/mp/west-worcestershire
Westminster North;context=http://reference.data.gov.uk/def/mp/westminster-north
Westmorland and Lonsdale;context=http://reference.data.gov.uk/def/mp/westmorland-and-lonsdale
Weston-Super-Mare;context=http://reference.data.gov.uk/def/mp/weston-super-mare
Wigan;context=http://reference.data.gov.uk/def/mp/wigan
Wimbledon;context=http://reference.data.gov.uk/def/mp/wimbledon
Winchester;context=http://reference.data.gov.uk/def/mp/winchester
Windsor;context=http://reference.data.gov.uk/def/mp/windsor
Wirral South;context=http://reference.data.gov.uk/def/mp/wirral-south
Wirral West;context=http://reference.data.gov.uk/def/mp/wirral-west
Witham;context=http://reference.data.gov.uk/def/mp/witham
Witney;context=http://reference.data.gov.uk/def/mp/witney
Woking;context=http://reference.data.gov.uk/def/mp/woking
Wokingham;context=http://reference.data.gov.uk/def/mp/wokingham
Wolverhampton North East;context=http://reference.data.gov.uk/def/mp/wolverhampton-north-east
Wolverhampton South East;context=http://reference.data.gov.uk/def/mp/wolverhampton-south-east
Wolverhampton South West;context=http://reference.data.gov.uk/def/mp/wolverhampton-south-west
Worcester;context=http://reference.data.gov.uk/def/mp/worcester
Workington;context=http://reference.data.gov.uk/def/mp/workington
Worsley and Eccles South;context=http://reference.data.gov.uk/def/mp/worsley-and-eccles-south
Worthing West;context=http://reference.data.gov.uk/def/mp/worthing-west
Wrexham;context=http://reference.data.gov.uk/def/mp/wrexham
Wycombe;context=http://reference.data.gov.uk/def/mp/wycombe
Wyre Forest;context=http://reference.data.gov.uk/def/mp/wyre-forest
Wyre and Preston North;context=http://reference.data.gov.uk/def/mp/wyre-and-preston-north
Wythenshawe and Sale East;context=http://reference.data.gov.uk/def/mp/wythenshawe-and-sale-east
Yeovil;context=http://reference.data.gov.uk/def/mp/yeovil
York Central;context=http://reference.data.gov.uk/def/mp/york-central
York Outer;context=http://reference.data.gov.uk/def/mp/york-outer
