Large Hadron Collider;function=scientific;context=http://dbpedia.org/resource/Large_Hadron_?Collider
Tate Britain;function=gallery;context=http://dbpedia.org/resource/Tate_Britain
Civic Centre;function=civic;context=http://dbpedia.org/resource/Civic_center
County Hall;function=civic;context=http://dbpedia.org/resource/County_Hall
Charing Cross Station;function=transport
Highgrove;function=royal
HMS Gannet;function=military
RAF Alconbury;function=military
RAF Barford St John;function=military
RAF Barkston Heath;function=military
RAF Barkway;function=military
RAF Benson;function=military
RAF Boulmer;function=military
RAF Brampton;function=military
RAF Brize Norton;function=military
RAF Brize Norton;function=military
RAF Buchan;function=military
RAF Church Fenton;function=military
RAF Coningsby;function=military
RAF Cosford;function=military
RAF Cottesmore;function=military
RAF Cranwell;function=military
RAF Croughton;function=military
RAF Digby;function=military
RAF Donna Nook;function=military
RAF Fairford;function=military
RAF Feltwell;function=military
RAF Fylingdales;function=military
RAF Halton;function=military
RAF Henlow;function=military
RAF High Wycombe;function=military
RAF Holbeach;function=military
RAF Holmpton;function=military
RAF Honington;function=military
RAF Kinloss;function=military
RAF Kirton in Linds;function=militaryey
RAF Lakenheath;function=military
RAF Leconfield;function=military
RAF Leeming;function=military
RAF Leuchars;function=military
RAF Linton-on-Ouse;function=military
RAF Lossiemouth;function=military
RAF Lyneham;function=military
RAF Marham;function=military
RAF Menwith Hill;function=military
RAF Mildenhall;function=military
RAF Molesworth;function=military
RAF Mona;function=military
RAF Neatishead;function=military
RAF Northolt;function=military
RAF Oakhanger;function=military
RAF Odiham;function=military
RAF Pembrey Sands;function=military
RAF Prestwick;function=military
RAF Scampton;function=military
RAF Shawbury;function=military
RAF Spadeadam;function=military
RAF St. Mawgan;function=military
RAF Stanbridge;function=military
RAF Staxton Wold;function=military
RAF Syerston;function=military
RAF Tain;function=military
RAF Topcliffe;function=military
RAF Trimingham;function=military
RAF Upwood;function=military
RAF Valley;function=military
RAF Waddington;function=military
RAF Wainfleet;function=military
RAF Welford;function=military
RAF West Drayton;function=military
RAF Weston-on-the-Green;function=military
RAF Wittering;function=military
RAF Woodley;function=military
RAF Woodvale;function=military
RAF Wyton;function=military
London Underground;function=transport
The Old Vic Tunnels;function=civic