micrograms;unit=μg;count=1
microgrammes;unit=μg;count=1
milligrams;unit=mg;count=1
milligrammes;unit=mg;count=1
grams;unit=g;count=1
grammes;unit=g;count=1
kilograms;unit=kg;count=1
kilogrammes;unit=kg;count=1
tonnes;unit=t;count=1
kilotonnes;unit=t;count=1000
megatonnes;unit=t;count=1000000
gigatonnes;unit=t;count=1000000000
microgram;unit=μg;count=1
microgramme;unit=μg;count=1
milligram;unit=mg;count=1
milligramme;unit=mg;count=1
gram;unit=g;count=1
gramme;unit=g;count=1
kilogram;unit=kg;count=1
kilogramme;unit=kg;count=1
tonne;unit=t;count=1
kilotonne;unit=t;count=1000
megatonne;unit=t;count=1000000
gigatonne;unit=t;count=1000000000
kt;unit=t;count=1000
Mt;unit=t;count=1000000
Gt;unit=t;count=1000000000
μg;unit=μg;count=1
mg;unit=mg;count=1
g;unit=g;count=1
kg;unit=kg;count=1
t;unit=t;count=1