
Angel of the North
Avebury Stone Circle
Big Ben
Cenotaph
Hadrian's Wall
Hadrian’s Wall
House of Commons
House of Lords
Houses of Parliament
London Eye
Nelson's Column;context=http://dbpedia.org/resource/Nelson's_Column
Nelson’s Column;context=http://dbpedia.org/resource/Nelson's_Column
Old Sarum
Palace of Westminster;context=http://dbpedia.org/resource/Palace_of_Westminster
Stonehenge;context=http://dbpedia.org/resource/Stonehenge
Sutton Hoo
The Gherkin
The London Stone
The White Horse
Stone of Remembrance;context=http://dbpedia.org/resource/Stone_of_Remembrance

Berlin Wall;location=world;context=http://dbpedia.org/resource/Berlin_Wall
Taj Mahal;location=world;context=http://dbpedia.org/resource/Taj_Mahal
