Aberaeron;easting=245500;northing=262500;partial-context=434
Abercarn;easting=321500;northing=194500;partial-context=461
Aberchirder;easting=362500;northing=852500;partial-context=469
Abercynon;easting=308500;northing=195500;partial-context=488
Aberdare;easting=300500;northing=202500;partial-context=493
Aberdar;easting=300500;northing=202500;partial-context=493
Aberfeldy;easting=285500;northing=749500;partial-context=529
Abergavenny;easting=329500;northing=214500;partial-context=544
Y Fenni;easting=329500;northing=214500;partial-context=544
Abergele;easting=294500;northing=377500;partial-context=547
Abersychan;easting=326500;northing=203500;partial-context=646
Abertillery;easting=321500;northing=204500;partial-context=652
Abertyleri;easting=321500;northing=204500;partial-context=652
Aberystwyth;easting=258500;northing=281500;partial-context=662
Abingdon;easting=449500;northing=197500;partial-context=995
Abram;easting=360500;northing=401500;partial-context=1044
Accrington;easting=375500;northing=428500;partial-context=1091
Acton;easting=520500;northing=180500;partial-context=1562
Addlestone;easting=504500;northing=164500;partial-context=1687
Adlington;easting=360500;northing=413500;partial-context=1723
Adwick Le Street;easting=453500;northing=407500;partial-context=1776
Airdrie;easting=276500;northing=665500;partial-context=2647
Aldeburgh;easting=646500;northing=256500;partial-context=3010
Alderley Edge;easting=384500;northing=378500;partial-context=3074
Aldershot;easting=486500;northing=150500;partial-context=3111
Aldridge;easting=405500;northing=300500;partial-context=3185
Alexandria;easting=239500;northing=680500;partial-context=3244
Alford;easting=545500;northing=375500;partial-context=3254
Alfreton;easting=441500;northing=355500;partial-context=3267
Alkmonton;easting=418500;northing=338500;partial-context=3309
Alloa;easting=288500;northing=692500;partial-context=3560
Alness;easting=265500;northing=869500;partial-context=6317
Alnwick;easting=418500;northing=613500;partial-context=6329
Alsager;easting=379500;northing=355500;partial-context=6372
Alton;easting=471500;northing=139500;partial-context=6482
Altrincham;easting=376500;northing=387500;partial-context=6518
Alva;easting=288500;northing=696500;partial-context=6536
Alyth;easting=324500;northing=748500;partial-context=6594
Amble;easting=427500;northing=603500;partial-context=6755
Ambleside;easting=337500;northing=504500;partial-context=6759
Amersham;easting=496500;northing=198500;partial-context=6800
Amlwch;easting=244500;northing=393500;partial-context=6832
Ammanford;easting=262500;northing=212500;partial-context=6834
Rhydaman;easting=262500;northing=212500;partial-context=6834
Ampthill;easting=503500;northing=237500;partial-context=6869
Andover;easting=436500;northing=145500;partial-context=7470
Annan;easting=319500;northing=566500;partial-context=7608
Annfield Plain;easting=417500;northing=551500;partial-context=7666
Anstruther Easter;easting=357500;northing=703500;partial-context=7733
Anstruther Wester;easting=356500;northing=703500;partial-context=7734
Appleby in Westmorland;easting=368500;northing=520500;partial-context=7920
Appleby-in-Westmorland;easting=368500;northing=520500;partial-context=7920
Arbroath;easting=364500;northing=741500;partial-context=8061
Ardrossan;easting=223500;northing=642500;partial-context=8498
Armadale;easting=278500,293500;northing=964500,668500;partial-context=8753,8754
Arnold;easting=459500;northing=345500;partial-context=8886
Arundel;easting=501500;northing=107500;partial-context=9055
Ashbourne;easting=418500;northing=346500;partial-context=9275
Ashburton;easting=275500;northing=70500;partial-context=9286
Ashby de la Zouch;easting=435500;northing=316500;partial-context=9320
Ashby-de-la-Zouch;easting=435500;northing=316500;partial-context=9320
Ashford;easting=506500,600500;northing=171500,142500;partial-context=9492,9493
Ashington;easting=427500;northing=587500;partial-context=9545
Ashton Under Lyne;easting=394500;northing=399500;partial-context=9765
Ashton in Makerfield;easting=357500;northing=399500;partial-context=9761
Ashton-Under-Lyne;easting=394500;northing=399500;partial-context=9765
Ashton-in-Makerfield;easting=357500;northing=399500;partial-context=9761
Atherstone;easting=431500;northing=297500;partial-context=10153
Atherton;easting=367500;northing=403500;partial-context=10158
Attleborough;easting=604500;northing=295500;partial-context=10204
Auchmuirbridge;easting=321500;northing=701500;partial-context=10630
Auchterarder;easting=294500;northing=712500;partial-context=10724
Auchtermuchty;easting=323500;northing=711500;partial-context=10740
Axminster;easting=329500;northing=98500;partial-context=11147
Aylesbury;easting=481500;northing=213500;partial-context=11195
Aylsham;easting=619500;northing=327500;partial-context=11218
Ayr;easting=234500;northing=622500;partial-context=11238
Bacup;easting=386500;northing=422500;partial-context=11694
Baildon;easting=415500;northing=439500;partial-context=12275
Bakewell;easting=421500;northing=368500;partial-context=12463
Bala;easting=292500;northing=336500;partial-context=12509
Y Bala;easting=292500;northing=336500;partial-context=12509
Baldock;easting=524500;northing=233500;partial-context=12658
Ballater;easting=336500;northing=795500;partial-context=13197
Bamber Bridge;easting=356500;northing=426500;partial-context=13919
Banbury;easting=445500;northing=240500;partial-context=13955
Banchory;easting=369500;northing=795500;partial-context=14031
Banff;easting=368500;northing=864500;partial-context=14072
Banstead;easting=525500;northing=159500;partial-context=14566
Bargod or Bargoed;easting=314500;northing=199500;partial-context=14984
Bargoed or Bargod;easting=314500;northing=199500;partial-context=14989
Barking;easting=544500;northing=184500;partial-context=15082
Barmouth;easting=261500;northing=315500;partial-context=15275
Abermaw;easting=261500;northing=315500;partial-context=15275
Barnard Castle;easting=405500;northing=516500;partial-context=15369
Barnes;easting=522500;northing=176500;partial-context=15436
Barnet;easting=524500;northing=195500;partial-context=15456
Barnoldswick;easting=387500;northing=446500;partial-context=15559
Barnsley;easting=434500;northing=406500;partial-context=15624
Barnstaple;easting=256500;northing=133500;partial-context=15636
Barrhead;easting=250500;northing=658500;partial-context=15879
Barrow In Furness;easting=319500;northing=469500;partial-context=16040
Barrow-In-Furness;easting=319500;northing=469500;partial-context=16040
Barrowford;easting=385500;northing=439500;partial-context=16034
Barry;easting=353500;northing=734500;partial-context=16061
Barton Upon Humber;easting=503500;northing=422500;partial-context=16300
Barton-Upon-Humber;easting=503500;northing=422500;partial-context=16300
Basildon;easting=573500;northing=189500;partial-context=16380
Basingstoke;easting=463500;northing=152500;partial-context=16394
Bathgate;easting=297500;northing=669500;partial-context=16580
Batley;easting=424500;northing=424500;partial-context=16593
Battersea;easting=528500;northing=176500;partial-context=16624
Battle;easting=574500;northing=116500;partial-context=16643
Beaconsfield;easting=493500;northing=190500;partial-context=17276
Bearsden;easting=251500;northing=672500;partial-context=17723
Beaumaris;easting=260500;northing=376500;partial-context=17802
Bebington;easting=333500;northing=383500;partial-context=17853
Beccles;easting=642500;northing=290500;partial-context=17860
Beckenham;easting=537500;northing=169500;partial-context=17949
Bedford;easting=505500;northing=249500;partial-context=18104
Bedlington;easting=426500;northing=581500;partial-context=18155
Bedwas;easting=317500;northing=189500;partial-context=18182
Bedworth;easting=435500;northing=286500;partial-context=18198
Beeston;easting=452500;northing=336500;partial-context=18473
Belper;easting=435500;northing=347500;partial-context=19920
Bentley;easting=456500;northing=405500;partial-context=20556
Berkhamsted;easting=498500;northing=208500;partial-context=20764
Bermondsey;easting=533500;northing=179500;partial-context=20780
Berwick upon Tweed;easting=399500;northing=652500;partial-context=21137
Berwick-upon-Tweed;easting=399500;northing=652500;partial-context=21137
Bethesda;easting=246500;northing=356500;partial-context=21221
Bethnal Green;easting=534500;northing=182500;partial-context=21229
Betws y Coed;easting=279500;northing=356500;partial-context=21294
Betws-y-Coed;easting=279500;northing=356500;partial-context=21294
Beverley;easting=504500;northing=440500;partial-context=21327
Bewdley;easting=378500;northing=275500;partial-context=21363
Bexhill;easting=573500;northing=108500;partial-context=21386
Bexley;easting=546500;northing=175500;partial-context=21388
Bicester;easting=458500;northing=222500;partial-context=21452
Biddulph;easting=388500;northing=357500;partial-context=21572
Bideford;easting=244500;northing=126500;partial-context=21580
Biggar;easting=304500;northing=637500;partial-context=21742
Biggleswade;easting=519500;northing=244500;partial-context=21793
Billericay;easting=567500;northing=194500;partial-context=21918
Billinge;easting=353500;northing=400500;partial-context=21953
Billingham;easting=446500;northing=523500;partial-context=21964
Billingshurst;easting=508500;northing=125500;partial-context=21981
Bilston;easting=394500;northing=297500;partial-context=22032
Bingley;easting=411500;northing=439500;partial-context=22120
Birkenhead;easting=330500;northing=388500;partial-context=22673
Bishop Auckland;easting=420500;northing=528500;partial-context=22946
Bishop's Castle;easting=332500;northing=288500;partial-context=23007
Bishop's Stortford;easting=549500;northing=221500;partial-context=23061
Blackburn;easting=368500;northing=427500;partial-context=24212
Blackheath;easting=397500;northing=286500;partial-context=24447
Blackpool;easting=331500;northing=436500;partial-context=24756
Blackwood;easting=317500,272500;northing=197500,674500;partial-context=24957,24938
Coed Duon;easting=317500;northing=197500;partial-context=24957
Blaenau Ffestiniog;easting=270500;northing=345500;partial-context=25061
Blaenavon;easting=325500;northing=209500;partial-context=25072
Blaina;easting=319500;northing=208500;partial-context=25366
Blairgowrie;easting=317500;northing=745500;partial-context=25437
Blandford Forum;easting=388500;northing=106500;partial-context=25697
Blaydon;easting=417500;northing=562500;partial-context=25862
Bloxwich;easting=399500;northing=302500;partial-context=26332
Blyth;easting=430500;northing=581500;partial-context=26534
Bo'ness;easting=299500;northing=681500;partial-context=27696
Bodmin;easting=206500;northing=67500;partial-context=26863
Bognor Regis;easting=493500;northing=99500;partial-context=27255
Bollington;easting=393500;northing=377500;partial-context=27502
Bolsover;easting=447500;northing=370500;partial-context=27521
Bolton Upon Dearne;easting=445500;northing=402500;partial-context=27587
Bolton;easting=371500;northing=408500;partial-context=27545
Bonnyrigg;easting=329500;northing=665500;partial-context=27770
Bootle;easting=333500;northing=394500;partial-context=27960
Bordon;easting=479500;northing=135500;partial-context=28029
Borehamwood;easting=519500;northing=197500;partial-context=28049
Boston;easting=533500;northing=344500;partial-context=28409
Bourne;easting=509500;northing=320500;partial-context=28790
Bournemouth;easting=408500;northing=91500;partial-context=28838
Bow;easting=536500;northing=182500;partial-context=28939
Bowness On Windermere;easting=340500;northing=496500;partial-context=29301
Bowness-On-Windermere;easting=340500;northing=496500;partial-context=29301
Brackley;easting=458500;northing=237500;partial-context=29648
Bracknell;easting=486500;northing=168500;partial-context=29661
Bradford On Avon;easting=382500;northing=161500;partial-context=29788
Bradford-On-Avon;easting=382500;northing=161500;partial-context=29788
Braintree;easting=576500;northing=223500;partial-context=30375
Bramhall;easting=389500;northing=384500;partial-context=30483
Brandon;easting=423500;northing=539500;partial-context=30635
Brechin;easting=360500;northing=759500;partial-context=31152
Brecon;easting=304500;northing=228500;partial-context=31250
Aberhonddu;easting=304500;northing=228500;partial-context=31250
Brentford;easting=518500;northing=177500;partial-context=31434
Brentwood;easting=560500;northing=193500;partial-context=31442
Bridge of Allan;easting=279500;northing=697500;partial-context=31869
Bridgend;easting=217500;northing=245500;partial-context=32025
Bridgnorth;easting=371500;northing=293500;partial-context=32065
Bridgwater;easting=330500;northing=137500;partial-context=32067
Bridlington;easting=518500;northing=467500;partial-context=32079
Bridport;easting=346500;northing=92500;partial-context=32081
Brierfield;easting=384500;northing=436500;partial-context=32094
Brierley Hill;easting=392500;northing=286500;partial-context=32105
Brigg;easting=500500;northing=407500;partial-context=32144
Brighouse;easting=414500;northing=423500;partial-context=32169
Brightlingsea;easting=608500;northing=217500;partial-context=32190
Brixton;easting=531500;northing=175500;partial-context=32535
Broadstairs;easting=639500;northing=167500;partial-context=33072
Bromley;easting=540500;northing=169500;partial-context=33547
Bromsgrove;easting=395500;northing=270500;partial-context=33594
Brotton;easting=468500;northing=519500;partial-context=34580
Brownhills;easting=404500;northing=305500;partial-context=35012
Brynmawr;easting=318500;northing=211500;partial-context=36231
Buckfastleigh;easting=273500;northing=66500;partial-context=36590
Buckhaven;easting=335500;northing=698500;partial-context=36602
Buckie;easting=341500;northing=865500;partial-context=36628
Buckingham;easting=469500;northing=233500;partial-context=36638
Buckley;easting=390500;northing=415500;partial-context=36730
Bude;easting=221500;northing=106500;partial-context=36868
Budleigh Salterton;easting=306500;northing=82500;partial-context=36890
Builth Wells;easting=303500;northing=250500;partial-context=36985
Llanfair-Ym-Muallt;easting=303500;northing=250500;partial-context=36985
Bunavullin;easting=156500;northing=753500;partial-context=37317
Burford;easting=425500;northing=212500;partial-context=37552
Burgess Hill;easting=531500;northing=119500;partial-context=37589
Burghead;easting=311500;northing=869500;partial-context=37629
Burnham On Crouch;easting=595500;northing=196500;partial-context=38309
Burnham on Sea;easting=330500;northing=149500;partial-context=38310
Burnham-On-Crouch;easting=595500;northing=196500;partial-context=38309
Burnham-on-Sea;easting=330500;northing=149500;partial-context=38310
Burnley;easting=383500;northing=432500;partial-context=38398
Burntisland;easting=323500;northing=686500;partial-context=38717
Burry Port;easting=244500;northing=201500;partial-context=38949
Porth Tywyn;easting=244500;northing=201500;partial-context=38949
Burton Latimer;easting=489500;northing=274500;partial-context=39093
Burton by Lincoln;easting=496500;northing=374500;partial-context=39135
Burton upon Trent;easting=424500;northing=322500;partial-context=39126
Burton-by-Lincoln;easting=496500;northing=374500;partial-context=39135
Bury St Edmunds;easting=585500;northing=264500;partial-context=39266
Bury;easting=380500;northing=410500;partial-context=39188
Bushey;easting=513500;northing=195500;partial-context=39400
Buxton;easting=406500;northing=373500;partial-context=39812
Caerleon or Caerllion;easting=333500;northing=190500;partial-context=40779
Caerllion or Caerleon;easting=333500;northing=190500;partial-context=40782
Caernarfon;easting=248500;northing=362500;partial-context=40796
Caerphilly;easting=315500;northing=186500;partial-context=40804
Caerffil;easting=315500;northing=186500;partial-context=40804
Callander;easting=263500;northing=707500;partial-context=41665
Calne;easting=399500;northing=171500;partial-context=41765
Camberley;easting=488500;northing=160500;partial-context=42081
Camberwell;easting=533500;northing=177500;partial-context=42083
Camborne;easting=164500;northing=40500;partial-context=42095
Camden Town;easting=529500;northing=184500;partial-context=42150
Campbeltown;easting=171500;northing=620500;partial-context=42334
Cannock;easting=398500;northing=310500;partial-context=42610
Canvey Island;easting=578500;northing=183500;partial-context=42725
Cardigan;easting=217500;northing=246500;partial-context=43194
Aberteifi;easting=217500;northing=246500;partial-context=43194
Carlton;easting=460500;northing=341500;partial-context=43477
Carmarthen;easting=241500;northing=220500;partial-context=43538
Caerfyrddin;easting=241500;northing=220500;partial-context=43538
Carnforth;easting=349500;northing=470500;partial-context=44598
Carnoustie;easting=356500;northing=734500;partial-context=44657
Carshalton;easting=527500;northing=164500;partial-context=45221
Carterton;easting=428500;northing=206500;partial-context=45311
Castle Douglas;easting=276500;northing=562500;partial-context=45731
Castleford;easting=442500;northing=425500;partial-context=46202
Castletown;easting=226500;northing=467500;partial-context=46347
Caterham;easting=533500;northing=155500;partial-context=46489
Catford;easting=538500;northing=173500;partial-context=46499
Chadderton;easting=390500;northing=405500;partial-context=48012
Chard;easting=332500;northing=108500;partial-context=48743
Charlbury;easting=435500;northing=219500;partial-context=48801
Charlestown of Aberlour;easting=326500;northing=842500;partial-context=48852
Chatham;easting=576500;northing=165500;partial-context=49084
Chatteris;easting=539500;northing=285500;partial-context=49104
Cheadle Hulme;easting=387500;northing=386500;partial-context=49157
Cheadle;easting=386500;northing=388500;partial-context=49153
Chelmsford;easting=570500;northing=206500;partial-context=49291
Chelsea;easting=527500;northing=177500;partial-context=49297
Cheltenham;easting=394500;northing=222500;partial-context=49311
Chepstow;easting=353500;northing=193500;partial-context=49340
Cas Gwent;easting=353500;northing=193500;partial-context=49340
Chertsey;easting=504500;northing=166500;partial-context=49461
Chesham;easting=496500;northing=201500;partial-context=49478
Cheshunt;easting=535500;northing=202500;partial-context=49491
Chester Le Street;easting=427500;northing=551500;partial-context=49559
Chester-Le-Street;easting=427500;northing=551500;partial-context=49559
Chesterfield;easting=438500;northing=371500;partial-context=49536
Chigwell;easting=543500;northing=193500;partial-context=49813
Chingford;easting=539500;northing=194500;partial-context=50007
Chippenham;easting=391500;northing=173500;partial-context=50043
Chipping Norton;easting=431500;northing=226500;partial-context=50069
Chipping Ongar;easting=555500;northing=203500;partial-context=50070
Chipping Sodbury;easting=372500;northing=182500;partial-context=50071
Chiswick;easting=520500;northing=178500;partial-context=50137
Chorley;easting=358500;northing=417500;partial-context=50237
Chorleywood;easting=502500;northing=196500;partial-context=50254
Christchurch;easting=415500;northing=92500;partial-context=50287
Church;easting=374500;northing=429500;partial-context=50347
Cirencester;easting=402500;northing=201500;partial-context=51054
Clackmannan;easting=291500;northing=691500;partial-context=51259
Clacton On Sea;easting=617500;northing=215500;partial-context=51266
Clacton-On-Sea;easting=617500;northing=215500;partial-context=51266
Clapham;easting=529500;northing=175500;partial-context=51426
Clay Cross;easting=439500;northing=363500;partial-context=51817
Clayton Le Moors;easting=374500;northing=431500;partial-context=52031
Clayton-Le-Moors;easting=374500;northing=431500;partial-context=52031
Cleator Moor;easting=302500;northing=514500;partial-context=52101
Cleckheaton;easting=418500;northing=425500;partial-context=52145
Cleethorpes;easting=530500;northing=408500;partial-context=52170
Clevedon;easting=339500;northing=171500;partial-context=52463
Cleveleys;easting=331500;northing=443500;partial-context=52486
Clitheroe;easting=374500;northing=441500;partial-context=52841
Clydebank;easting=249500;northing=670500;partial-context=53441
Coalville;easting=442500;northing=313500;partial-context=54650
Coatbridge;easting=272500;northing=665500;partial-context=54670
Cockenzie and Port Seton;easting=340500;northing=675500;partial-context=54970
Cockermouth;easting=312500;northing=530500;partial-context=54991
Colchester;easting=599500;northing=225500;partial-context=56884
Coldstream;easting=384500;northing=639500;partial-context=57207
Colne;easting=389500;northing=440500;partial-context=57750
Colwyn Bay;easting=286500;northing=378500;partial-context=57937
Bae Colwyn;easting=286500;northing=378500;partial-context=57937
Congleton;easting=386500;northing=363500;partial-context=58590
Conisbrough;easting=451500;northing=398500;partial-context=58632
Connah's Quay;easting=329500;northing=369500;partial-context=58677
Consett;easting=409500;northing=551500;partial-context=58733
Conwy;easting=277500;northing=377500;partial-context=58765
Corby;easting=488500;northing=289500;partial-context=59507
Coseley;easting=394500;northing=294500;partial-context=60290
Cottingham;easting=504500;northing=432500;partial-context=60684
Coulsdon;easting=530500;northing=158500;partial-context=60817
Coupar Angus;easting=322500;northing=740500;partial-context=60901
Cove;easting=222500;northing=682500;partial-context=61195
Cowbridge;easting=295500;northing=142500;partial-context=61402
Cowdenbeath;easting=316500;northing=691500;partial-context=61445
Cowes;easting=449500;northing=95500;partial-context=61474
Crail;easting=361500;northing=707500;partial-context=63255
Crawley;easting=527500;northing=136500;partial-context=63637
Crayford;easting=551500;northing=174500;partial-context=63682
Crediton;easting=283500;northing=100500;partial-context=64989
Crewe;easting=370500;northing=355500;partial-context=65171
Crewkerne;easting=344500;northing=109500;partial-context=65182
Criccieth;easting=250500;northing=338500;partial-context=65230
Cricklade;easting=409500;northing=193500;partial-context=65278
Crieff;easting=286500;northing=721500;partial-context=65297
Cromarty;easting=278500;northing=867500;partial-context=65872
Cromer;easting=621500;northing=342500;partial-context=65892
Crook;easting=416500;northing=535500;partial-context=66002
Crosby;easting=331500;northing=398500;partial-context=66245
Crowborough;easting=551500;northing=130500;partial-context=66918
Croydon;easting=533500;northing=165500;partial-context=67191
Crynant;easting=279500;northing=205500;partial-context=67636
Creunant;easting=279500;northing=205500;partial-context=67636
Cullen;easting=351500;northing=867500;partial-context=68037
Culross;easting=298500;northing=685500;partial-context=68147
Cumbernauld;easting=276500;northing=674500;partial-context=68260
Cumnock;easting=257500;northing=619500;partial-context=68316
Cupar;easting=337500;northing=714500;partial-context=68381
Cwmbran;easting=329500;northing=195500;partial-context=69003
Cwmbrân;easting=329500;northing=195500;partial-context=69003
Da Toon o Ham;easting=397500;northing=1139500;partial-context=69513
Dagenham;easting=548500;northing=184500;partial-context=69563
Dalbeattie;easting=283500;northing=561500;partial-context=69738
Dalkeith;easting=334500;northing=667500;partial-context=70054
Dalton In Furness;easting=323500;northing=474500;partial-context=70314
Dalton-In-Furness;easting=323500;northing=474500;partial-context=70314
Darlaston;easting=397500;northing=297500;partial-context=70736
Darlington;easting=428500;northing=514500;partial-context=70776
Dartmouth;easting=287500;northing=51500;partial-context=70912
Darvel;easting=256500;northing=637500;partial-context=70917
Darwen;easting=369500;northing=422500;partial-context=70926
Daventry;easting=457500;northing=262500;partial-context=70986
Dawlish;easting=296500;northing=76500;partial-context=71053
Deal;easting=637500;northing=152500;partial-context=71231
Denbigh;easting=305500;northing=366500;partial-context=71995
Dinbych;easting=305500;northing=366500;partial-context=71995
Denny;easting=280500;northing=682500;partial-context=72162
Denton;easting=392500;northing=395500;partial-context=72224
Deptford;easting=536500;northing=177500;partial-context=72287
Desborough;easting=480500;northing=283500;partial-context=72449
Devizes;easting=400500;northing=161500;partial-context=72597
Dewsbury;easting=424500;northing=422500;partial-context=72653
Didcot;easting=452500;northing=189500;partial-context=72762
Dingwall;easting=254500;northing=858500;partial-context=73037
Diss;easting=611500;northing=280500;partial-context=73226
Dolgellau;easting=272500;northing=317500;partial-context=73899
Dollar;easting=296500;northing=698500;partial-context=73936
Doncaster;easting=457500;northing=402500;partial-context=74081
Dorchester;easting=368500;northing=90500;partial-context=74200
Dorking;easting=516500;northing=149500;partial-context=74219
Dornoch;easting=280500;northing=889500;partial-context=74254
Douglas;easting=238500;northing=475500;partial-context=74370
Doune;easting=273500;northing=701500;partial-context=74415
Dover;easting=631500;northing=141500;partial-context=74532
Downham Market;easting=561500;northing=303500;partial-context=74803
Driffield;easting=502500;northing=458500;partial-context=75205
Droitwich;easting=389500;northing=263500;partial-context=75301
Dronfield;easting=435500;northing=378500;partial-context=75321
Droylsden;easting=389500;northing=398500;partial-context=75396
Dudley;easting=393500;northing=290500;partial-context=76737
Dufftown;easting=332500;northing=839500;partial-context=76786
Dukinfield;easting=394500;northing=397500;partial-context=76872
Dumbarton;easting=240500;northing=675500;partial-context=76930
Dumfries;easting=297500;northing=576500;partial-context=76956
Dunbar;easting=367500;northing=678500;partial-context=77382
Dunblane;easting=278500;northing=701500;partial-context=77396
Dunfermline;easting=310500;northing=687500;partial-context=77561
Dunoon;easting=217500;northing=676500;partial-context=77813
Duns;easting=378500;northing=653500;partial-context=77833
Dunstable;easting=501500;northing=221500;partial-context=77922
Dyce;easting=388500;northing=812500;partial-context=78273
Ealing;easting=517500;northing=180500;partial-context=78633
Earby;easting=390500;northing=446500;partial-context=78650
Earlsferry;easting=348500;northing=699500;partial-context=78736
East Barnet;easting=527500;northing=194500;partial-context=79061
East Grinstead;easting=539500;northing=138500;partial-context=79479
East Ham;easting=542500;northing=183500;partial-context=79501
East Kilbride;easting=263500;northing=654500;partial-context=79659
East Linton;easting=359500;northing=677500;partial-context=79735
Eastbourne;easting=559500;northing=100500;partial-context=80238
Eastleigh;easting=445500;northing=119500;partial-context=80837
Eastwood;easting=446500;northing=346500;partial-context=80995
Ebbw Vale;easting=316500;northing=209500;partial-context=81120
Glyn Ebwy;easting=316500;northing=209500;partial-context=81120
Eccles;easting=377500;northing=398500;partial-context=81160
Edgware;easting=519500;northing=192500;partial-context=81468
Edmondbyers;easting=401500;northing=550500;partial-context=81535
Edmonton;easting=533500;northing=192500;partial-context=81548
Egham;easting=500500;northing=171500;partial-context=81704
Egremont;easting=301500;northing=510500;partial-context=81751
Elgin;easting=321500;northing=862500;partial-context=82589
Elland;easting=411500;northing=421500;partial-context=82648
Ellesmere Port;easting=341500;northing=375500;partial-context=82798
Ellon;easting=395500;northing=830500;partial-context=82864
Eltham;easting=542500;northing=174500;partial-context=83257
Emsworth;easting=474500;northing=106500;partial-context=83465
Enfield;easting=533500;northing=196500;partial-context=83506
Epping;easting=545500;northing=202500;partial-context=83651
Epsom;easting=520500;northing=160500;partial-context=83666
Erith;easting=550500;northing=177500;partial-context=83727
Erskine;easting=245500;northing=671500;partial-context=83807
Esher;easting=514500;northing=164500;partial-context=84053
Eton;easting=496500;northing=177500;partial-context=84230
Evesham;easting=403500;northing=243500;partial-context=84411
Ewell;easting=521500;northing=162500;partial-context=84490
Exmouth;easting=300500;northing=81500;partial-context=84605
Eye;easting=614500;northing=273500;partial-context=84639
Eyemouth;easting=394500;northing=664500;partial-context=84654
Failsworth;easting=389500;northing=401500;partial-context=84824
Fairford;easting=415500;northing=200500;partial-context=84954
Fakenham;easting=592500;northing=330500;partial-context=85111
Falkirk;easting=288500;northing=680500;partial-context=85169
Falkland;easting=325500;northing=707500;partial-context=85170
Falmouth;easting=180500;northing=32500;partial-context=85269
Fareham;easting=456500;northing=106500;partial-context=85527
Faringdon;easting=428500;northing=195500;partial-context=85555
Farnborough;easting=487500;northing=154500;partial-context=85693
Farnham;easting=484500;northing=146500;partial-context=85723
Farnworth;easting=373500;northing=405500;partial-context=85753
Faversham;easting=601500;northing=161500;partial-context=85920
Featherstone;easting=442500;northing=420500;partial-context=86073
Felixstowe;easting=630500;northing=234500;partial-context=86291
Feltham;easting=510500;northing=173500;partial-context=86444
Ferndale;easting=299500;northing=196500;partial-context=86737
Filey;easting=511500;northing=480500;partial-context=87761
Finchley;easting=525500;northing=190500;partial-context=87847
Findochty;easting=346500;northing=868500;partial-context=87874
Finsbury;easting=531500;northing=182500;partial-context=88032
Fishguard;easting=195500;northing=237500;partial-context=88382
Abergwaun;easting=195500;northing=237500;partial-context=88382
Fleet;easting=480500;northing=154500;partial-context=88831
Fleetwood;easting=332500;northing=447500;partial-context=88878
Flint;easting=324500;northing=372500;partial-context=89020
Y Fflint;easting=324500;northing=372500;partial-context=89020
Folkestone;easting=621500;northing=136500;partial-context=89507
Fordingbridge;easting=414500;northing=114500;partial-context=89913
Forfar;easting=345500;northing=750500;partial-context=90210
Formby;easting=329500;northing=407500;partial-context=90262
Forres;easting=303500;northing=858500;partial-context=90293
Fort William;easting=210500;northing=773500;partial-context=90372
An Gearasdan;easting=210500;northing=773500;partial-context=90372
Fortrose;easting=272500;northing=856500;partial-context=90416
Fortuneswell;easting=368500;northing=73500;partial-context=90423
Fowey;easting=212500;northing=51500;partial-context=90827
Framlingham;easting=628500;northing=263500;partial-context=91253
Fraserburgh;easting=399500;northing=867500;partial-context=91373
Freckleton;easting=342500;northing=428500;partial-context=91391
Friern Barnet;easting=528500;northing=192500;partial-context=91645
Frimley;easting=488500;northing=158500;partial-context=91672
Frinton On Sea;easting=623500;northing=219500;partial-context=91685
Frinton-On-Sea;easting=623500;northing=219500;partial-context=91685
Frodsham;easting=352500;northing=377500;partial-context=91818
Frome;easting=377500;northing=147500;partial-context=91924
Fulham;easting=524500;northing=176500;partial-context=92264
Fulwood;easting=354500;northing=431500;partial-context=92360
Gainsborough;easting=481500;northing=389500;partial-context=92751
Galashiels;easting=349500;northing=636500;partial-context=92838
Galston;easting=249500;northing=636500;partial-context=93154
Garforth;easting=441500;northing=432500;partial-context=93599
Gatehouse of Fleet;easting=260500;northing=556500;partial-context=94493
Gateshead;easting=424500;northing=560500;partial-context=94528
Gatley;easting=384500;northing=388500;partial-context=94594
Gerrards Cross;easting=499500;northing=187500;partial-context=95405
Gillingham;easting=380500,577500;northing=126500,167500;partial-context=95995,95997
Girvan;easting=218500;northing=597500;partial-context=96210
Glastonbury;easting=350500;northing=139500;partial-context=96916
Glossop;easting=403500;northing=393500;partial-context=98929
Godalming;easting=496500;northing=143500;partial-context=99259
Godmanchester;easting=524500;northing=270500;partial-context=99299
Golborne;easting=361500;northing=397500;partial-context=99437
Goldthorpe;easting=446500;northing=404500;partial-context=99599
Goodwick;easting=194500;northing=238500;partial-context=99755
Wdig;easting=194500;northing=238500;partial-context=99755
Goole;easting=474500;northing=423500;partial-context=99771
Gorseinon;easting=258500;northing=198500;partial-context=100140
Gosport;easting=459500;northing=100500;partial-context=100321
Gourock;easting=224500;northing=677500;partial-context=100434
Grange Over Sands;easting=340500;northing=477500;partial-context=101505
Grange-Over-Sands;easting=340500;northing=477500;partial-context=101505
Grangemouth;easting=293500;northing=681500;partial-context=101501
Grantham;easting=491500;northing=336500;partial-context=101535
Grantown On Spey;easting=303500;northing=827500;partial-context=101549
Grantown-On-Spey;easting=303500;northing=827500;partial-context=101549
Gravesend;easting=565500;northing=174500;partial-context=101713
Grays;easting=561500;northing=177500;partial-context=101751
Great Dunmow;easting=561500;northing=222500;partial-context=102099
Great Harwood;easting=373500;northing=432500;partial-context=102226
Great Malvern;easting=378500;northing=246500;partial-context=102424
Great Torrington;easting=249500;northing=119500;partial-context=102713
Great Yarmouth;easting=652500;northing=307500;partial-context=102866
Greenford;easting=513500;northing=182500;partial-context=103666
Greenholm;easting=253500;northing=637500;partial-context=103830
Greenock;easting=227500;northing=676500;partial-context=103978
Greenwich;easting=539500;northing=177500;partial-context=104227
Grimsby;easting=527500;northing=409500;partial-context=104733
Guildford;easting=499500;northing=149500;partial-context=105665
Guisborough;easting=461500;northing=515500;partial-context=105703
Guiseley;easting=419500;northing=442500;partial-context=105708
Hackney;easting=534500;northing=184500;partial-context=106452
Haddington;easting=351500;northing=673500;partial-context=106501
Hadleigh;easting=602500;northing=242500;partial-context=106555
Hailsham;easting=559500;northing=109500;partial-context=107005
Hale;easting=376500;northing=386500;partial-context=107106
Halesowen;easting=395500;northing=283500;partial-context=107191
Halifax;easting=409500;northing=425500;partial-context=107313
Halstead;easting=581500;northing=230500;partial-context=108045
Hamilton;easting=272500;northing=655500;partial-context=108330
Hammersmith;easting=522500;northing=179500;partial-context=108387
Hampstead;easting=526500;northing=185500;partial-context=108480
Harleston;easting=624500;northing=283500;partial-context=109643
Harlow;easting=545500;northing=209500;partial-context=109681
Harpenden;easting=513500;northing=214500;partial-context=109761
Harrogate;easting=430500;northing=455500;partial-context=109919
Harrow;easting=514500;northing=188500;partial-context=109948
Hartlepool;easting=450500;northing=532500;partial-context=110156
Harwich;easting=624500;northing=231500;partial-context=110356
Haslemere;easting=489500;northing=132500;partial-context=110460
Haslingden;easting=378500;northing=423500;partial-context=110466
Hastings;easting=581500;northing=110500;partial-context=110517
Hatfield;easting=522500;northing=207500;partial-context=110610
Havant;easting=471500;northing=106500;partial-context=110903
Haverfordwest;easting=195500;northing=215500;partial-context=110940
Hwlffordd;easting=195500;northing=215500;partial-context=110940
Haverhill;easting=566500;northing=245500;partial-context=110943
Hawick;easting=350500;northing=615500;partial-context=111046
Hay on Wye;easting=322500;northing=242500;partial-context=111689
Y Gelli Gandryll;easting=322500;northing=242500;partial-context=111689
Haydock;easting=356500;northing=396500;partial-context=111490
Hayes;easting=509500;northing=180500;partial-context=111542
Haywards Heath;easting=533500;northing=124500;partial-context=111749
Hazel Grove;easting=392500;northing=386500;partial-context=111796
Heanor;easting=443500;northing=346500;partial-context=112214
Heathfield;easting=556500,558500;northing=130500,121500;partial-context=112571,112572
Hebburn;easting=431500;northing=564500;partial-context=112676
Hebden Bridge;easting=398500;northing=427500;partial-context=112681
Heckmondwike;easting=421500;northing=423500;partial-context=112727
Hedon;easting=519500;northing=428500;partial-context=112807
Helensburgh;easting=229500;northing=682500;partial-context=112962
Helston;easting=166500;northing=27500;partial-context=113141
Hemel Hempstead;easting=506500;northing=207500;partial-context=113190
Hemsworth;easting=442500;northing=413500;partial-context=113282
Hendon;easting=523500;northing=189500;partial-context=113403
Henley on Thames;easting=476500;northing=182500;partial-context=113695
Henley-on-Thames;easting=476500;northing=182500;partial-context=113695
Herne Bay;easting=617500;northing=167500;partial-context=114052
Hertford;easting=532500;northing=212500;partial-context=114173
Hessle;easting=503500;northing=426500;partial-context=114237
Heswall;easting=326500;northing=383500;partial-context=114273
Hetton Le Hole;easting=435500;northing=547500;partial-context=114313
Hetton-Le-Hole;easting=435500;northing=547500;partial-context=114313
Hexham;easting=393500;northing=563500;partial-context=114419
Heysham;easting=341500;northing=461500;partial-context=114491
Heywood;easting=385500;northing=410500;partial-context=114509
High Wycombe;easting=486500;northing=193500;partial-context=116034
Higham Ferrers;easting=496500;northing=268500;partial-context=116055
Higher Dunstone;easting=271500;northing=75500;partial-context=116288
Higher Larrick;easting=230500;northing=78500;partial-context=116393
Highworth;easting=420500;northing=192500;partial-context=117051
Hillingdon;easting=508500;northing=182500;partial-context=118699
Hinckley;easting=442500;northing=294500;partial-context=119061
Hindley;easting=362500;northing=404500;partial-context=119103
Hitchin;easting=519500;northing=230500;partial-context=119347
Hoddesdon;easting=536500;northing=208500;partial-context=119602
Holbeach;easting=536500;northing=325500;partial-context=119879
Holmfirth;easting=414500;northing=408500;partial-context=121100
Holsworthy;easting=234500;northing=103500;partial-context=121200
Holt;easting=608500;northing=338500;partial-context=121211
Holyhead;easting=224500;northing=382500;partial-context=121430
Caergybi;easting=224500;northing=382500;partial-context=121430
Honiton;easting=316500;northing=100500;partial-context=122116
Horbury;easting=429500;northing=418500;partial-context=122622
Horley;easting=528500;northing=143500;partial-context=122669
Horncastle;easting=526500;northing=369500;partial-context=122727
Hornchurch;easting=553500;northing=186500;partial-context=122731
Horndean;easting=470500;northing=113500;partial-context=122743
Hornsea;easting=520500;northing=447500;partial-context=122813
Hornsey;easting=530500;northing=189500;partial-context=122817
Horsforth;easting=424500;northing=438500;partial-context=123095
Horsham;easting=517500;northing=131500;partial-context=123103
Horwich;easting=363500;northing=411500;partial-context=123219
Houghton Le Spring;easting=434500;northing=549500;partial-context=123395
Houghton Regis;easting=501500;northing=224500;partial-context=123392
Houghton-Le-Spring;easting=434500;northing=549500;partial-context=123395
Hounslow;easting=514500;northing=175500;partial-context=123465
Hoylake;easting=321500;northing=388500;partial-context=124036
Hucknall;easting=453500;northing=349500;partial-context=124093
Huddersfield;easting=414500;northing=416500;partial-context=124106
Hugh Town;easting=90500;northing=10500;partial-context=124163
Hunstanton;easting=567500;northing=340500;partial-context=124599
Huntingdon;easting=524500;northing=272500;partial-context=124736
Huntly;easting=352500;northing=840500;partial-context=124775
Huyton With Roby;easting=344500;northing=391500;partial-context=125251
Huyton-With-Roby;easting=344500;northing=391500;partial-context=125251
Hyde;easting=394500;northing=394500;partial-context=125266
Hythe;easting=616500;northing=134500;partial-context=125407
Ilford;easting=544500;northing=186500;partial-context=125604
Ilfracombe;easting=251500;northing=147500;partial-context=125606
Ilkeston;easting=446500;northing=342500;partial-context=125609
Ilkley;easting=411500;northing=447500;partial-context=125614
Ilminster;easting=336500;northing=114500;partial-context=125639
Ince in Makerfield;easting=358500;northing=404500;partial-context=125693
Innerleithen;easting=333500;northing=636500;partial-context=126149
Inveraray;easting=209500;northing=708500;partial-context=126312
Inverbervie;easting=382500;northing=772500;partial-context=126326
Invergordon;easting=271500;northing=868500;partial-context=126386
Inverurie;easting=377500;northing=821500;partial-context=126506
Ipswich;easting=616500;northing=244500;partial-context=126568
Irlam;easting=372500;northing=394500;partial-context=126634
Irthlingborough;easting=494500;northing=270500;partial-context=126710
Irvine;easting=232500;northing=639500;partial-context=126721
Isleworth;easting=515500;northing=175500;partial-context=126893
Islington;easting=531500;northing=184500;partial-context=126897
Ivybridge;easting=263500;northing=56500;partial-context=127077
Jarrow;easting=434500;northing=565500;partial-context=127257
Jedburgh;easting=365500;northing=620500;partial-context=127303
Johnstone;easting=243500;northing=662500;partial-context=127558
Kearsley;easting=375500;northing=405500;partial-context=127883
Keighley;easting=406500;northing=441500;partial-context=128010
Keith;easting=342500;northing=850500;partial-context=128060
Kelso;easting=372500;northing=634500;partial-context=128249
Kempston;easting=503500;northing=248500;partial-context=128370
Kendal;easting=351500;northing=492500;partial-context=128407
Kenilworth;easting=429500;northing=271500;partial-context=128446
Kensal Town;easting=524500;northing=182500;partial-context=128585
Kensington;easting=525500;northing=179500;partial-context=128595
Kenton;easting=517500;northing=188500;partial-context=128658
Keswick;easting=326500;northing=523500;partial-context=128936
Kettering;easting=487500;northing=278500;partial-context=128957
Keynsham;easting=365500;northing=168500;partial-context=129086
Kidderminster;easting=382500;northing=276500;partial-context=129150
Kidlington;easting=449500;northing=213500;partial-context=129168
Kidsgrove;easting=383500;northing=354500;partial-context=129175
Kidwelly;easting=240500;northing=206500;partial-context=129187
Cydweli;easting=240500;northing=206500;partial-context=129187
Kilbeg;easting=164500;northing=806500;partial-context=129220
Kilmarnock;easting=242500;northing=637500;partial-context=129625
Kilsyth;easting=271500;northing=678500;partial-context=129832
Kilwinning;easting=230500;northing=643500;partial-context=129864
King's Lynn;easting=561500;northing=320500;partial-context=130272
King’s Lynn;easting=561500;northing=320500;partial-context=130272
Kinghorn;easting=326500;northing=686500;partial-context=130115
Kingsbridge;easting=273500;northing=44500;partial-context=130370
Kingston Upon Thames;easting=518500;northing=170500;partial-context=130592
Kingswood;easting=364500;northing=173500;partial-context=130640
Kington;easting=329500;northing=256500;partial-context=130676
Kingussie;easting=275500;northing=800500;partial-context=130686
Kinloch Hourn;easting=195500;northing=807500;partial-context=130740
Kinross;easting=311500;northing=702500;partial-context=130870
Kintore;easting=378500;northing=816500;partial-context=130909
Kirkby in Ashfield;easting=450500;northing=356500;partial-context=131209
Kirkby-in-Ashfield;easting=450500;northing=356500;partial-context=131209
Kirkby Lonsdale;easting=361500;northing=478500;partial-context=131224
Kirkby Stephen;easting=377500;northing=508500;partial-context=131240
Kirkby;easting=341500;northing=398500;partial-context=131207
Kirkcaldy;easting=327500;northing=691500;partial-context=131250
Kirkcudbright;easting=268500;northing=550500;partial-context=131269
Kirkham;easting=342500;northing=432500;partial-context=131303
Kirkintilloch;easting=265500;northing=673500;partial-context=131375
Kirkwall;easting=345500;northing=1010500;partial-context=131634
Kirriemuir;easting=338500;northing=753500;partial-context=131668
Knaresborough;easting=435500;northing=457500;partial-context=131965
Knottingley;easting=449500;northing=423500;partial-context=132689
Knutsford;easting=375500;northing=378500;partial-context=133003
Ladybank;easting=330500;northing=709500;partial-context=133315
Lambeth;easting=530500;northing=178500;partial-context=134038
Lampeter;easting=257500;northing=248500;partial-context=134207
Lanark;easting=288500;northing=643500;partial-context=134272
Langholm;easting=336500;northing=584500;partial-context=134854
Largs;easting=220500;northing=659500;partial-context=135423
Lasswade;easting=331500;northing=665500;partial-context=135552
Lauder;easting=352500;northing=647500;partial-context=135649
Launceston;easting=233500;northing=84500;partial-context=135690
Laurencekirk;easting=371500;northing=771500;partial-context=135742
Leatherhead;easting=516500;northing=156500;partial-context=136681
Lechlade on Thames;easting=421500;northing=199500;partial-context=136733
Ledbury;easting=370500;northing=237500;partial-context=136788
Leek;easting=398500;northing=356500;partial-context=136996
Leigh;easting=365500;northing=400500;partial-context=137135
Leighton Buzzard;easting=492500;northing=225500;partial-context=137235
Leiston;easting=644500;northing=262500;partial-context=137278
Leominster;easting=349500;northing=259500;partial-context=137448
Lerwick;easting=447500;northing=1141500;partial-context=137502
Leslie;easting=324500;northing=701500;partial-context=137516
Letchworth Garden City;easting=521500;northing=232500;partial-context=137549
Leven;easting=338500;northing=700500;partial-context=137716
Lewes;easting=541500;northing=110500;partial-context=137799
Lewisham;easting=538500;northing=175500;partial-context=137816
Leyland;easting=354500;northing=422500;partial-context=137908
Leyton;easting=537500;northing=186500;partial-context=137983
Linlithgow;easting=300500;northing=676500;partial-context=138895
Liskeard;easting=225500;northing=64500;partial-context=139123
Litherland;easting=333500;northing=398500;partial-context=139164
Little Lever;easting=375500;northing=407500;partial-context=139981
Littleborough;easting=393500;northing=416500;partial-context=140594
Littlehampton;easting=502500;northing=102500;partial-context=140660
Liversedge;easting=420500;northing=423500;partial-context=140837
Livingston;easting=306500;northing=668500;partial-context=140851
Llandovery;easting=276500;northing=234500;partial-context=141070
Llanymddyfri;easting=276500;northing=234500;partial-context=141070
Llandrindod Wells;easting=305500;northing=261500;partial-context=141084
Llandrindod;easting=305500;northing=261500;partial-context=141084
Llandudno;easting=278500;northing=381500;partial-context=141088
Llanelli;easting=250500;northing=200500;partial-context=141125
Llanfairfechan;easting=268500;northing=374500;partial-context=141194
Llangefni;easting=246500;northing=375500;partial-context=141272
Llangollen;easting=321500;northing=341500;partial-context=141296
Llanidloes;easting=295500;northing=284500;partial-context=141368
Llanrwst;easting=280500;northing=361500;partial-context=141460
Llanwrtyd Wells;easting=287500;northing=246500;partial-context=141564
Loanhead;easting=327500;northing=665500;partial-context=142555
Lochgelly;easting=318500;northing=693500;partial-context=147565
Lochgilphead;easting=186500;northing=688500;partial-context=147566
Lochmaben;easting=308500;northing=582500;partial-context=147638
Lockerbie;easting=313500;northing=581500;partial-context=147802
Loftus;easting=471500;northing=518500;partial-context=148354
Long Eaton;easting=449500;northing=333500;partial-context=148774
Longbenton;easting=426500;northing=568500;partial-context=149173
Longridge;easting=360500;northing=437500;partial-context=149522
Looe;easting=225500;northing=53500;partial-context=149691
Lossiemouth;easting=323500;northing=870500;partial-context=149928
Lostwithiel;easting=210500;northing=59500;partial-context=149953
Loughborough;easting=453500;northing=319500;partial-context=150022
Loughton;easting=543500;northing=196500;partial-context=150033
Louth;easting=533500;northing=387500;partial-context=150076
Lowestoft;easting=654500;northing=292500;partial-context=152425
Ludlow;easting=351500;northing=274500;partial-context=152791
Luton;easting=509500;northing=221500;partial-context=153180
Lutterworth;easting=454500;northing=284500;partial-context=153194
Lydd;easting=604500;northing=120500;partial-context=153250
Lyme Regis;easting=334500;northing=92500;partial-context=153386
Lymington;easting=432500;northing=95500;partial-context=153392
Lymm;easting=368500;northing=387500;partial-context=153397
Lynton;easting=271500;northing=149500;partial-context=153580
Lytham St Anne's;easting=333500;northing=427500;partial-context=153647
Lytham St Anne’s;easting=333500;northing=427500;partial-context=153647
Mablethorpe;easting=550500;northing=385500;partial-context=153700
Macclesfield;easting=391500;northing=373500;partial-context=153719
Macduff;easting=370500;northing=864500;partial-context=153723
Machynlleth;easting=274500;northing=300500;partial-context=153773
Maesteg;easting=285500;northing=191500;partial-context=154183
Maghull;easting=337500;northing=402500;partial-context=154301
Maidenhead;easting=487500;northing=181500;partial-context=154418
Maidstone;easting=576500;northing=155500;partial-context=154462
Maldon;easting=584500;northing=207500;partial-context=155013
Malmesbury;easting=393500;northing=187500;partial-context=155086
Malpas;easting=348500;northing=347500;partial-context=155092
Maltby;easting=452500;northing=392500;partial-context=155112
Malton;easting=478500;northing=471500;partial-context=155159
Mansfield Woodhouse;easting=454500;northing=363500;partial-context=156503
Mansfield;easting=453500;northing=361500;partial-context=156499
March;easting=541500;northing=296500;partial-context=156808
Margate;easting=635500;northing=170500;partial-context=156990
Market Deeping;easting=513500;northing=310500;partial-context=157103
Market Drayton;easting=367500;northing=334500;partial-context=157104
Market Harborough;easting=473500;northing=287500;partial-context=157107
Market Rasen;easting=510500;northing=389500;partial-context=157112
Market Warsop;easting=456500;northing=367500;partial-context=157116
Markinch;easting=329500;northing=701500;partial-context=157136
Marlborough;easting=418500;northing=169500;partial-context=157207
Marlow;easting=485500;northing=186500;partial-context=157283
Marple;easting=395500;northing=388500;partial-context=157318
Marske By The Sea;easting=463500;northing=522500;partial-context=157606
Marske-By-The-Sea;easting=463500;northing=522500;partial-context=157606
Marylebone;easting=528500;northing=181500;partial-context=157889
Maryport;easting=303500;northing=536500;partial-context=157895
Matlock;easting=429500;northing=359500;partial-context=158011
Maybole;easting=229500;northing=609500;partial-context=158218
Meadow Well;easting=434500;northing=567500;partial-context=158457
Melksham;easting=390500;northing=164500;partial-context=160284
Melrose;easting=354500;northing=634500;partial-context=160366
Melton Mowbray;easting=475500;northing=319500;partial-context=160393
Mere;easting=381500;northing=132500;partial-context=160578
Merthyr Tydfil;easting=305500;northing=206500;partial-context=160884
Merton;easting=525500;northing=169500;partial-context=160891
Methil;easting=336500;northing=699500;partial-context=160961
Mexborough;easting=447500;northing=400500;partial-context=161019
Middlesbrough;easting=451500;northing=518500;partial-context=161848
Middleton;easting=387500;northing=406500;partial-context=161909
Middlewich;easting=370500;northing=366500;partial-context=162029
Midhurst;easting=488500;northing=121500;partial-context=162116
Midsomer Norton;easting=366500;northing=154500;partial-context=162163
Milford Haven;easting=190500;northing=205500;partial-context=162355
Aberdaughleddau;easting=190500;northing=205500;partial-context=162355
Millom;easting=317500;northing=480500;partial-context=163341
Millport;easting=216500;northing=655500;partial-context=163356
Milngavie;easting=255500;northing=674500;partial-context=163481
Milnrow;easting=392500;northing=412500;partial-context=163489
Milton Keynes;easting=485500;northing=237500;partial-context=163655
Minehead;easting=296500;northing=146500;partial-context=163817
Mirfield;easting=420500;northing=420500;partial-context=164017
Mitcham;easting=528500;northing=168500;partial-context=164077
Moffat;easting=308500;northing=605500;partial-context=164632
Mold;easting=323500;northing=363500;partial-context=164749
Yr Wyddgrug;easting=323500;northing=363500;partial-context=164749
Monifieth;easting=349500;northing=732500;partial-context=164943
Monmouth;easting=350500;northing=212500;partial-context=165192
Trefynwy;easting=350500;northing=212500;partial-context=165192
Montgomery;easting=322500;northing=296500;partial-context=165239
Montrose;easting=371500;northing=757500;partial-context=165266
Morden;easting=525500;northing=168500;partial-context=166100
Morecambe;easting=342500;northing=463500;partial-context=166136
Morley;easting=426500;northing=427500;partial-context=166292
Morpeth;easting=420500;northing=585500;partial-context=166344
Mossley;easting=397500;northing=401500;partial-context=166926
Motherwell;easting=275500;northing=656500;partial-context=167057
Mountain Ash;easting=304500;northing=199500;partial-context=167561
Aberpennar;easting=304500;northing=199500;partial-context=167561
Much Wenlock;easting=362500;northing=299500;partial-context=167824
Musselburgh;easting=335500;northing=673500;partial-context=168726
NORTH HYKEHAM;easting=494500;northing=366500;partial-context=176040
Nailsea;easting=346500;northing=169500;partial-context=169493
Nailsworth;easting=384500;northing=199500;partial-context=169499
Nairn;easting=288500;northing=856500;partial-context=169502
Nantwich;easting=365500;northing=352500;partial-context=170144
Nantyglo;easting=319500;northing=210500;partial-context=170214
Narberth;easting=210500;northing=214500;partial-context=170327
Arberth;easting=210500;northing=214500;partial-context=170327
Neath;easting=274500;northing=197500;partial-context=170630
Castell Nedd;easting=274500;northing=197500;partial-context=170630
Nelson;easting=386500;northing=437500;partial-context=170766
Neston;easting=328500;northing=377500;partial-context=170937
New Galloway;easting=263500;northing=577500;partial-context=172233
New Malden;easting=521500;northing=168500;partial-context=172636
New Mills;easting=399500;northing=385500;partial-context=172677
New Quay;easting=238500;northing=259500;partial-context=172773
Ceinewydd;easting=238500;northing=259500;partial-context=172773
New Romney;easting=606500;northing=124500;partial-context=172795
Newark on Trent;easting=479500;northing=353500;partial-context=172968
Newark-on-Trent;easting=479500;northing=353500;partial-context=172968
Newbiggin by the Sea;easting=430500;northing=587500;partial-context=173038
Newbiggin-by-the-Sea;easting=430500;northing=587500;partial-context=173038
Newburgh;easting=323500;northing=718500;partial-context=173188
Newbury;easting=447500;northing=167500;partial-context=173200
Newcastle Emlyn;easting=230500;northing=240500;partial-context=173241
Castell Newydd Emlyn;easting=230500;northing=240500;partial-context=173241
Newcastle under Lyme;easting=385500;northing=346500;partial-context=173247
Newcastle-under-Lyme;easting=385500;northing=346500;partial-context=173247
Newhaven;easting=544500;northing=101500;partial-context=173440
Newlyn;easting=146500;northing=28500;partial-context=173761
Newmarket;easting=564500;northing=263500;partial-context=173790
Newmilns;easting=252500;northing=637500;partial-context=173847
Newport Pagnell;easting=487500;northing=243500;partial-context=173936
Newport;easting=331500;northing=188500;partial-context=173939
Casnewydd;easting=331500;northing=188500;partial-context=173939
Newport;easting=374500,449500;northing=319500,88500;partial-context=173922,173929
Newquay;easting=181500;northing=61500;partial-context=173945
Newton Abbot;easting=286500;northing=71500;partial-context=174200
Newton Aycliffe;easting=427500;northing=524500;partial-context=174203
Newton Le Willows;easting=358500;northing=395500;partial-context=174498
Newton Stewart;easting=240500;northing=565500;partial-context=174458
Newton-Le-Willows;easting=358500;northing=395500;partial-context=174498
Newtown;easting=311500;northing=291500;partial-context=174608
Y Drenewydd;easting=311500;northing=291500;partial-context=174608
Neyland;easting=196500;northing=205500;partial-context=174628
Normanton;easting=438500;northing=422500;partial-context=175254
North Berwick;easting=355500;northing=685500;partial-context=175412
North Walsham;easting=628500;northing=330500;partial-context=176518
Northallerton;easting=437500;northing=494500;partial-context=176623
Northam;easting=244500;northing=129500;partial-context=176624
Northampton;easting=475500;northing=261500;partial-context=176630
Northfleet;easting=562500;northing=174500;partial-context=176822
Northleach;easting=411500;northing=214500;partial-context=176868
Northolt;easting=513500;northing=184500;partial-context=176896
Northwich;easting=365500;northing=373500;partial-context=176979
Northwood;easting=509500;northing=191500;partial-context=177006
Norton on Derwent;easting=479500;northing=471500;partial-context=177177
Norton-on-Derwent;easting=479500;northing=471500;partial-context=177177
Nuneaton;easting=436500;northing=291500;partial-context=177411
Oakham;easting=485500;northing=309500;partial-context=177914
Oban;easting=186500;northing=730500;partial-context=178280
Okehampton;easting=258500;northing=95500;partial-context=178627
Oldbury;easting=398500;northing=288500;partial-context=179809
Oldham;easting=392500;northing=404500;partial-context=179897
Oldmeldrum;easting=380500;northing=827500;partial-context=179941
Ormskirk;easting=341500;northing=408500;partial-context=180482
Orpington;easting=545500;northing=165500;partial-context=180497
Ossett;easting=428500;northing=420500;partial-context=180677
Oswaldtwistle;easting=373500;northing=427500;partial-context=180698
Oswestry;easting=329500;northing=329500;partial-context=180700
Croeswallt;easting=329500;northing=329500;partial-context=180700
Otley;easting=420500;northing=445500;partial-context=180718
Ottery St Mary;easting=310500;northing=95500;partial-context=180790
Oundle;easting=503500;northing=288500;partial-context=180845
Paddington;easting=526500;northing=181500;partial-context=181861
Padiham;easting=379500;northing=433500;partial-context=181915
Padstow;easting=191500;northing=75500;partial-context=181936
Paignton;easting=289500;northing=60500;partial-context=181974
Paisley;easting=248500;northing=663500;partial-context=182026
Pateley Bridge;easting=415500;northing=465500;partial-context=184475
Peebles;easting=325500;northing=640500;partial-context=185053
Peel;easting=224500;northing=484500;partial-context=185061
Pembroke;easting=198500;northing=201500;partial-context=185238
Penfro;easting=198500;northing=201500;partial-context=185238
Penarth;easting=318500;northing=171500;partial-context=185464
Pendlebury;easting=378500;northing=401500;partial-context=185719
Penge;easting=534500;northing=170500;partial-context=185806
Penicuik;easting=323500;northing=660500;partial-context=185964
Penistone;easting=424500;northing=403500;partial-context=185990
Penmaenmawr;easting=271500;northing=376500;partial-context=186183
Pennyghael;easting=151500;northing=726500;partial-context=186372
Penrith;easting=351500;northing=530500;partial-context=186631
Penryn;easting=178500;northing=34500;partial-context=186651
Penzance;easting=146500;northing=30500;partial-context=187571
Perth;easting=311500;northing=723500;partial-context=187813
Peterhead;easting=413500;northing=846500;partial-context=187881
Peterlee;easting=442500;northing=540500;partial-context=187887
Petersfield;easting=474500;northing=123500;partial-context=187908
Pickering;easting=479500;northing=484500;partial-context=188232
Pinner;easting=511500;northing=189500;partial-context=188914
Pitlochry;easting=294500;northing=758500;partial-context=189282
Pittenweem;easting=354500;northing=702500;partial-context=189430
Pontefract;easting=445500;northing=421500;partial-context=191109
Ponteland;easting=416500;northing=573500;partial-context=191112
Pontllanfraith;easting=318500;northing=196500;partial-context=191140
Pontycymer;easting=290500;northing=191500;partial-context=191198
Pontypool;easting=328500;northing=200500;partial-context=191211
Pont y pwl;easting=328500;northing=200500;partial-context=191211
Pontypridd;easting=307500;northing=189500;partial-context=191213
Poole;easting=401500;northing=91500;partial-context=191314
Poplar;easting=537500;northing=180500;partial-context=191419
Port Glasgow;easting=232500;northing=674500;partial-context=191813
Port Talbot;easting=275500;northing=189500;partial-context=192035
Porth;easting=302500;northing=191500;partial-context=192141
Porthcawl;easting=282500;northing=177500;partial-context=192230
Porthmadog;easting=256500;northing=338500;partial-context=192264
Portknockie;easting=348500;northing=868500;partial-context=192318
Portslade By Sea;easting=525500;northing=105500;partial-context=192406
Portslade-By-Sea;easting=525500;northing=105500;partial-context=192406
Portsoy;easting=358500;northing=866500;partial-context=192413
Potters Bar;easting=525500;northing=201500;partial-context=192636
Poulton Le Fylde;easting=334500;northing=439500;partial-context=192753
Poulton-Le-Fylde;easting=334500;northing=439500;partial-context=192753
Prescot;easting=346500;northing=392500;partial-context=193066
Prestatyn;easting=306500;northing=382500;partial-context=193106
Presteigne;easting=331500;northing=264500;partial-context=193113
Llanandras;easting=331500;northing=264500;partial-context=193113
Prestonpans;easting=338500;northing=674500;partial-context=193233
Prestwich;easting=381500;northing=403500;partial-context=193241
Prestwick;easting=234500;northing=625500;partial-context=193243
Princes Risborough;easting=480500;northing=203500;partial-context=193509
Prudhoe;easting=409500;northing=562500;partial-context=193828
Pudsey;easting=422500;northing=433500;partial-context=193939
Purley;easting=531500;northing=161500;partial-context=194144
Putney;easting=523500;northing=175500;partial-context=194219
Pwllheli;easting=237500;northing=335500;partial-context=194325
Queensbury;easting=409500;northing=430500;partial-context=194837
Queensferry;easting=312500;northing=678500;partial-context=194841
Radcliffe;easting=378500;northing=407500;partial-context=195194
Radlett;easting=516500;northing=199500;partial-context=195239
Radstock;easting=368500;northing=154500;partial-context=195274
Rainford;easting=347500;northing=401500;partial-context=195448
Rainham;easting=552500;northing=182500;partial-context=195452
Ramsbottom;easting=378500;northing=416500;partial-context=195698
Ramsey;easting=245500,528500;northing=494500,285500;partial-context=195731,195732
Ramsgate;easting=638500;northing=164500;partial-context=195756
Raunds;easting=499500;northing=272500;partial-context=196154
Rawmarsh;easting=443500;northing=396500;partial-context=196411
Rawtenstall;easting=381500;northing=424500;partial-context=196430
Rayleigh;easting=581500;northing=190500;partial-context=196495
Reading;easting=471500;northing=173500;partial-context=196544
Redcar;easting=461500;northing=524500;partial-context=197181
Redditch;easting=404500;northing=267500;partial-context=197237
Redhill;easting=527500;northing=150500;partial-context=197348
Redruth;easting=169500;northing=42500;partial-context=197544
Reigate;easting=526500;northing=149500;partial-context=197771
Renfrew;easting=249500;northing=666500;partial-context=197855
Retford;easting=470500;northing=380500;partial-context=197970
Rhondda;easting=297500;northing=196500;partial-context=198326
Rhyl;easting=301500;northing=381500;partial-context=198764
Rhymney;easting=311500;northing=207500;partial-context=198777
Rhymni;easting=311500;northing=207500;partial-context=198777
Richmond;easting=417500,518500;northing=501500,174500;partial-context=198879,198881
Rickmansworth;easting=504500;northing=194500;partial-context=198927
Ringwood;easting=415500;northing=105500;partial-context=199534
Ripley;easting=440500;northing=350500;partial-context=199576
Risca;easting=324500;northing=190500;partial-context=199633
Rishton;easting=372500;northing=430500;partial-context=199680
Rochdale;easting=389500;northing=413500;partial-context=201513
Rochester;easting=572500;northing=168500;partial-context=201529
Romford;easting=552500;northing=189500;partial-context=202087
Romiley;easting=394500;northing=390500;partial-context=202089
Romsey;easting=435500;northing=121500;partial-context=202100
Rosehearty;easting=393500;northing=867500;partial-context=202599
Ross on Wye;easting=360500;northing=224500;partial-context=202843
Ross-on-Wye;easting=360500;northing=224500;partial-context=202843
Rotherham;easting=443500;northing=392500;partial-context=202893
Rothes;easting=327500;northing=849500;partial-context=202914
Rothesay;easting=208500;northing=664500;partial-context=202915
Rothwell;easting=434500,481500;northing=428500,281500;partial-context=202947,202948
Rowlands Gill;easting=416500;northing=558500;partial-context=203707
Royal Leamington Spa;easting=431500;northing=265500;partial-context=203887
Royal Tunbridge Wells;easting=558500;northing=139500;partial-context=203915
Royston;easting=435500,535500;northing=411500,241500;partial-context=203973,203975
Royton;easting=391500;northing=407500;partial-context=203981
Rugby;easting=450500;northing=275500;partial-context=205100
Rugeley;easting=404500;northing=318500;partial-context=205104
Ruislip;easting=508500;northing=187500;partial-context=205167
Runcorn;easting=352500;northing=381500;partial-context=205271
Rushden;easting=495500;northing=266500;partial-context=205408
Rutherglen;easting=258500;northing=662500;partial-context=205615
Ruthin;easting=312500;northing=358500;partial-context=205620
Rhuthun;easting=312500;northing=358500;partial-context=205620
Ryde;easting=459500;northing=92500;partial-context=205709
Rye;easting=591500;northing=120500;partial-context=205731
Ryton;easting=415500;northing=564500;partial-context=205898
Saffron Walden;easting=554500;northing=238500;partial-context=206020
Salcombe;easting=273500;northing=39500;partial-context=206913
Sale;easting=378500;northing=391500;partial-context=206925
Saltash;easting=242500;northing=58500;partial-context=207087
Saltburn By The Sea;easting=466500;northing=521500;partial-context=207099
Saltburn-By-The-Sea;easting=466500;northing=521500;partial-context=207099
Saltcoats;easting=224500;northing=641500;partial-context=207104
Sandbach;easting=375500;northing=360500;partial-context=207448
Sandown;easting=459500;northing=84500;partial-context=207673
Sandwich;easting=633500;northing=158500;partial-context=207785
Sandy;easting=516500;northing=249500;partial-context=207808
Sanquhar;easting=278500;northing=609500;partial-context=207995
Sawbridgeworth;easting=548500;northing=215500;partial-context=208302
Saxmundham;easting=638500;northing=263500;partial-context=208374
Scarborough;easting=503500;northing=488500;partial-context=208687
Scunthorpe;easting=489500;northing=410500;partial-context=209491
Seaford;easting=548500;northing=99500;partial-context=209591
Seaham;easting=441500;northing=549500;partial-context=209607
Seaton;easting=230500,324500,516500;northing=54500,90500,446500;partial-context=209759,209760,209761
Sedbergh;easting=365500;northing=492500;partial-context=209858
Sedgley;easting=391500;northing=294500;partial-context=209894
Selby;easting=461500;northing=432500;partial-context=209996
Selkirk;easting=347500;northing=628500;partial-context=210044
Settle;easting=381500;northing=463500;partial-context=210241
Sevenoaks;easting=552500;northing=155500;partial-context=210316
Shaftesbury;easting=386500;northing=122500;partial-context=211227
Shanklin;easting=458500;northing=81500;partial-context=211384
Shaw;easting=393500;northing=408500;partial-context=211602
Sheerness;easting=591500;northing=175500;partial-context=211989
Shepshed;easting=447500;northing=319500;partial-context=212328
Shepton Mallet;easting=361500;northing=143500;partial-context=212332
Sherborne;easting=363500;northing=116500;partial-context=212344
Sheringham;easting=615500;northing=343500;partial-context=212427
Shildon;easting=423500;northing=526500;partial-context=212684
Shipley;easting=414500;northing=437500;partial-context=212825
Shirebrook;easting=452500;northing=367500;partial-context=212921
Shoreham By Sea;easting=522500;northing=104500;partial-context=213111
Shoreham-By-Sea;easting=522500;northing=104500;partial-context=213111
Shrewsbury;easting=349500;northing=312500;partial-context=213375
Sidmouth;easting=312500;northing=87500;partial-context=213733
Silsden;easting=404500;northing=446500;partial-context=213852
Sittingbourne;easting=590500;northing=163500;partial-context=214261
Skegness;easting=556500;northing=363500;partial-context=214384
Skelmersdale;easting=348500;northing=406500;partial-context=214460
Skelton;easting=465500;northing=518500;partial-context=214481
Skipton;easting=398500;northing=451500;partial-context=214726
Sleaford;easting=506500;northing=345500;partial-context=215140
Slough;easting=330500,499500;northing=263500,179500;partial-context=215480,215483
Smethwick;easting=402500;northing=287500;partial-context=215819
Solihull;easting=415500;northing=279500;partial-context=216519
Somerton;easting=348500;northing=128500;partial-context=216605
South Molton;easting=271500;northing=125500;partial-context=217655
South Shields;easting=436500;northing=566500;partial-context=217798
Southall;easting=512500;northing=180500;partial-context=218003
Southend on Sea;easting=587500;northing=186500;partial-context=218122
Southend-on-Sea;easting=587500;northing=186500;partial-context=218122
Southgate;easting=530500;northing=194500;partial-context=218242
Southport;easting=334500;northing=417500;partial-context=218324
Southwell;easting=470500;northing=353500;partial-context=218385
Southwick;easting=524500;northing=105500;partial-context=218395
Southwold;easting=650500;northing=276500;partial-context=218409
Sowerby Bridge;easting=406500;northing=423500;partial-context=218483
Spalding;easting=524500;northing=322500;partial-context=218553
Spennymoor;easting=425500;northing=533500;partial-context=218800
Spilsby;easting=540500;northing=366500;partial-context=218861
St Andrews;easting=351500;northing=716500;partial-context=206120
St Austell;easting=202500;northing=52500;partial-context=206167
St Helens;easting=350500;northing=395500;partial-context=206417
St Ives;easting=151500,530500;northing=40500,272500;partial-context=206459,206460
St Neots;easting=518500;northing=260500;partial-context=206741
Stafford;easting=392500;northing=323500;partial-context=220276
Staines;easting=504500;northing=171500;partial-context=220364
Stalybridge;easting=396500;northing=398500;partial-context=220542
Stamford;easting=502500;northing=307500;partial-context=220548
Standish;easting=356500;northing=410500;partial-context=220702
Stanley;easting=419500;northing=552500;partial-context=220880
Stanmore;easting=516500;northing=191500;partial-context=220958
Stansted Mountfitchet;easting=551500;northing=224500;partial-context=221020
Stapleford;easting=450500;northing=337500;partial-context=221188
Staveley;easting=443500;northing=374500;partial-context=221456
Stepney;easting=534500;northing=181500;partial-context=221788
Stevenage;easting=524500;northing=224500;partial-context=221829
Stevenston;easting=226500;northing=642500;partial-context=221838
Stewarton;easting=242500;northing=646500;partial-context=221871
Stockport;easting=389500;northing=390500;partial-context=222452
Stocksbridge;easting=426500;northing=398500;partial-context=222471
Stockton on Tees;easting=443500;northing=520500;partial-context=222507
Stockton-on-Tees;easting=443500;northing=520500;partial-context=222507
Stoke Newington;easting=533500;northing=186500;partial-context=222653
Stone;easting=390500;northing=334500;partial-context=222759
Stonehaven;easting=387500;northing=786500;partial-context=223065
Stornoway;easting=142500;northing=932500;partial-context=223477
Steòrnabhagh;easting=142500;northing=932500;partial-context=223477
Stourbridge;easting=388500;northing=283500;partial-context=223570
Stourport on Severn;easting=381500;northing=271500;partial-context=223580
Stourport-on-Severn;easting=381500;northing=271500;partial-context=223580
Stow on the Wold;easting=419500;northing=225500;partial-context=223703
Stow-on-the-Wold;easting=419500;northing=225500;partial-context=223703
Stowmarket;easting=605500;northing=258500;partial-context=223702
Stranraer;easting=205500;northing=560500;partial-context=223817
Stratford upon Avon;easting=419500;northing=255500;partial-context=223841
Stratford-upon-Avon;easting=419500;northing=255500;partial-context=223841
Stratford;easting=538500;northing=184500;partial-context=223831
Stratton;easting=222500;northing=106500;partial-context=224061
Streatham;easting=530500;northing=171500;partial-context=224143
Street;easting=348500;northing=136500;partial-context=224166
Stretford;easting=379500;northing=394500;partial-context=224272
Stromness;easting=325500;northing=1009500;partial-context=224416
Stroud;easting=384500;northing=205500;partial-context=224533
Sudbury;easting=587500;northing=241500;partial-context=224992
Sunbury;easting=510500;northing=169500;partial-context=225355
Surbiton;easting=517500;northing=167500;partial-context=225597
Sutton Coldfield;easting=413500;northing=295500;partial-context=225727
Sutton In Ashfield;easting=449500;northing=358500;partial-context=225793
Sutton;easting=525500;northing=164500;partial-context=225704
Swadlincote;easting=429500;northing=319500;partial-context=225879
Swaffham;easting=581500;northing=309500;partial-context=225882
Swanage;easting=402500;northing=78500;partial-context=226010
Swanley;easting=551500;northing=168500;partial-context=226047
Swanscombe;easting=559500;northing=174500;partial-context=226084
Swindon;easting=416500;northing=185500;partial-context=226400
Swinton;easting=377500,445500;northing=401500,398500;partial-context=226557,226560
Tadcaster;easting=448500;northing=443500;partial-context=226893
Tain;easting=278500;northing=881500;partial-context=227011
Talgarth;easting=315500;northing=233500;partial-context=227151
Tamworth;easting=422500;northing=303500;partial-context=227321
Taunton;easting=323500;northing=124500;partial-context=228050
Tavistock;easting=248500;northing=74500;partial-context=228063
Tayport;easting=345500;northing=728500;partial-context=228143
Teddington;easting=516500;northing=170500;partial-context=228255
Teignmouth;easting=294500;northing=73500;partial-context=228316
Telford;easting=369500;northing=309500;partial-context=228356
Tenby;easting=213500;northing=200500;partial-context=228572
Dinbych y pysgod;easting=213500;northing=200500;partial-context=228572
Tenterden;easting=588500;northing=133500;partial-context=228616
Tetbury;easting=389500;northing=193500;partial-context=228713
Tewkesbury;easting=389500;northing=232500;partial-context=228778
Thame;easting=470500;northing=205500;partial-context=228811
Thatcham;easting=451500;northing=167500;partial-context=228837
Thetford;easting=587500;northing=283500;partial-context=229175
Thornbury;easting=364500;northing=190500;partial-context=229549
Thornton;easting=334500;northing=442500;partial-context=229830
Thrapston;easting=499500;northing=278500;partial-context=230143
Thurnscoe;easting=445500;northing=405500;partial-context=230588
Thurso;easting=311500;northing=968500;partial-context=230608
Tilbury;easting=564500;northing=176500;partial-context=230870
Tillicoultry;easting=291500;northing=697500;partial-context=230958
Tipton;easting=395500;northing=292500;partial-context=231297
Tiverton;easting=295500;northing=112500;partial-context=231516
Tobermory;easting=150500;northing=755500;partial-context=231599
Todmorden;easting=394500;northing=424500;partial-context=231743
Tokavaig;easting=160500;northing=811500;partial-context=231862
Tòcabhaig;easting=160500;northing=811500;partial-context=231862
Tonbridge;easting=559500;northing=146500;partial-context=232430
Tonypandy;easting=299500;northing=192500;partial-context=232540
Torpoint;easting=243500;northing=55500;partial-context=232947
Torquay;easting=291500;northing=65500;partial-context=232948
Totnes;easting=280500;northing=60500;partial-context=233327
Tottenham;easting=533500;northing=190500;partial-context=233335
Totton;easting=435500;northing=113500;partial-context=233366
Tow Law;easting=411500;northing=538500;partial-context=233409
Tranent;easting=340500;northing=672500;partial-context=234069
Trawden;easting=391500;northing=438500;partial-context=234132
Tredegar;easting=314500;northing=209500;partial-context=234372
Treherbert;easting=294500;northing=198500;partial-context=234874
Treorchy;easting=295500;northing=196500;partial-context=235286
Treorci;easting=295500;northing=196500;partial-context=235286
Tring;easting=492500;northing=211500;partial-context=236052
Troon;easting=232500;northing=630500;partial-context=236218
Trowbridge;easting=385500;northing=157500;partial-context=236349
Turriff;easting=372500;northing=850500;partial-context=237130
Twickenham;easting=515500;northing=173500;partial-context=237291
Tyldesley;easting=370500;northing=401500;partial-context=238077
Tynemouth;easting=435500;northing=569500;partial-context=238326
Tywyn;easting=258500;northing=300500;partial-context=238836
Uckfield;easting=547500;northing=121500;partial-context=238908
Uig;easting=139500;northing=863500;partial-context=239003
Ulnes Walton;easting=350500;northing=419500;partial-context=239131
Ulverston;easting=328500;northing=478500;partial-context=239159
Upminster;easting=556500;northing=187500;partial-context=239496
Uppingham;easting=486500;northing=299500;partial-context=240591
Urmston;easting=374500;northing=394500;partial-context=240780
Usk;easting=337500;northing=200500;partial-context=240820
Brynbuga;easting=337500;northing=200500;partial-context=240820
Uttoxeter;easting=409500;northing=333500;partial-context=240848
Uxbridge;easting=505500;northing=183500;partial-context=240861
Ventnor;easting=456500;northing=77500;partial-context=241357
Wadebridge;easting=198500;northing=72500;partial-context=241910
Walkden;easting=373500;northing=403500;partial-context=242287
Wallasey;easting=330500;northing=392500;partial-context=242441
Wallingford;easting=460500;northing=189500;partial-context=242486
Wallington;easting=529500;northing=164500;partial-context=242490
Wallsend;easting=429500;northing=566500;partial-context=242541
Walsall;easting=401500;northing=298500;partial-context=242628
Waltham Abbey;easting=538500;northing=200500;partial-context=242687
Walthamstow;easting=537500;northing=189500;partial-context=242705
Walton On The Naze;easting=625500;northing=221500;partial-context=242815
Walton on Thames;easting=510500;northing=166500;partial-context=242813
Walton-On-The-Naze;easting=625500;northing=221500;partial-context=242815
Walton-on-Thames;easting=510500;northing=166500;partial-context=242813
Wandsworth;easting=525500;northing=175500;partial-context=242888
Wanstead;easting=540500;northing=188500;partial-context=242939
Wantage;easting=440500;northing=187500;partial-context=242947
Ware;easting=536500;northing=214500;partial-context=243237
Wareham;easting=392500;northing=87500;partial-context=243249
Warlingham;easting=535500;northing=158500;partial-context=243353
Warminster;easting=387500;northing=145500;partial-context=243367
Warrington;easting=360500;northing=388500;partial-context=243701
Warwick;easting=428500;northing=265500;partial-context=243773
Washington;easting=431500;northing=557500;partial-context=243871
Watchet;easting=307500;northing=143500;partial-context=243984
Watford;easting=510500;northing=197500;partial-context=244539
Wath Upon Dearne;easting=443500;northing=400500;partial-context=244563
Watton;easting=591500;northing=300500;partial-context=244647
Wednesbury;easting=398500;northing=295500;partial-context=245187
Wednesfield;easting=394500;northing=300500;partial-context=245189
Wellingborough;easting=489500;northing=267500;partial-context=245625
Wellington;easting=314500;northing=120500;partial-context=245639
Wells Next The Sea;easting=591500;northing=343500;partial-context=245717
Wells-Next-The-Sea;easting=591500;northing=343500;partial-context=245717
Welshpool;easting=322500;northing=307500;partial-context=245780
Y Trallwng;easting=322500;northing=307500;partial-context=245780
Welwyn Garden City;easting=524500;northing=213500;partial-context=245817
Wembley;easting=517500;northing=185500;partial-context=245825
Wendover;easting=486500;northing=208500;partial-context=245873
West Bridgford;easting=458500;northing=336500;partial-context=246315
West Bromwich;easting=399500;northing=292500;partial-context=246324
West Drayton;easting=506500;northing=179500;partial-context=246549
West Ham;easting=540500;northing=183500;partial-context=246853
West Mersea;easting=601500;northing=212500;partial-context=247240
Westbury;easting=386500;northing=150500;partial-context=247859
Westhoughton;easting=365500;northing=405500;partial-context=248668
Weston super Mare;easting=332500;northing=161500;partial-context=248948
Weston-super-Mare;easting=332500;northing=161500;partial-context=248948
Wetherby;easting=440500;northing=448500;partial-context=249209
Weybridge;easting=508500;northing=164500;partial-context=249283
Weymouth;easting=367500;northing=79500;partial-context=249297
Whickham;easting=420500;northing=560500;partial-context=249740
Whitburn;easting=294500;northing=664500;partial-context=250073
Whitby;easting=489500;northing=510500;partial-context=250076
Whitchurch;easting=354500;northing=341500;partial-context=250089
Whitefield;easting=381500;northing=406500;partial-context=251078
Whitehaven;easting=297500;northing=518500;partial-context=251215
Whithorn;easting=244500;northing=540500;partial-context=251871
Whitley Bay;easting=435500;northing=572500;partial-context=251914
Whitstable;easting=611500;northing=166500;partial-context=252046
Whittlesey;easting=527500;northing=297500;partial-context=252120
Whitworth;easting=388500;northing=418500;partial-context=252196
Wick;easting=336500;northing=950500;partial-context=252278
Wickford;easting=574500;northing=193500;partial-context=252399
Wickham Market;easting=630500;northing=255500;partial-context=252417
Widnes;easting=351500;northing=385500;partial-context=252573
Wigan;easting=358500;northing=405500;partial-context=252605
Wigston;easting=460500;northing=299500;partial-context=252700
Wigtown;easting=243500;northing=555500;partial-context=252710
Willenhall;easting=396500;northing=298500;partial-context=252923
Willesden;easting=522500;northing=184500;partial-context=252936
Willington;easting=419500;northing=535500;partial-context=253049
Wilmslow;easting=384500;northing=380500;partial-context=253291
Wilton;easting=409500;northing=131500;partial-context=253368
Wimborne Minster;easting=401500;northing=100500;partial-context=253429
Wincanton;easting=371500;northing=128500;partial-context=253451
Windermere;easting=341500;northing=498500;partial-context=253534
Windsor;easting=496500;northing=176500;partial-context=253734
Winsford;easting=365500;northing=366500;partial-context=254061
Wirksworth;easting=428500;northing=353500;partial-context=254309
Wisbech;easting=546500;northing=309500;partial-context=254319
Wishaw;easting=279500;northing=655500;partial-context=254342
Witham;easting=581500;northing=214500;partial-context=254436
Withernsea;easting=534500;northing=427500;partial-context=254486
Witney;easting=435500;northing=209500;partial-context=254604
Wivenhoe;easting=604500;northing=222500;partial-context=254653
Woking;easting=500500;northing=158500;partial-context=254700
Wokingham;easting=480500;northing=168500;partial-context=254701
Wood Green;easting=530500;northing=190500;partial-context=255207
Woodbridge;easting=626500;northing=249500;partial-context=255428
Woodford;easting=540500;northing=191500;partial-context=255717
Woodhall Spa;easting=519500;northing=363500;partial-context=255802
Woodstock;easting=444500;northing=216500;partial-context=256662
Woolwich;easting=543500;northing=179500;partial-context=256979
Wootton Bassett;easting=406500;northing=182500;partial-context=257028
Workington;easting=299500;northing=527500;partial-context=257113
Worksop;easting=458500;northing=379500;partial-context=257115
Worsbrough;easting=435500;northing=403500;partial-context=257242
Worsley;easting=374500;northing=401500;partial-context=257253
Worthing;easting=513500;northing=103500;partial-context=257302
Wotton Cross;easting=280500;northing=69500;partial-context=257348
Wrexham;easting=333500;northing=350500;partial-context=257522
Wrecsam;easting=333500;northing=350500;partial-context=257522
Wymondham;easting=611500;northing=301500;partial-context=257819
Yate;easting=371500;northing=182500;partial-context=258253
Yeadon;easting=420500;northing=440500;partial-context=258303
Yeovil;easting=355500;northing=116500;partial-context=258472
Yiewsley;easting=506500;northing=180500;partial-context=258628
Ystrad Mynach;easting=314500;northing=194500;partial-context=259003
