
Wednesday;day=03
Wednesdays;day=03
Wed.;day=03
Wed;day=03
Tuesday;day=02
Tuesdays;day=02
Tues.;day=02
Tues;day=02
Tue.;day=02
Tue;day=02
Thursday;day=04
Thursdays;day=04
Thurs.;day=04
Thurs;day=04
Thur.;day=04
Thur;day=04
Thu.;day=04
Thu;day=04
Sunday;day=07
Sundays;day=07
Sun.;day=07
Sun;day=07
Saturday;day=06
Saturdays;day=06
Sat.;day=06
Sat;day=06
Monday;day=01
Mondays;day=01
Mon.;day=01
Mon;day=01
Friday;day=05
Fridays;day=05
Fri.;day=05
Fri;day=05
WEDNESDAY;day=03
WEDNESDAYS;day=03
WED.;day=03
WED;day=03
TUESDAY;day=02
TUESDAYS;day=02
TUES.;day=02
TUES;day=02
TUE.;day=02
TUE;day=02
THURSDAY;day=04
THURSDAYS;day=04
THURS.;day=04
THURS;day=04
THUR.;day=04
THUR;day=04
THU.;day=04
THU;day=04
Sunday;day=07
SUNDAYS;day=07
SUN.;day=07
SUN;day=07
SATURDAY;day=06
SATURDAYS;day=06
SAT.;day=06
SAT;day=06
MONDAY;day=01
MONDAYS;day=01
MON.;day=01
MON;day=01
FRIDAY;day=05
FRIDAYS;day=05
FRI.;day=05
FRI;day=05