Assistant Government Whip
Chief Scientific Adviser
Chief Whip
Commodore-in-Chief of Scotland
Commodore-in-Chief of Submarines
Deputy Chief Whip
Deputy Private Secretary
Deputy Speaker of the House of Commons
Deputy Speaker of the House of Lords
Deputy Under Secretary
Government Whip
Leader of HM Opposition
Leader of the Opposition
Leader of the Opposition in the House of Commons
Leader of the Opposition in the House of Lords
Lord Lieutenant
Lord Mayor
Lord-Lieutenant
Opposition Chief Whip
National Security Adviser
National Security Advisor
Permanent Representative;prefix=yes
Permanent Under Secretary;prefix=yes
Private Secretary to the Leader of the Opposition in the House of Lords
Minister of State;prefix=yes