Aberdeen City;format=long;context=http://data.ordnancesurvey.co.uk/id/7000000000030421
Aberdeen;format=short;context=http://data.ordnancesurvey.co.uk/id/7000000000030421
Abertawe;format=short;context=http://data.ordnancesurvey.co.uk/id/7000000000025492
Barnsley;format=short;context=http://data.ordnancesurvey.co.uk/id/7000000000009182
Bath and North East Somerset;format=short;context=http://data.ordnancesurvey.co.uk/id/7000000000025554
Bedford;format=short;context=http://data.ordnancesurvey.co.uk/id/7000000000043871
Birmingham;format=short;context=http://data.ordnancesurvey.co.uk/id/7000000000000018
Blackburn with Darwen;format=short;context=http://data.ordnancesurvey.co.uk/id/7000000000038840
Blackpool;format=short;context=http://data.ordnancesurvey.co.uk/id/7000000000038861
Blaenau Gwent;format=short;context=http://data.ordnancesurvey.co.uk/id/7000000000025494
Bolton;format=short;context=http://data.ordnancesurvey.co.uk/id/7000000000018832
Borough of Barnsley;format=long;context=http://data.ordnancesurvey.co.uk/id/7000000000009182
Borough of Bedford;format=long;context=http://data.ordnancesurvey.co.uk/id/7000000000043871
Borough of Blackburn with Darwen;format=long;context=http://data.ordnancesurvey.co.uk/id/7000000000038840
Borough of Blackpool;format=long;context=http://data.ordnancesurvey.co.uk/id/7000000000038861
Borough of Blaenau Gwent;format=long;context=http://data.ordnancesurvey.co.uk/id/7000000000025494
Borough of Bolton;format=long;context=http://data.ordnancesurvey.co.uk/id/7000000000018832
Borough of Bournemouth;format=long;context=http://data.ordnancesurvey.co.uk/id/7000000000038340
Borough of Bracknell Forest;format=long;context=http://data.ordnancesurvey.co.uk/id/7000000000038893
Borough of Bury;format=long;context=http://data.ordnancesurvey.co.uk/id/7000000000018846
Borough of Calderdale;format=long;context=http://data.ordnancesurvey.co.uk/id/7000000000016714
Borough of Darlington;format=long;context=http://data.ordnancesurvey.co.uk/id/7000000000038404
Borough of Doncaster;format=long;context=http://data.ordnancesurvey.co.uk/id/7000000000009082
Borough of Dudley;format=long;context=http://data.ordnancesurvey.co.uk/id/7000000000000109
Borough of Gateshead;format=long;context=http://data.ordnancesurvey.co.uk/id/7000000000009716
Borough of Halton;format=long;context=http://data.ordnancesurvey.co.uk/id/7000000000038848
Borough of Hartlepool;format=long;context=http://data.ordnancesurvey.co.uk/id/7000000000025589
Borough of Isle of Anglesey;format=long;context=http://data.ordnancesurvey.co.uk/id/7000000000025482
Borough of Kirklees;format=long;context=http://data.ordnancesurvey.co.uk/id/7000000000016665
Borough of Knowsley;format=long;context=http://data.ordnancesurvey.co.uk/id/7000000000006004
Borough of Luton;format=long;context=http://data.ordnancesurvey.co.uk/id/7000000000037536
Borough of Medway;format=long;context=http://data.ordnancesurvey.co.uk/id/7000000000038908
Borough of Middlesbrough;format=long;context=http://data.ordnancesurvey.co.uk/id/7000000000025586
Borough of Milton Keynes;format=long;context=http://data.ordnancesurvey.co.uk/id/7000000000038413
Borough of North East Lincolnshire;format=long;context=http://data.ordnancesurvey.co.uk/id/7000000000025650
Borough of North Lincolnshire;format=long;context=http://data.ordnancesurvey.co.uk/id/7000000000025623
Borough of North Tyneside;format=long;context=http://data.ordnancesurvey.co.uk/id/7000000000009699
Borough of Oldham;format=long;context=http://data.ordnancesurvey.co.uk/id/7000000000018690
Borough of Poole;format=long;context=http://data.ordnancesurvey.co.uk/id/7000000000038339
Borough of Reading;format=long;context=http://data.ordnancesurvey.co.uk/id/7000000000038895
Borough of Redcar and Cleveland;format=long;context=http://data.ordnancesurvey.co.uk/id/7000000000025588
Borough of Rochdale;format=long;context=http://data.ordnancesurvey.co.uk/id/7000000000018825
Borough of Rotherham;format=long;context=http://data.ordnancesurvey.co.uk/id/7000000000009123
Borough of Sandwell;format=long;context=http://data.ordnancesurvey.co.uk/id/7000000000000081
Borough of Sefton;format=long;context=http://data.ordnancesurvey.co.uk/id/7000000000005960
Borough of Slough;format=long;context=http://data.ordnancesurvey.co.uk/id/7000000000038891
Borough of Solihull;format=long;context=http://data.ordnancesurvey.co.uk/id/7000000000000009
Borough of South Tyneside;format=long;context=http://data.ordnancesurvey.co.uk/id/7000000000009685
Borough of Southend-on-Sea;format=long;context=http://data.ordnancesurvey.co.uk/id/7000000000038907
Borough of St Helens;format=long;context=http://data.ordnancesurvey.co.uk/id/7000000000006000
Borough of Stockport;format=long;context=http://data.ordnancesurvey.co.uk/id/7000000000018757
Borough of Stockton-on-Tees;format=long;context=http://data.ordnancesurvey.co.uk/id/7000000000025587
Borough of Swindon;format=long;context=http://data.ordnancesurvey.co.uk/id/7000000000038141
Borough of Tameside;format=long;context=http://data.ordnancesurvey.co.uk/id/7000000000018700
Borough of Telford and Wrekin;format=long;context=http://data.ordnancesurvey.co.uk/id/7000000000038854
Borough of Thurrock;format=long;context=http://data.ordnancesurvey.co.uk/id/7000000000038866
Borough of Torbay;format=long;context=http://data.ordnancesurvey.co.uk/id/7000000000038883
Borough of Trafford;format=long;context=http://data.ordnancesurvey.co.uk/id/7000000000018786
Borough of Walsall;format=long;context=http://data.ordnancesurvey.co.uk/id/7000000000000072
Borough of Warrington;format=long;context=http://data.ordnancesurvey.co.uk/id/7000000000038843
Borough of Wigan;format=long;context=http://data.ordnancesurvey.co.uk/id/7000000000018868
Borough of Wirral;format=long;context=http://data.ordnancesurvey.co.uk/id/7000000000006068
Bournemouth;format=short;context=http://data.ordnancesurvey.co.uk/id/7000000000038340
Bracknell Forest;format=short;context=http://data.ordnancesurvey.co.uk/id/7000000000038893
Bradford;format=short;context=http://data.ordnancesurvey.co.uk/id/7000000000016726
Bridgend;format=short;context=http://data.ordnancesurvey.co.uk/id/7000000000025495
Brighton and Hove;format=short;context=http://data.ordnancesurvey.co.uk/id/7000000000036749
Bristol;format=short;context=http://data.ordnancesurvey.co.uk/id/7000000000025523
Bro Morgannwg;format=short;context=http://data.ordnancesurvey.co.uk/id/7000000000025502
Bury;format=short;context=http://data.ordnancesurvey.co.uk/id/7000000000018846
Caerdydd;format=short;context=http://data.ordnancesurvey.co.uk/id/7000000000025484
Caerffili;format=short;context=http://data.ordnancesurvey.co.uk/id/7000000000025496
Caerphilly;format=short;context=http://data.ordnancesurvey.co.uk/id/7000000000025496
Calderdale;format=short;context=http://data.ordnancesurvey.co.uk/id/7000000000016714
Cardiff;format=short;context=http://data.ordnancesurvey.co.uk/id/7000000000025484
Carmarthenshire;format=short;context=http://data.ordnancesurvey.co.uk/id/7000000000025486
Casnewydd;format=short;context=http://data.ordnancesurvey.co.uk/id/7000000000025499
Castell-nedd Port Talbot;format=short;context=http://data.ordnancesurvey.co.uk/id/7000000000025498
Ceredigion;format=short;context=http://data.ordnancesurvey.co.uk/id/7000000000025485
City and County of Cardiff;format=long;context=http://data.ordnancesurvey.co.uk/id/7000000000025484
City and County of Swansea;format=long;context=http://data.ordnancesurvey.co.uk/id/7000000000025492
City of Birmingham;format=long;context=http://data.ordnancesurvey.co.uk/id/7000000000000018
City of Bradford;format=long;context=http://data.ordnancesurvey.co.uk/id/7000000000016726
City of Brighton and Hove;format=long;context=http://data.ordnancesurvey.co.uk/id/7000000000036749
City of Bristol;format=long;context=http://data.ordnancesurvey.co.uk/id/7000000000025523
City of Coventry;format=long;context=http://data.ordnancesurvey.co.uk/id/7000000000000033
City of Derby;format=long;context=http://data.ordnancesurvey.co.uk/id/7000000000037538
City of Edinburgh;format=long;context=http://data.ordnancesurvey.co.uk/id/7000000000030505
City of Kingston upon Hull;format=long;context=http://data.ordnancesurvey.co.uk/id/7000000000025639
City of Leeds;format=long;context=http://data.ordnancesurvey.co.uk/id/7000000000016675
City of Leicester;format=long;context=http://data.ordnancesurvey.co.uk/id/7000000000037533
City of Liverpool;format=long;context=http://data.ordnancesurvey.co.uk/id/7000000000005974
City of Manchester;format=long;context=http://data.ordnancesurvey.co.uk/id/7000000000018821
City of Newcastle upon Tyne;format=long;context=http://data.ordnancesurvey.co.uk/id/7000000000009784
City of Nottingham;format=long;context=http://data.ordnancesurvey.co.uk/id/7000000000038857
City of Peterborough;format=long;context=http://data.ordnancesurvey.co.uk/id/7000000000038886
City of Plymouth;format=long;context=http://data.ordnancesurvey.co.uk/id/7000000000038872
City of Portsmouth;format=long;context=http://data.ordnancesurvey.co.uk/id/7000000000037254
City of Salford;format=long;context=http://data.ordnancesurvey.co.uk/id/7000000000018805
City of Sheffield;format=long;context=http://data.ordnancesurvey.co.uk/id/7000000000009113
City of Southampton;format=long;context=http://data.ordnancesurvey.co.uk/id/7000000000037256
City of Stoke-on-Trent;format=long;context=http://data.ordnancesurvey.co.uk/id/7000000000038408
City of Sunderland;format=long;context=http://data.ordnancesurvey.co.uk/id/7000000000009731
City of Wakefield;format=long;context=http://data.ordnancesurvey.co.uk/id/7000000000016758
City of Wolverhampton;format=long;context=http://data.ordnancesurvey.co.uk/id/7000000000000156
City of York;format=long;context=http://data.ordnancesurvey.co.uk/id/7000000000025595
Conwy;format=short;context=http://data.ordnancesurvey.co.uk/id/7000000000025493
Cornwall;format=short;context=http://data.ordnancesurvey.co.uk/id/7000000000043750
Coventry;format=short;context=http://data.ordnancesurvey.co.uk/id/7000000000000033
Darlington;format=short;context=http://data.ordnancesurvey.co.uk/id/7000000000038404
Denbighshire;format=short;context=http://data.ordnancesurvey.co.uk/id/7000000000025487
Derby;format=short;context=http://data.ordnancesurvey.co.uk/id/7000000000037538
District of Bath and North East Somerset;format=long;context=http://data.ordnancesurvey.co.uk/id/7000000000025554
District of East Riding;format=long;context=http://data.ordnancesurvey.co.uk/id/7000000000025635
District of North Somerset;format=long;context=http://data.ordnancesurvey.co.uk/id/7000000000025504
District of Rutland;format=long;context=http://data.ordnancesurvey.co.uk/id/7000000000037528
District of South Gloucestershire;format=long;context=http://data.ordnancesurvey.co.uk/id/7000000000025559
District of West Berkshire;format=long;context=http://data.ordnancesurvey.co.uk/id/7000000000038899
District of Wokingham;format=long;context=http://data.ordnancesurvey.co.uk/id/7000000000038894
Doncaster;format=short;context=http://data.ordnancesurvey.co.uk/id/7000000000009082
Dudley;format=short;context=http://data.ordnancesurvey.co.uk/id/7000000000000109
Dundee City;format=long;context=http://data.ordnancesurvey.co.uk/id/7000000000030215
Dundee;format=short;context=http://data.ordnancesurvey.co.uk/id/7000000000030215
East Riding of Yorkshire;format=short;context=http://data.ordnancesurvey.co.uk/id/7000000000025635
Edinburgh;format=short;context=http://data.ordnancesurvey.co.uk/id/7000000000030505
Flintshire;format=short;context=http://data.ordnancesurvey.co.uk/id/7000000000025776
Gateshead;format=short;context=http://data.ordnancesurvey.co.uk/id/7000000000009716
Glasgow City;format=long;context=http://data.ordnancesurvey.co.uk/id/7000000000030631
Glasgow;format=short;context=http://data.ordnancesurvey.co.uk/id/7000000000030631
Gwynedd;format=short;context=http://data.ordnancesurvey.co.uk/id/7000000000025483
Halton;format=short;context=http://data.ordnancesurvey.co.uk/id/7000000000038848
Hartlepool;format=short;context=http://data.ordnancesurvey.co.uk/id/7000000000025589
Herefordshire;format=short;context=http://data.ordnancesurvey.co.uk/id/7000000000038904
Isle of Anglesey;format=short;context=http://data.ordnancesurvey.co.uk/id/7000000000025482
Isle of Wight;format=long;context=http://data.ordnancesurvey.co.uk/id/7000000000025469
Isle of Wight;format=short;context=http://data.ordnancesurvey.co.uk/id/7000000000025469
Isles of Scilly;format=long;context=http://data.ordnancesurvey.co.uk/id/7000000000043972
Isles of Scilly;format=short;context=http://data.ordnancesurvey.co.uk/id/7000000000043972
Kingston upon Hull;format=short;context=http://data.ordnancesurvey.co.uk/id/7000000000025639
Kirklees;format=short;context=http://data.ordnancesurvey.co.uk/id/7000000000016665
Knowsley;format=short;context=http://data.ordnancesurvey.co.uk/id/7000000000006004
Leeds;format=short;context=http://data.ordnancesurvey.co.uk/id/7000000000016675
Leicester;format=short;context=http://data.ordnancesurvey.co.uk/id/7000000000037533
Liverpool;format=short;context=http://data.ordnancesurvey.co.uk/id/7000000000005974
Luton;format=short;context=http://data.ordnancesurvey.co.uk/id/7000000000037536
Manchester;format=short;context=http://data.ordnancesurvey.co.uk/id/7000000000018821
Medway;format=short;context=http://data.ordnancesurvey.co.uk/id/7000000000038908
Merthyr Tudful;format=short;context=http://data.ordnancesurvey.co.uk/id/7000000000025497
Merthyr Tydfil;format=short;context=http://data.ordnancesurvey.co.uk/id/7000000000025497
Middlesbrough;format=short;context=http://data.ordnancesurvey.co.uk/id/7000000000025586
Milton Keynes;format=short;context=http://data.ordnancesurvey.co.uk/id/7000000000038413
Monmouthshire;format=short;context=http://data.ordnancesurvey.co.uk/id/7000000000025489
Neath Port Talbot;format=short;context=http://data.ordnancesurvey.co.uk/id/7000000000025498
Newcastle upon Tyne;format=short;context=http://data.ordnancesurvey.co.uk/id/7000000000009784
Newport;format=short;context=http://data.ordnancesurvey.co.uk/id/7000000000025499
North East Lincolnshire;format=short;context=http://data.ordnancesurvey.co.uk/id/7000000000025650
North Lincolnshire;format=short;context=http://data.ordnancesurvey.co.uk/id/7000000000025623
North Somerset;format=short;context=http://data.ordnancesurvey.co.uk/id/7000000000025504
North Tyneside;format=short;context=http://data.ordnancesurvey.co.uk/id/7000000000009699
Northumberland;format=short;context=http://data.ordnancesurvey.co.uk/id/7000000000043674
Nottingham;format=short;context=http://data.ordnancesurvey.co.uk/id/7000000000038857
Oldham;format=short;context=http://data.ordnancesurvey.co.uk/id/7000000000018690
Pembrokeshire;format=short;context=http://data.ordnancesurvey.co.uk/id/7000000000025490
Pen-y-bont ar Ogwr;format=short;context=http://data.ordnancesurvey.co.uk/id/7000000000025495
Peterborough;format=short;context=http://data.ordnancesurvey.co.uk/id/7000000000038886
Plymouth;format=short;context=http://data.ordnancesurvey.co.uk/id/7000000000038872
Poole;format=short;context=http://data.ordnancesurvey.co.uk/id/7000000000038339
Portsmouth;format=short;context=http://data.ordnancesurvey.co.uk/id/7000000000037254
Powys;format=short;context=http://data.ordnancesurvey.co.uk/id/7000000000025491
Reading;format=short;context=http://data.ordnancesurvey.co.uk/id/7000000000038895
Redcar and Cleveland;format=short;context=http://data.ordnancesurvey.co.uk/id/7000000000025588
Rhondda, Cynon, Taf;format=short;context=http://data.ordnancesurvey.co.uk/id/7000000000025500
Rhondda, Cynon, Taff;format=short;context=http://data.ordnancesurvey.co.uk/id/7000000000025500
Rochdale;format=short;context=http://data.ordnancesurvey.co.uk/id/7000000000018825
Rotherham;format=short;context=http://data.ordnancesurvey.co.uk/id/7000000000009123
Royal Borough of Windsor and Maidenhead;format=long;context=http://data.ordnancesurvey.co.uk/id/7000000000038892
Rutland;format=short;context=http://data.ordnancesurvey.co.uk/id/7000000000037528
Salford;format=short;context=http://data.ordnancesurvey.co.uk/id/7000000000018805
Sandwell;format=short;context=http://data.ordnancesurvey.co.uk/id/7000000000000081
Sefton;format=short;context=http://data.ordnancesurvey.co.uk/id/7000000000005960
Sheffield;format=short;context=http://data.ordnancesurvey.co.uk/id/7000000000009113
Shropshire;format=short;context=http://data.ordnancesurvey.co.uk/id/7000000000043822
Sir Benfro;format=short;context=http://data.ordnancesurvey.co.uk/id/7000000000025490
Sir Ceredigion;format=short;context=http://data.ordnancesurvey.co.uk/id/7000000000025485
Sir Ddinbych;format=short;context=http://data.ordnancesurvey.co.uk/id/7000000000025487
Sir Fynwy;format=short;context=http://data.ordnancesurvey.co.uk/id/7000000000025489
Sir Gaerfyrddin;format=short;context=http://data.ordnancesurvey.co.uk/id/7000000000025486
Sir Ynys Mon;format=short;context=http://data.ordnancesurvey.co.uk/id/7000000000025482
Sir y Fflint;format=short;context=http://data.ordnancesurvey.co.uk/id/7000000000025776
Slough;format=short;context=http://data.ordnancesurvey.co.uk/id/7000000000038891
Solihull;format=short;context=http://data.ordnancesurvey.co.uk/id/7000000000000009
South Gloucestershire;format=short;context=http://data.ordnancesurvey.co.uk/id/7000000000025559
South Tyneside;format=short;context=http://data.ordnancesurvey.co.uk/id/7000000000009685
Southampton;format=short;context=http://data.ordnancesurvey.co.uk/id/7000000000037256
Southend-on-Sea;format=short;context=http://data.ordnancesurvey.co.uk/id/7000000000038907
St. Helens;format=short;context=http://data.ordnancesurvey.co.uk/id/7000000000006000
Stockport;format=short;context=http://data.ordnancesurvey.co.uk/id/7000000000018757
Stockton-on-Tees;format=short;context=http://data.ordnancesurvey.co.uk/id/7000000000025587
Stoke-on-Trent;format=short;context=http://data.ordnancesurvey.co.uk/id/7000000000038408
Sunderland;format=short;context=http://data.ordnancesurvey.co.uk/id/7000000000009731
Swansea;format=short;context=http://data.ordnancesurvey.co.uk/id/7000000000025492
Swindon;format=short;context=http://data.ordnancesurvey.co.uk/id/7000000000038141
Tameside;format=short;context=http://data.ordnancesurvey.co.uk/id/7000000000018700
Telford and Wrekin;format=short;context=http://data.ordnancesurvey.co.uk/id/7000000000038854
The Vale of Glamorgan;format=short;context=http://data.ordnancesurvey.co.uk/id/7000000000025502
Thurrock;format=short;context=http://data.ordnancesurvey.co.uk/id/7000000000038866
Tor-faen;format=short;context=http://data.ordnancesurvey.co.uk/id/7000000000025501
Torbay;format=short;context=http://data.ordnancesurvey.co.uk/id/7000000000038883
Torfaen;format=short;context=http://data.ordnancesurvey.co.uk/id/7000000000025501
Trafford;format=short;context=http://data.ordnancesurvey.co.uk/id/7000000000018786
Wakefield;format=short;context=http://data.ordnancesurvey.co.uk/id/7000000000016758
Walsall;format=short;context=http://data.ordnancesurvey.co.uk/id/7000000000000072
Warrington;format=short;context=http://data.ordnancesurvey.co.uk/id/7000000000038843
West Berkshire;format=short;context=http://data.ordnancesurvey.co.uk/id/7000000000038899
Wigan;format=short;context=http://data.ordnancesurvey.co.uk/id/7000000000018868
Wiltshire;format=short;context=http://data.ordnancesurvey.co.uk/id/7000000000043925
Windsor and Maidenhead;format=short;context=http://data.ordnancesurvey.co.uk/id/7000000000038892
Wirral;format=short;context=http://data.ordnancesurvey.co.uk/id/7000000000006068
Wokingham;format=short;context=http://data.ordnancesurvey.co.uk/id/7000000000038894
Wolverhampton;format=short;context=http://data.ordnancesurvey.co.uk/id/7000000000000156
Wrecsam;format=short;context=http://data.ordnancesurvey.co.uk/id/7000000000025831
Wrexham;format=short;context=http://data.ordnancesurvey.co.uk/id/7000000000025831
York;format=short;context=http://data.ordnancesurvey.co.uk/id/7000000000025595
