HMS Albion;type=ship
HMS Archer;type=ship
HMS Argyll;type=ship
HMS Ark Royal;type=ship
HMS Astute;type=submarine
HMS Atherstone;type=ship
HMS Bangor;type=ship
HMS Biter;type=ship
HMS Blazer;type=ship
HMS Blyth;type=ship
HMS Bristol;type=ship
HMS Brocklesby;type=ship
HMS Bulwark;type=ship
HMS Campbeltown;type=ship
HMS Caroline;type=ship
HMS Cattistock;type=ship
HMS Charger;type=ship
HMS Chatham;type=ship
HMS Chiddingfold;type=ship
HMS Clyde;type=ship
HMS Cornwall;type=ship
HMS Cumberland;type=ship
HMS Daring;type=ship
HMS Dasher;type=ship
HMS Dauntless;type=ship
HMS Diamond;type=ship
HMS Echo;type=ship
HMS Edinburgh;type=ship
HMS Endurance;type=ship
HMS Enterprise;type=ship
HMS Example;type=ship
HMS Exploit;type=ship
HMS Explorer;type=ship
HMS Express;type=ship
HMS Gloucester;type=ship
HMS Grimsby;type=ship
HMS Hurworth;type=ship
HMS Illustrious;type=ship
HMS Invincible;type=ship
HMS Iron Duke;type=ship
HMS Kent;type=ship
HMS Lancaster;type=ship
HMS Ledbury;type=ship
HMS Liverpool;type=ship
HMS Manchester;type=ship
HMS Mersey;type=ship
HMS Middleton;type=ship
HMS Monmouth;type=ship
HMS Montrose;type=ship
HMS Northumberland;type=ship
HMS Ocean;type=ship
HMS Pembroke;type=ship
HMS Penzance;type=ship
HMS Portland;type=ship
HMS Prince of Wales;type=ship
HMS Puncher;type=ship
HMS Pursuer;type=ship
HMS Queen Elizabeth;type=ship
HMS Quorn;type=ship
HMS Raider;type=ship
HMS Ramsey;type=ship
HMS Ranger;type=ship
HMS Richmond;type=ship
HMS Sabre;type=ship
HMS Sceptre;type=submarine
HMS Scimitar;type=ship
HMS Scott;type=ship
HMS Severn;type=ship
HMS Shoreham;type=ship
HMS Smiter;type=ship
HMS Somerset;type=ship
HMS St Albans;type=ship
HMS Sutherland;type=ship
HMS Talent;type=submarine
HMS Tireless;type=submarine
HMS Torbay;type=submarine
HMS Tracker;type=ship
HMS Trenchant;type=submarine
HMS Triumph;type=submarine
HMS Trumpeter;type=ship
HMS Turbulent;type=submarine
HMS Tyne;type=ship
HMS Vanguard;type=submarine
HMS Vengeance;type=submarine
HMS Victorious;type=submarine
HMS Victory;type=ship
HMS Vigilant;type=submarine
HMS Walney;type=ship
HMS Westminster;type=ship
HMS York;type=ship
HMSML Gleaner;type=ship
RMS Titanic;type=ship