
Abbey
Airbase
Airport
Aquarium
Arena
Bandstand
Barn
Barns
Barracks
Base
Baths
Brewery
Bridge
Building
Bus Station
Cafe
Camp
Car Park
Castle
Cathedral
Cemetery
Center
Centre
Chapel
Church
Cinema
Coliseum
Colliery
Colonnade
Common
Cottage
Croft
Cross
Courthouse
Depot
Docklands
Docks
Dome
Embassy
Estate
Farm
Floodway
Foregate
Fountain
Gallery
Garden
Gardens
HQ
Hall
Harbour
Head Quarters
Headquarters
Hotel
House
Inn
Jail
Laboratory
Library
Lighthouse
Lodge
Manor
Marina
Mart
Memorial
Mill
Monument
Mosque
Offices
Palace
Park
Pavilion
Pier
Plant
Playhouse
Plaza
Police Station
Pub
Quay
Railway Station
Ranch
Resort
Restaurant
Shop
Ski Slope
Spillway
Stadium
Station
Telescope
Temple
Theater
Theatre
Tower
Trail
Warehouse
Wharf
Yard
Zoo