Air Hockey;context=http://dbpedia.org/resource/Air_hockey
Archery;context=http://dbpedia.org/resource/Archery
Athletics;context=http://dbpedia.org/resource/Athletics_(sport)
Badminton;context=http://dbpedia.org/resource/Badminton
Baseball;context=http://dbpedia.org/resource/Baseball
Basketball;context=http://dbpedia.org/resource/Basketball
Beach Volleyball;context=http://dbpedia.org/resource/Beach_volleyball
Cricket;context=http://dbpedia.org/resource/Cricket
Cycling;context=http://dbpedia.org/resource/Cycling
Darts;context=http://dbpedia.org/resource/Darts
Eventing;context=http://dbpedia.org/resource/Eventing
Football;context=http://dbpedia.org/resource/Association_football
Gymnastics;context=http://dbpedia.org/resource/Gymnastics
Hockey;context=http://dbpedia.org/resource/Hockey
Horse Racing;context=http://dbpedia.org/resource/Horse_racing
Motor Racing
Rowing;context=http://dbpedia.org/resource/Rowing_(sport)
Rugby;context=http://dbpedia.org/resource/Rugby_union
Rugby Football;context=http://dbpedia.org/resource/Rugby_football
Skiing;context=http://dbpedia.org/resource/Skiing
Soccer;context=http://dbpedia.org/resource/Association_football
Snowboarding;context=http://dbpedia.org/resource/Snowboarding
Target Shooting
Tennis;context=http://dbpedia.org/resource/Tennis
Volleyball;context=http://dbpedia.org/resource/Volleyball