Advocate General for Scotland;context=http://reference.data.gov.uk/id/minister/attorney-general/advocate-general-for-scotland
Attorney General;context=http://reference.data.gov.uk/id/minister/attorney-general/attorney-general
Business Minister
Business Secretary;context=http://reference.data.gov.uk/id/minister/bis/secretary-of-state-for-business-innovation-and-skills
Cabinet Secretary
Cabinet Secretary for Education and Lifelong Learning;area=Scotland
Cabinet Secretary for Finance and Sustainable Growth;area=Scotland
Cabinet Secretary for Health and Wellbeing;area=Scotland
Cabinet Secretary for Justice;area=Scotland
Cabinet Secretary for Rural Affairs and the Environment;area=Scotland
Chancellor of the Duchy of Lancaster;context=http://reference.data.gov.uk/id/minister/olhl/chancellor-of-the-duchy-of-lancaster
Chancellor of the Exchequer;context=http://reference.data.gov.uk/id/minister/hmt/chancellor-of-the-exchequer
Chancellor;context=http://reference.data.gov.uk/id/minister/hmt/chancellor-of-the-exchequer
Chief Secretary to the Treasury;context=http://reference.data.gov.uk/id/minister/hmt/chief-secretary-to-the-treasury
Children's Minister
Children's Secretary
Communities Minister
Communities and Local Government Secretary;context=http://reference.data.gov.uk/id/minister/dclg/secretary-of-state-for-communities-and-local-government
Communities Secretary;context=http://reference.data.gov.uk/id/minister/dclg/secretary-of-state-for-communities-and-local-government
Corporate Responsibility Minister
Crime Prevention Minister
Culture Secretary;context=http://reference.data.gov.uk/id/minister/dcms/secretary-of-state-for-culture-olympics-media-and-sport
Defence Secretary;context=http://reference.data.gov.uk/id/minister/mod/secretary-of-state-for-defence
Deputy Chief Whip (Captain of The Queen's Bodyguard of the Yeomen of the Guard);context=http://reference.data.gov.uk/id/minister/olhl/deputy-chief-whip-captain-of-the-queen-s-bodyguard-of-the-yeomen-of-the-guard
Deputy Chief Whip (Captain of The Queen’s Bodyguard of the Yeomen of the Guard);context=http://reference.data.gov.uk/id/minister/olhl/deputy-chief-whip-captain-of-the-queen-s-bodyguard-of-the-yeomen-of-the-guard
Deputy Chief Whip (Comptroller of HM Household);context=http://reference.data.gov.uk/id/minister/olhc/deputy-chief-whip-comptroller-of-hm-household
Deputy First Minister;area=Scotland
Deputy Leader of the House of Commons;context=http://reference.data.gov.uk/id/minister/olhc/deputy-leader-of-the-house-of-commons
Deputy Leader of the House of Lords;context=http://reference.data.gov.uk/id/minister/olhl/deputy-leader-of-the-house-of-lords
Deputy Prime Minister;context=http://reference.data.gov.uk/id/minister/co/deputy-prime-minister
Economic Secretary;context=http://reference.data.gov.uk/id/minister/hmt/economic-secretary
Economic Secretary to the Treasury;context=http://reference.data.gov.uk/id/minister/hmt/economic-secretary
Education Secretary;context=http://reference.data.gov.uk/id/minister/dfe/secretary-of-state-for-education
Energy and Climate Change Secretary;context=http://reference.data.gov.uk/id/minister/decc/secretary-of-state-for-energy-and-climate-change
Environment secretary;context=http://reference.data.gov.uk/id/minister/defra/secretary-of-state-for-environment-food-and-rural-affairs
Exchequer Secretary;context=http://reference.data.gov.uk/id/minister/hmt/exchequer-secretary
Financial Secretary;context=http://reference.data.gov.uk/id/minister/hmt/financial-secretary
Financial Secretary to the Treasury;context=http://reference.data.gov.uk/id/minister/hmt/financial-secretary
First Lord of the Treasury;context=http://reference.data.gov.uk/id/minister/co/first-lord-of-the-treasury
First Minister;area=Scotland
First Secretary of State;context=http://reference.data.gov.uk/id/minister/fco/first-secretary-of-state
Foreign Secretary;context=http://reference.data.gov.uk/id/minister/fco/secretary-of-state-for-foreign-and-commonwealth-affairs
Government Whip (Vice Chamberlain of HM Household);context=http://reference.data.gov.uk/id/minister/olhc/government-whip-vice-chamberlain-of-hm-household
Health Secretary;context=http://reference.data.gov.uk/id/minister/dh/secretary-of-state-for-health
Home Office Mnister
Home Secretary;context=http://reference.data.gov.uk/id/minister/ho/secretary-of-state-for-the-home-department
International Development Secretary;context=http://reference.data.gov.uk/id/minister/dfid/secretary-of-state-for-international-development
Junior Lord of the Treasury;context=http://reference.data.gov.uk/id/minister/olhc/junior-lord-of-the-treasury
Justice Secretary;context=http://reference.data.gov.uk/id/minister/justice/secretary-of-state-for-justice
Leader of the House of Commons;context=http://reference.data.gov.uk/id/minister/olhc/leader-of-the-house-of-commons
Leader of the House of Lords;context=http://reference.data.gov.uk/id/minister/olhl/leader-of-the-house-of-lords
Local Government Minister
Local Government Secretary
Lord Advocate;area=Scotland
Lord Chancellor;context=http://reference.data.gov.uk/id/minister/justice/lord-chancellor
Lord President of the Council;context=http://reference.data.gov.uk/id/minister/co/lord-president-of-the-council
Lord Privy Seal;context=http://reference.data.gov.uk/id/minister/olhc/lord-privy-seal
Lords Chief Whip (Captain of the Honourable Corps of Gentlemen at Arms);context=http://reference.data.gov.uk/id/minister/olhl/lords-chief-whip-captain-of-the-honourable-corps-of-gentlemen-at-arms
Minister for Children and Early Years;area=Scotland
Minister for Civil Society
Minister for Communications, Technology and Broadcasting
Minister for Community Safety;area=Scotland
Minister for Culture and External Affairs;area=Scotland
Minister for Enterprise, Energy and Tourism;area=Scotland
Minister for Environment;area=Scotland
Minister for Environment, Food and Rural Affairs
Minister for Europe
Minister for Equalities;context=http://reference.data.gov.uk/id/minister/ho/minister-for-equalities
Minister for Housing and Communities;area=Scotland
Minister for Immigration;context=http://reference.data.gov.uk/id/minister/ho/minister-for-immigration
Minister for Local Government
Minister for Political and Constitutional Reform
Minister for Parliamentary Business;area=Scotland
Minister for Police;context=http://reference.data.gov.uk/id/minister/ho/minister-for-police
Minister for Security;context=http://reference.data.gov.uk/id/minister/ho/minister-for-security
Minister for Skills and Lifelong Learning;area=Scotland
Minister for Sport and the Olympics;context=http://dbpedia.org/resource/Minister_for_Sport_and_the_Olympics
Minister for Sport and Public Health;area=Scotland
Minister for Transport, Infrastructure and Climate Change;area=Scotland
Minister for Welfare Reform;context=http://reference.data.gov.uk/id/minister/dwp/minister-for-welfare-reform
Minister for Women and Equalities;context=http://reference.data.gov.uk/id/minister/ho/minister-for-women-and-equalities
Minister for the Armed Forces;context=http://reference.data.gov.uk/id/minister/mod/minister-for-the-armed-forces
Minister for the Cabinet Office;context=http://reference.data.gov.uk/id/minister/co/minister-for-the-cabinet-office
Minister for the Civil Service;context=http://reference.data.gov.uk/id/minister/co/minister-for-the-civil-service
Minister of State (Universities and Science);context=http://reference.data.gov.uk/id/minister/bis/minister-of-state-universities-and-science
Minister without Portfolio;context=http://reference.data.gov.uk/id/minister/co/minister-without-portfolio
Northern Ireland Secretary;context=http://reference.data.gov.uk/id/minister/nio/secretary-of-state-for-northern-ireland
NI Secretary;context=http://reference.data.gov.uk/id/minister/nio/secretary-of-state-for-northern-ireland
Parliamentary Secretary to the Treasury and Chief Whip;context=http://reference.data.gov.uk/id/minister/olhc/parliamentary-secretary-to-the-treasury-and-chief-whip
Paymaster General;context=http://reference.data.gov.uk/id/minister/co/paymaster-general
Permanent Secretary
Permanent Secretary to the Treasury
Prime Minister;context=http://reference.data.gov.uk/id/minister/co/prime-minister
Schools Minister
Schools Secretary
Science Minister;context=http://reference.data.gov.uk/id/minister/bis/minister-of-state-universities-and-science
Scottish Secretary;context=http://reference.data.gov.uk/id/minister/so/secretary-of-state-for-scotland
Second Lord of the Treasury;context=http://reference.data.gov.uk/id/minister/hmt/second-lord-of-the-treasury
Secretary of State for Business, Innovation and Skills;context=http://reference.data.gov.uk/id/minister/bis/secretary-of-state-for-business-innovation-and-skills
Secretary of State for Communities and Local Government;context=http://reference.data.gov.uk/id/minister/dclg/secretary-of-state-for-communities-and-local-government
Secretary of State for Culture, Olympics, Media and Sport;context=http://reference.data.gov.uk/id/minister/dcms/secretary-of-state-for-culture-olympics-media-and-sport
Secretary of State for Defence;context=http://reference.data.gov.uk/id/minister/mod/secretary-of-state-for-defence
Secretary of State for Education;context=http://reference.data.gov.uk/id/minister/dfe/secretary-of-state-for-education
Secretary of State for Energy and Climate Change;context=http://reference.data.gov.uk/id/minister/decc/secretary-of-state-for-energy-and-climate-change
Secretary of State for Environment, Food and Rural Affairs;context=http://reference.data.gov.uk/id/minister/defra/secretary-of-state-for-environment-food-and-rural-affairs
Secretary of State for Foreign and Commonwealth Affairs;context=http://reference.data.gov.uk/id/minister/fco/secretary-of-state-for-foreign-and-commonwealth-affairs
Secretary of State for Health;context=http://reference.data.gov.uk/id/minister/dh/secretary-of-state-for-health
Secretary of State for International Development;context=http://reference.data.gov.uk/id/minister/dfid/secretary-of-state-for-international-development
Secretary of State for Justice;context=http://reference.data.gov.uk/id/minister/justice/secretary-of-state-for-justice
Secretary of State for Northern Ireland;context=http://reference.data.gov.uk/id/minister/nio/secretary-of-state-for-northern-ireland
Secretary of State for Scotland;context=http://reference.data.gov.uk/id/minister/so/secretary-of-state-for-scotland
Secretary of State for Transport;context=http://reference.data.gov.uk/id/minister/dft/secretary-of-state-for-transport
Secretary of State for Wales;context=http://reference.data.gov.uk/id/minister/wo/secretary-of-state-for-wales
Secretary of State for Work and Pensions;context=http://reference.data.gov.uk/id/minister/dwp/secretary-of-state-for-work-and-pensions
Secretary of State for the Home Department;context=http://reference.data.gov.uk/id/minister/ho/secretary-of-state-for-the-home-department
Secretary to the Cabinet
Solicitor General for Scotland;area=Scotland
Solicitor General;context=http://reference.data.gov.uk/id/minister/attorney-general/solicitor-general
Sports Minister
Transport Minister
Transport Secretary;context=http://reference.data.gov.uk/id/minister/dft/secretary-of-state-for-transport
Under-Secretary of State for Crime Prevention
Under-Secretary of State for Health
Under-Secretary of State for Transport
Under-Secretary of State for Scotland;context=http://dbpedia.org/resource/Under-Secretary_of_State_for_Scotland
Welsh Secretary;context=http://reference.data.gov.uk/id/minister/wo/secretary-of-state-for-wales
Work and Pensions Secretary;context=http://reference.data.gov.uk/id/minister/dwp/secretary-of-state-for-work-and-pensions
