Afghan;oldcontext=http://www.geonames.org/countries/#AF;context=http://sws.geonames.org/1149361/
Albanian;oldcontext=http://www.geonames.org/countries/#AL;context=http://sws.geonames.org/783754/
Algerian;oldcontext=http://www.geonames.org/countries/#DZ;context=http://sws.geonames.org/2589581/
American Samoan;oldcontext=http://www.geonames.org/countries/#AS;context=http://sws.geonames.org/5880801/
American;oldcontext=http://www.geonames.org/countries/#US;context=http://sws.geonames.org/6252001/
Andorran;oldcontext=http://www.geonames.org/countries/#AD;context=http://sws.geonames.org/3041565/
Angolan;oldcontext=http://www.geonames.org/countries/#AO;context=http://sws.geonames.org/3351879/
Anguillan;oldcontext=http://www.geonames.org/countries/#AI;context=http://sws.geonames.org/3573511/
Antiguan;oldcontext=http://www.geonames.org/countries/#AG;context=http://sws.geonames.org/3576396/
Argentine;oldcontext=http://www.geonames.org/countries/#AR;context=http://sws.geonames.org/3865483/
Argentinean;oldcontext=http://www.geonames.org/countries/#AR;context=http://sws.geonames.org/3865483/
Argentinian;oldcontext=http://www.geonames.org/countries/#AR;context=http://sws.geonames.org/3865483/
Armenian;oldcontext=http://www.geonames.org/countries/#AM;context=http://sws.geonames.org/174982/
Aruban;oldcontext=http://www.geonames.org/countries/#AW;context=http://sws.geonames.org/3577279/
Australian;oldcontext=http://www.geonames.org/countries/#AU;context=http://sws.geonames.org/2077456/
Austrian;oldcontext=http://www.geonames.org/countries/#AT;context=http://sws.geonames.org/2782113/
Azerbaijani;oldcontext=http://www.geonames.org/countries/#AT;context=http://sws.geonames.org/2782113/
Azeri;oldcontext=http://www.geonames.org/countries/#AT;context=http://sws.geonames.org/2782113/
Bahamian;oldcontext=http://www.geonames.org/countries/#BS;context=http://sws.geonames.org/3572887/
Bahraini;oldcontext=http://www.geonames.org/countries/#BH;context=http://sws.geonames.org/290291/
Bajan;oldcontext=http://www.geonames.org/countries/#BB;context=http://sws.geonames.org/3374084/
Bangladeshi;oldcontext=http://www.geonames.org/countries/#BD;context=http://sws.geonames.org/1210997/
Barbadian;oldcontext=http://www.geonames.org/countries/#BB;context=http://sws.geonames.org/3374084/
Barbudan;oldcontext=http://www.geonames.org/countries/#AG;context=http://sws.geonames.org/3576396/
Basotho;oldcontext=http://www.geonames.org/countries/#LS;context=http://sws.geonames.org/932692/
Belarusian;oldcontext=http://www.geonames.org/countries/#BY;context=http://sws.geonames.org/630336/
Belgian;oldcontext=http://www.geonames.org/countries/#BE;context=http://sws.geonames.org/2802361/
Belizean;oldcontext=http://www.geonames.org/countries/#BZ;context=http://sws.geonames.org/3582678/
Beninois;oldcontext=http://www.geonames.org/countries/#BJ;context=http://sws.geonames.org/2395170/
Bermudan;oldcontext=http://www.geonames.org/countries/#BM;context=http://sws.geonames.org/3573345/
Bermudian;oldcontext=http://www.geonames.org/countries/#BM;context=http://sws.geonames.org/3573345/
Bhutanese;oldcontext=http://www.geonames.org/countries/#BT;context=http://sws.geonames.org/1252634/
Bolivian;oldcontext=http://www.geonames.org/countries/#BO;context=http://sws.geonames.org/3923057/
Bosniak;oldcontext=http://www.geonames.org/countries/#BA;context=http://sws.geonames.org/3277605/
Bosnian;oldcontext=http://www.geonames.org/countries/#BA;context=http://sws.geonames.org/3277605/
Botswanan;oldcontext=http://www.geonames.org/countries/#BW;context=http://sws.geonames.org/933860/
Brazilian;oldcontext=http://www.geonames.org/countries/#BR;context=http://sws.geonames.org/3469034/
British Virgin Island;oldcontext=http://www.geonames.org/countries/#VG;context=http://sws.geonames.org/3577718/
British;oldcontext=http://www.geonames.org/countries/#GB;context=http://sws.geonames.org/2635167/
Bruneian;oldcontext=http://www.geonames.org/countries/#BN;context=http://sws.geonames.org/1820814/
Bulgarian;oldcontext=http://www.geonames.org/countries/#BG;context=http://sws.geonames.org/732800/
Burkinabe;oldcontext=http://www.geonames.org/countries/#BF;context=http://sws.geonames.org/2361809/
Burundian;oldcontext=http://www.geonames.org/countries/#BI;context=http://sws.geonames.org/433561/
Cambodian;oldcontext=http://www.geonames.org/countries/#KH;context=http://sws.geonames.org/1831722/
Cameroonian;oldcontext=http://www.geonames.org/countries/#CM;context=http://sws.geonames.org/2233387/
Canadian;oldcontext=http://www.geonames.org/countries/#CA;context=http://sws.geonames.org/6251999/
Cape Verdean;oldcontext=http://www.geonames.org/countries/#CV;context=http://sws.geonames.org/3374766/
Caymanian;oldcontext=http://www.geonames.org/countries/#KY;context=http://sws.geonames.org/3580718/
Central African;oldcontext=http://www.geonames.org/countries/#CF;context=http://sws.geonames.org/239880/
Chadian;oldcontext=http://www.geonames.org/countries/#TD;context=http://sws.geonames.org/2434508/
Chilean;oldcontext=http://www.geonames.org/countries/#CL;context=http://sws.geonames.org/3895114/
Chinese;oldcontext=http://www.geonames.org/countries/#CN;context=http://sws.geonames.org/1814991/
Christmas Island;oldcontext=http://www.geonames.org/countries/#CX;context=http://sws.geonames.org/2078138/
Cocos Island;oldcontext=http://www.geonames.org/countries/#CC;context=http://sws.geonames.org/1547376/
Colombian;oldcontext=http://www.geonames.org/countries/#CO;context=http://sws.geonames.org/3686110/
Comorian;oldcontext=http://www.geonames.org/countries/#KM;context=http://sws.geonames.org/921929/
Congo;oldcontext=http://www.geonames.org/countries/#CD;context=http://sws.geonames.org/203312/
Congolese;oldcontext=http://www.geonames.org/countries/#CD;context=http://sws.geonames.org/203312/
Cook Island;oldcontext=http://www.geonames.org/countries/#CK;context=http://sws.geonames.org/1899402/
Costa Rican;oldcontext=http://www.geonames.org/countries/#CR;context=http://sws.geonames.org/3624060/
Croatian;oldcontext=http://www.geonames.org/countries/#HR;context=http://sws.geonames.org/3202326/
Cuban;oldcontext=http://www.geonames.org/countries/#CU;context=http://sws.geonames.org/3562981/
Cypriot;oldcontext=http://www.geonames.org/countries/#CY;context=http://sws.geonames.org/146669/
Czech;oldcontext=http://www.geonames.org/countries/#CZ;context=http://sws.geonames.org/3077311/
Danish;oldcontext=http://www.geonames.org/countries/#DK;context=http://sws.geonames.org/2623032/
Djiboutian;oldcontext=http://www.geonames.org/countries/#DJ;context=http://sws.geonames.org/223816/
Dominicand;oldcontext=http://www.geonames.org/countries/#DM;context=http://sws.geonames.org/3575830/
Dutch Antillean;oldcontext=http://www.geonames.org/countries/#AN;context=http://sws.geonames.org/3513447/
Dutch;oldcontext=http://www.geonames.org/countries/#NL;context=http://sws.geonames.org/2750405/
Ecuadorian;oldcontext=http://www.geonames.org/countries/#EC;context=http://sws.geonames.org/3658394/
Egyptian;oldcontext=http://www.geonames.org/countries/#EG;context=http://sws.geonames.org/357994/
Emirati;oldcontext=http://www.geonames.org/countries/#AE;context=http://sws.geonames.org/290557/
Emirian;oldcontext=http://www.geonames.org/countries/#AE;context=http://sws.geonames.org/290557/
English;oldcontext=http://statistics.data.gov.uk/id/country/921;context=http://sws.geonames.org/6269131/
Equatoguinean;oldcontext=http://www.geonames.org/countries/#GQ;context=http://sws.geonames.org/2309096/
Equatorial Guinean;oldcontext=http://www.geonames.org/countries/#GQ;context=http://sws.geonames.org/2309096/
Eritrean;oldcontext=http://www.geonames.org/countries/#ER;context=http://sws.geonames.org/338010/
Estonian;oldcontext=http://www.geonames.org/countries/#EE;context=http://sws.geonames.org/453733/
Ethiopian;oldcontext=http://www.geonames.org/countries/#ET;context=http://sws.geonames.org/337996/
Falkland Island;oldcontext=http://www.geonames.org/countries/#FK;context=http://sws.geonames.org/3474414/
Faroe Islands;oldcontext=http://www.geonames.org/countries/#FO;context=http://sws.geonames.org/2622320/
Fijian;oldcontext=http://www.geonames.org/countries/#FJ;context=http://sws.geonames.org/2205218/
Filipino;oldcontext=http://www.geonames.org/countries/#PH;context=http://sws.geonames.org/1694008/
Finnish;oldcontext=http://www.geonames.org/countries/#FI;context=http://sws.geonames.org/660013/
French Guianese;oldcontext=http://www.geonames.org/countries/#GF;context=http://sws.geonames.org/3381670/
French Polynesian;oldcontext=http://www.geonames.org/countries/#PF;context=http://sws.geonames.org/4030656/
French;oldcontext=http://www.geonames.org/countries/#FR;context=http://sws.geonames.org/3017382/
Futunan;oldcontext=http://www.geonames.org/countries/#WF;context=http://sws.geonames.org/4034749/
Gabonese;oldcontext=http://www.geonames.org/countries/#GA;context=http://sws.geonames.org/2400553/
Gambian;oldcontext=http://www.geonames.org/countries/#GM;context=http://sws.geonames.org/2413451/
Georgian;oldcontext=http://www.geonames.org/countries/#GE;context=http://sws.geonames.org/614540/
German;oldcontext=http://www.geonames.org/countries/#DE;context=http://sws.geonames.org/2921044/
Ghanaian;oldcontext=http://www.geonames.org/countries/#GH;context=http://sws.geonames.org/2300660/
Gibraltar;oldcontext=http://www.geonames.org/countries/#GI;context=http://sws.geonames.org/2411586/
Greek;oldcontext=http://www.geonames.org/countries/#GR;context=http://sws.geonames.org/390903/
Greenlandic;oldcontext=http://www.geonames.org/countries/#GL;context=http://sws.geonames.org/3425505/
Grenadian;oldcontext=http://www.geonames.org/countries/#GD;context=http://sws.geonames.org/3580239/
Guadeloupe;oldcontext=http://www.geonames.org/countries/#GP;context=http://sws.geonames.org/3579143/
Guamanian;oldcontext=http://www.geonames.org/countries/#GU;context=http://sws.geonames.org/4043988/
Guatemalan;oldcontext=http://www.geonames.org/countries/#GT;context=http://sws.geonames.org/3595528/
Guinean;oldcontext=http://www.geonames.org/countries/#GN;context=http://sws.geonames.org/2420477/
Guyanese;oldcontext=http://www.geonames.org/countries/#GY;context=http://sws.geonames.org/3378535/
Haitian;oldcontext=http://www.geonames.org/countries/#HT;context=http://sws.geonames.org/3723988/
Hellenic;oldcontext=http://www.geonames.org/countries/#GR;context=http://sws.geonames.org/390903/
Herzegovinian;oldcontext=http://www.geonames.org/countries/#BA;context=http://sws.geonames.org/3277605/
Honduran;oldcontext=http://www.geonames.org/countries/#HN;context=http://sws.geonames.org/3608932/
Hongkongese;oldcontext=http://www.geonames.org/countries/#HK;context=http://sws.geonames.org/1819730/
Hungarian;oldcontext=http://www.geonames.org/countries/#HU;context=http://sws.geonames.org/719819/
Icelandic;oldcontext=http://www.geonames.org/countries/#IS;context=http://sws.geonames.org/2629691/
Indian;oldcontext=http://www.geonames.org/countries/#IN;context=http://sws.geonames.org/1269750/
Indonesian;oldcontext=http://www.geonames.org/countries/#ID;context=http://sws.geonames.org/1643084/
Iranian;oldcontext=http://www.geonames.org/countries/#IR;context=http://sws.geonames.org/130758/
Iraqi;oldcontext=http://www.geonames.org/countries/#IQ;context=http://sws.geonames.org/99237/
Irish;oldcontext=http://www.geonames.org/countries/#IE;context=http://sws.geonames.org/2963597/
Israeli;oldcontext=http://www.geonames.org/countries/#IL;context=http://sws.geonames.org/294640/
Italian;oldcontext=http://www.geonames.org/countries/#IT;context=http://sws.geonames.org/3175395/
Jamaican;oldcontext=http://www.geonames.org/countries/#JM;context=http://sws.geonames.org/3489940/
Japanese;oldcontext=http://www.geonames.org/countries/#JP;context=http://sws.geonames.org/1861060/
Jordanian;oldcontext=http://www.geonames.org/countries/#JO;context=http://sws.geonames.org/248816/
Kazakh;oldcontext=http://www.geonames.org/countries/#KZ;context=http://sws.geonames.org/1522867/
Kazakhstani;oldcontext=http://www.geonames.org/countries/#KZ;context=http://sws.geonames.org/1522867/
Kenyan;oldcontext=http://www.geonames.org/countries/#KE;context=http://sws.geonames.org/192950/
Kirghiz;oldcontext=http://www.geonames.org/countries/#KG;context=http://sws.geonames.org/1527747/
Kirgiz;oldcontext=http://www.geonames.org/countries/#KG;context=http://sws.geonames.org/1527747/
Kiribati;oldcontext=http://www.geonames.org/countries/#KI;context=http://sws.geonames.org/4030945/
Kittitian;oldcontext=http://www.geonames.org/countries/#KN;context=http://sws.geonames.org/3575174/
Kosovan;oldcontext=http://www.geonames.org/countries/#XK;context=http://sws.geonames.org/831053/
Kosovar;oldcontext=http://www.geonames.org/countries/#XK;context=http://sws.geonames.org/831053/
Kuwaiti;oldcontext=http://www.geonames.org/countries/#KW;context=http://sws.geonames.org/285570/
Kyrgyz;oldcontext=http://www.geonames.org/countries/#KG;context=http://sws.geonames.org/1527747/
Kyrgyzstani;oldcontext=http://www.geonames.org/countries/#KG;context=http://sws.geonames.org/1527747/
Lao;oldcontext=http://www.geonames.org/countries/#LA;context=http://sws.geonames.org/1655842/
Laotian;oldcontext=http://www.geonames.org/countries/#LA;context=http://sws.geonames.org/1655842/
Latvian;oldcontext=http://www.geonames.org/countries/#LV;context=http://sws.geonames.org/458258/
Lebanese;oldcontext=http://www.geonames.org/countries/#LB;context=http://sws.geonames.org/272103/
Liberian;oldcontext=http://www.geonames.org/countries/#LR;context=http://sws.geonames.org/2275384/
Libyan;oldcontext=http://www.geonames.org/countries/#LY;context=http://sws.geonames.org/2215636/
Liechtenstein;oldcontext=http://www.geonames.org/countries/#LI;context=http://sws.geonames.org/3042058/
Lithuanian;oldcontext=http://www.geonames.org/countries/#LT;context=http://sws.geonames.org/597427/
Luxembourg;oldcontext=http://www.geonames.org/countries/#LU;context=http://sws.geonames.org/2960313/
Macanese;oldcontext=http://www.geonames.org/countries/#MO;context=http://sws.geonames.org/1821275/
Macedonian;oldcontext=http://www.geonames.org/countries/#MK;context=http://sws.geonames.org/718075/
Magyar;oldcontext=http://www.geonames.org/countries/#HU;context=http://sws.geonames.org/719819/
Mahoran;oldcontext=http://www.geonames.org/countries/#YT;context=http://sws.geonames.org/1024031/
Malagasy;oldcontext=http://www.geonames.org/countries/#MG;context=http://sws.geonames.org/1062947/
Malawian;oldcontext=http://www.geonames.org/countries/#MW;context=http://sws.geonames.org/927384/
Malaysian;oldcontext=http://www.geonames.org/countries/#MY;context=http://sws.geonames.org/1733045/
Maldivian;oldcontext=http://www.geonames.org/countries/#MV;context=http://sws.geonames.org/1282028/
Malian;oldcontext=http://www.geonames.org/countries/#ML;context=http://sws.geonames.org/2453866/
Maltese;oldcontext=http://www.geonames.org/countries/#MT;context=http://sws.geonames.org/2562770/
Manx;oldcontext=http://www.geonames.org/countries/#IM;context=http://sws.geonames.org/3042225/
Marshall Islands;oldcontext=http://www.geonames.org/countries/#MH;context=http://sws.geonames.org/2080185/
Martinican;oldcontext=http://www.geonames.org/countries/#MQ;context=http://sws.geonames.org/3570311/
Martiniquais;oldcontext=http://www.geonames.org/countries/#MQ;context=http://sws.geonames.org/3570311/
Mauritanian;oldcontext=http://www.geonames.org/countries/#MR;context=http://sws.geonames.org/2378080/
Mauritian;oldcontext=http://www.geonames.org/countries/#MU;context=http://sws.geonames.org/934292/
Mexican;oldcontext=http://www.geonames.org/countries/#MX;context=http://sws.geonames.org/3996063/
Micronesian;oldcontext=http://www.geonames.org/countries/#FM;context=http://sws.geonames.org/2081918/
Miquelonnais;oldcontext=http://www.geonames.org/countries/#PM;context=http://sws.geonames.org/3424932/
Moldovan;oldcontext=http://www.geonames.org/countries/#MD;context=http://sws.geonames.org/617790/
Monacan;oldcontext=http://www.geonames.org/countries/#MC;context=http://sws.geonames.org/2993457/
Mongolian;oldcontext=http://www.geonames.org/countries/#MN;context=http://sws.geonames.org/2029969/
Montenegrin;oldcontext=http://www.geonames.org/countries/#ME;context=http://sws.geonames.org/3194884/
Montserratian;oldcontext=http://www.geonames.org/countries/#MS;context=http://sws.geonames.org/3578097/
Moroccan;oldcontext=http://www.geonames.org/countries/#MA;context=http://sws.geonames.org/2542007/
Mozambican;oldcontext=http://www.geonames.org/countries/#MZ;context=http://sws.geonames.org/1036973/
Namibian;oldcontext=http://www.geonames.org/countries/#NA;context=http://sws.geonames.org/3355338/
Nauruan;oldcontext=http://www.geonames.org/countries/#NR;context=http://sws.geonames.org/2110425/
Nepali;oldcontext=http://www.geonames.org/countries/#NP;context=http://sws.geonames.org/1282988/
Nevisian;oldcontext=http://www.geonames.org/countries/#KN;context=http://sws.geonames.org/3575174/
New Caledonia;oldcontext=http://www.geonames.org/countries/#NC;context=http://sws.geonames.org/2139685/
New Zealand;oldcontext=http://www.geonames.org/countries/#NZ;context=http://sws.geonames.org/2186224/
Ni-Vanuatu;oldcontext=http://www.geonames.org/countries/#VU;context=http://sws.geonames.org/2134431/
Nicaraguan;oldcontext=http://www.geonames.org/countries/#NI;context=http://sws.geonames.org/3617476/
Nigerian;oldcontext=http://www.geonames.org/countries/#NG;context=http://sws.geonames.org/2328926/
Nigerien;oldcontext=http://www.geonames.org/countries/#NE;context=http://sws.geonames.org/2440476/
Niuean;oldcontext=http://www.geonames.org/countries/#NU;context=http://sws.geonames.org/4036232/
North Korean;oldcontext=http://www.geonames.org/countries/#KP;context=http://sws.geonames.org/1873107/
Northern Ireland;oldcontext=http://statistics.data.gov.uk/id/country/922;context=http://sws.geonames.org/2641364/
Northern Marianan;oldcontext=http://www.geonames.org/countries/#MP;context=http://sws.geonames.org/4041468/
Norwegian;oldcontext=http://www.geonames.org/countries/#NO;context=http://sws.geonames.org/3144096/
Omani;oldcontext=http://www.geonames.org/countries/#OM;context=http://sws.geonames.org/286963/
Pakistani;oldcontext=http://www.geonames.org/countries/#PK;context=http://sws.geonames.org/1168579/
Palauan;oldcontext=http://www.geonames.org/countries/#PW;context=http://sws.geonames.org/1559582/
Palestinian;oldcontext=http://www.geonames.org/countries/#PS;context=http://sws.geonames.org/6254930/
Panamanian;oldcontext=http://www.geonames.org/countries/#PA;context=http://sws.geonames.org/3703430/
Papua New Guinean;oldcontext=http://www.geonames.org/countries/#PG;context=http://sws.geonames.org/2088628/
Papuan;oldcontext=http://www.geonames.org/countries/#PG;context=http://sws.geonames.org/2088628/
Paraguayan;oldcontext=http://www.geonames.org/countries/#PY;context=http://sws.geonames.org/3437598/
Peruvian;oldcontext=http://www.geonames.org/countries/#PE;context=http://sws.geonames.org/3932488/
Philippine;oldcontext=http://www.geonames.org/countries/#PH;context=http://sws.geonames.org/1694008/
Pitcairn Island;oldcontext=http://www.geonames.org/countries/#PN;context=http://sws.geonames.org/4030699/
Polish;oldcontext=http://www.geonames.org/countries/#PL;context=http://sws.geonames.org/798544/
Portuguese;oldcontext=http://www.geonames.org/countries/#PT;context=http://sws.geonames.org/2264397/
Puerto Rican;oldcontext=http://www.geonames.org/countries/#PR;context=http://sws.geonames.org/4566966/
Qatari;oldcontext=http://www.geonames.org/countries/#QA;context=http://sws.geonames.org/289688/
Republic of Ireland
Reunionese;oldcontext=http://www.geonames.org/countries/#RE;context=http://sws.geonames.org/935317/
Romanian;oldcontext=http://www.geonames.org/countries/#RO;context=http://sws.geonames.org/798549/
Russian;oldcontext=http://www.geonames.org/countries/#RU;context=http://sws.geonames.org/2017370/
Rwandan;oldcontext=http://www.geonames.org/countries/#RW;context=http://sws.geonames.org/49518/
Sahraouian;oldcontext=http://www.geonames.org/countries/#EH;context=http://sws.geonames.org/2461445/
Sahraw;oldcontext=http://www.geonames.org/countries/#EH;context=http://sws.geonames.org/2461445/
Sahrawian;oldcontext=http://www.geonames.org/countries/#EH;context=http://sws.geonames.org/2461445/
Saint-Pierrais;oldcontext=http://www.geonames.org/countries/#PM;context=http://sws.geonames.org/3424932/
Salvadoran;oldcontext=http://www.geonames.org/countries/#SV;context=http://sws.geonames.org/3585968/
Sammarinese;oldcontext=http://www.geonames.org/countries/#SM;context=http://sws.geonames.org/3168068/
Samoan;oldcontext=http://www.geonames.org/countries/#WS;context=http://sws.geonames.org/4034894/
Sao Tomeans;oldcontext=http://www.geonames.org/countries/#ST;context=http://sws.geonames.org/2410758/
Saudi Arabian;oldcontext=http://www.geonames.org/countries/#SA;context=http://sws.geonames.org/102358/
Saudi;oldcontext=http://www.geonames.org/countries/#SA;context=http://sws.geonames.org/102358/
Scots;oldcontext=http://statistics.data.gov.uk/id/country/923;context=http://sws.geonames.org/2638360/
Scottish;oldcontext=http://statistics.data.gov.uk/id/country/923;context=http://sws.geonames.org/2638360/
Senegalese;oldcontext=http://www.geonames.org/countries/#SN;context=http://sws.geonames.org/2245662/
Serbian;oldcontext=http://www.geonames.org/countries/#RS;context=http://sws.geonames.org/6290252/
Seychellois;oldcontext=http://www.geonames.org/countries/#SC;context=http://sws.geonames.org/241170/
Sierra Leonean;oldcontext=http://www.geonames.org/countries/#SL;context=http://sws.geonames.org/2403846/
Singaporean;oldcontext=http://www.geonames.org/countries/#SG;context=http://sws.geonames.org/1880251/
Slovak;oldcontext=http://www.geonames.org/countries/#SK;context=http://sws.geonames.org/3057568/
Slovene;oldcontext=http://www.geonames.org/countries/#SI;context=http://sws.geonames.org/3190538/
Slovenian;oldcontext=http://www.geonames.org/countries/#SI;context=http://sws.geonames.org/3190538/
Solomon Island;oldcontext=http://www.geonames.org/countries/#SB;context=http://sws.geonames.org/2103350/
Somali;oldcontext=http://www.geonames.org/countries/#SO;context=http://sws.geonames.org/51537/
South African;oldcontext=http://www.geonames.org/countries/#ZA;context=http://sws.geonames.org/953987/
South Korean
South Ossetian
Spanish;oldcontext=http://www.geonames.org/countries/#ES;context=http://sws.geonames.org/2510769/
Sri Lankan;oldcontext=http://www.geonames.org/countries/#LK;context=http://sws.geonames.org/1227603/
St Helenian;oldcontext=http://www.geonames.org/countries/#SH;context=http://sws.geonames.org/3370751/
St Lucian;oldcontext=http://www.geonames.org/countries/#LC;context=http://sws.geonames.org/3576468/
St Vincentian;oldcontext=http://www.geonames.org/countries/#VC;context=http://sws.geonames.org/3577815/
St. Helenian;oldcontext=http://www.geonames.org/countries/#SH;context=http://sws.geonames.org/3370751/
St. Lucian;oldcontext=http://www.geonames.org/countries/#LC;context=http://sws.geonames.org/3576468/
St. Vincentian;oldcontext=http://www.geonames.org/countries/#VC;context=http://sws.geonames.org/3577815/
Sudanese;oldcontext=http://www.geonames.org/countries/#SD;context=http://sws.geonames.org/366755/
Surinamese;oldcontext=http://www.geonames.org/countries/#SR;context=http://sws.geonames.org/3382998/
Swazi;oldcontext=http://www.geonames.org/countries/#SZ;context=http://sws.geonames.org/934841/
Swedish;oldcontext=http://www.geonames.org/countries/#SE;context=http://sws.geonames.org/2661886/
Swiss;oldcontext=http://www.geonames.org/countries/#CH;context=http://sws.geonames.org/2658434/
Syrian;oldcontext=http://www.geonames.org/countries/#SY;context=http://sws.geonames.org/163843/
Taiwanese;oldcontext=http://www.geonames.org/countries/#TW;context=http://sws.geonames.org/1668284/
Tajikistani;oldcontext=http://www.geonames.org/countries/#TJ;context=http://sws.geonames.org/1220409/
Tanzanian;oldcontext=http://www.geonames.org/countries/#TZ;context=http://sws.geonames.org/149590/
Thai;oldcontext=http://www.geonames.org/countries/#TH;context=http://sws.geonames.org/1605651/
Timorese;oldcontext=http://www.geonames.org/countries/#TL;context=http://sws.geonames.org/1966436/
Tobagonian;oldcontext=http://www.geonames.org/countries/#TT;context=http://sws.geonames.org/3573591/
Togolese;oldcontext=http://www.geonames.org/countries/#TG;context=http://sws.geonames.org/2363686/
Tongan;oldcontext=http://www.geonames.org/countries/#TO;context=http://sws.geonames.org/4032283/
Trinidadian;oldcontext=http://www.geonames.org/countries/#TT;context=http://sws.geonames.org/3573591/
Tunisian;oldcontext=http://www.geonames.org/countries/#TN;context=http://sws.geonames.org/2464461/
Turkish;oldcontext=http://www.geonames.org/countries/#TR;context=http://sws.geonames.org/298795/
Turkmen;oldcontext=http://www.geonames.org/countries/#TM;context=http://sws.geonames.org/1218197/
Turks and Caicos Islands;oldcontext=http://www.geonames.org/countries/#TC;context=http://sws.geonames.org/3576916/
Tuvaluan;oldcontext=http://www.geonames.org/countries/#TV;context=http://sws.geonames.org/2110297/
U.S.;oldcontext=http://www.geonames.org/countries/#US;context=http://sws.geonames.org/6252001/
Ugandan;oldcontext=http://www.geonames.org/countries/#UG;context=http://sws.geonames.org/226074/
Ukrainian;oldcontext=http://www.geonames.org/countries/#UA;context=http://sws.geonames.org/690791/
Uruguayan;oldcontext=http://www.geonames.org/countries/#UY;context=http://sws.geonames.org/3439705/
Uzbek;oldcontext=http://www.geonames.org/countries/#UZ;context=http://sws.geonames.org/1512440/
Uzbekistani;oldcontext=http://www.geonames.org/countries/#UZ;context=http://sws.geonames.org/1512440/
Vanuatuan;oldcontext=http://www.geonames.org/countries/#VU;context=http://sws.geonames.org/2134431/
Venezuelan;oldcontext=http://www.geonames.org/countries/#VE;context=http://sws.geonames.org/3625428/
Vietnamese;oldcontext=http://www.geonames.org/countries/#VN;context=http://sws.geonames.org/1562822/
Vincentian;oldcontext=http://www.geonames.org/countries/#VC;context=http://sws.geonames.org/3577815/
Virgin Island
Wallisian;oldcontext=http://www.geonames.org/countries/#WF;context=http://sws.geonames.org/4034749/
Welsh;oldcontext=http://statistics.data.gov.uk/id/country/924;context=http://sws.geonames.org/2634895/
Yemeni;oldcontext=http://www.geonames.org/countries/#YE;context=http://sws.geonames.org/69543/
Zambian;oldcontext=http://www.geonames.org/countries/#ZM;context=http://sws.geonames.org/895949/
Zimbabwean;oldcontext=http://www.geonames.org/countries/#ZW;context=http://sws.geonames.org/878675/
