Attorney General's Office;context=http://reference.data.gov.uk/id/department/attorney-general
Cabinet Office;context=http://reference.data.gov.uk/id/department/co
Department for Business, Innovation and Skills;context=http://reference.data.gov.uk/id/department/bis
Department for Children, Schools and Families;context=http://reference.data.gov.uk/id/department/dcsf
Department for Communities and Local Government;context=http://reference.data.gov.uk/id/department/dclg
Department for Culture, Media and Sport;context=http://reference.data.gov.uk/id/department/dcms
Department for Education;context=http://reference.data.gov.uk/id/department/dfe
Department for Environment, Food and Rural Affairs;context=http://reference.data.gov.uk/id/department/defra
Department for International Development;context=http://reference.data.gov.uk/id/department/dfid
Department for Transport;context=http://reference.data.gov.uk/id/department/dft
Department for Work and Pensions;context=http://reference.data.gov.uk/id/department/dwp
Department of Energy and Climate Change;context=http://reference.data.gov.uk/id/department/decc
Department of Health;context=http://reference.data.gov.uk/id/department/dh
Foreign and Commonwealth Office;context=http://reference.data.gov.uk/id/department/fco
Government Equalities Office;context=http://reference.data.gov.uk/id/department/geo
HM Treasury;context=http://reference.data.gov.uk/id/department/hmt
Home Office;context=http://reference.data.gov.uk/id/department/ho
Ministry of Defence;context=http://reference.data.gov.uk/id/department/mod
Ministry of Justice;context=http://reference.data.gov.uk/id/department/justice
Northern Ireland Office;context=http://reference.data.gov.uk/id/department/nio
Office of the Advocate General for Scotland;context=http://reference.data.gov.uk/id/department/oags
Office of the Leader of the House of Commons;context=http://reference.data.gov.uk/id/department/olhc
Office of the Leader of the House of Lords;context=http://reference.data.gov.uk/id/department/olhl
Prime Minister's Office;context=http://reference.data.gov.uk/id/department/no10
Scotland Office;context=http://reference.data.gov.uk/id/department/so
Wales Office;context=http://reference.data.gov.uk/id/department/wo
Foreign Office;context=http://reference.data.gov.uk/id/department/fco
