Apr;month=04
Apr.;month=04
April;month=04
APR;month=04
APR.;month=04
APRIL;month=04
Aug;month=08
Aug.;month=08
August;month=08
AUG;month=08
AUG.;month=08
AUGUST;month=08
Dec;month=12
Dec.;month=12
December;month=12
DEC;month=12
DEC.;month=12
DECEMBER;month=12
Feb;month=02
Feb.;month=02
February;month=02
FEB;month=02
FEB.;month=02
FEBRUARY;month=02
Jan;month=01
Jan.;month=01
January;month=01
JAN;month=01
JAN.;month=01
JANUARY;month=01
Jul;month=07
Jul.;month=07
July;month=07
JUL;month=07
JUL.;month=07
JULY;month=07
Jun;month=06
Jun.;month=06
June;month=06
JUN;month=06
JUN.;month=06
JUNE;month=06
Mar;month=03
Mar.;month=03
March;month=03
MAR;month=03
MAR.;month=03
MARCH;month=03
May;month=05
MAY;month=05
Nov;month=11
Nov.;month=11
November;month=11
NOV;month=11
NOV.;month=11
NOVEMBER;month=11
Oct;month=10
Oct.;month=10
October;month=10
OCT;month=10
OCT.;month=10
OCTOBER;month=10
Sep;month=09
Sep.;month=09
Sept;month=09
Sept.;month=09
September;month=09
SEP;month=09
SEP.;month=09
SEPT;month=09
SEPT.;month=09
SEPTEMBER;month=09
