square millimeters;unit=mm2
square millimetres;unit=mm2
square millimeter;unit=mm2
square millimetre;unit=mm2
square centimeters;unit=cm2
square centimetres;unit=cm2
square centimeter;unit=cm2
square centimetre;unit=cm2
square meters;unit=m2
square metres;unit=m2
square meter;unit=m2
square metre;unit=m2
square kilometers;unit=km2
square kilometres;unit=km2
square kilometer;unit=km2
square kilometre;unit=km2
hectares;unit=ha
hectare;unit=ha
mm2;unit=mm2
cm2;unit=cm2
m2;unit=m2
km2;unit=km2
ha;unit=ha