A.E.;full=Air Efficiency Award
A.F.C.;full=Air Force Cross
A.F.M.;full=Air Force Medal
A.R.R.C.;full=Royal Red Cross (Second Class)
AE;full=Air Efficiency Award
AFC;full=Air Force Cross
AFM;full=Air Force Medal
ARRC;full=Royal Red Cross (Second Class)
Bart;full=Baronet
B.E.M.;full=British Empire Medal
BEM;full=British Empire Medal
Bt;full=Baronet
C.B.;full=Companion of the Most Honourable Order of the Bath
C.B.E.;full=Commander of the Most Excellent Order of the British Empire
C.G.C.;full=Conspicuous Gallantry Cross
C.G.M.;full=Conspicuous Gallantry Medal
C.H.;full=Member of the Order of the Companions of Honour
C.M.G.;full=Companion of the Most Distinguished Order of Saint Michael and Saint George
C.V.O.;full=Commander of the Royal Victorian Order
CB;full=Companion of the Most Honourable Order of the Bath
CBE;full=Commander of the Most Excellent Order of the British Empire
CGC;full=Conspicuous Gallantry Cross
CGM;full=Conspicuous Gallantry Medal
CH;full=Member of the Order of the Companions of Honour
CMG;full=Companion of the Most Distinguished Order of Saint Michael and Saint George
CVO;full=Commander of the Royal Victorian Order
D.B.E.;full=Dame Commander of the Most Excellent Order of the British Empire
D.C.B.;full=Dame Commander of the Most Honourable Order of the Bath
D.C.M.;full=Distinguished Conduct Medal
D.C.M.G.;full=Dame Commander of the Most Distinguished Order of Saint Michael and Saint George
D.C.V.O.;full=Dame Commander of the Royal Victorian Order
D.F.C.;full=Distinguished Flying Cross
D.F.M.;full=Distinguished Flying Medal
D.L.;full=Deputy Lieutenant
D.S.C.;full=Distinguished Service Cross
D.S.M.;full=Distinguished Service Medal
D.S.O.;full=Companion of the Distinguished Service Order
DBE;full=Dame Commander of the Most Excellent Order of the British Empire
DCB;full=Dame Commander of the Most Honourable Order of the Bath
DCM;full=Distinguished Conduct Medal
DCMG;full=Dame Commander of the Most Distinguished Order of Saint Michael and Saint George
DCVO;full=Dame Commander of the Royal Victorian Order
DFC;full=Distinguished Flying Cross
DFM;full=Distinguished Flying Medal
DL;full=Deputy Lieutenant
DSC;full=Distinguished Service Cross
DSM;full=Distinguished Service Medal
DSO;full=Companion of the Distinguished Service Order
G.B.E.;full=Knight or Dame - Grand Cross of the Most Excellent Order of the British Empire
G.C.;full=George Cross
G.C.B.;full=Knight or Dame - Grand Cross of the Most Honourable Order of the Bath
G.C.M.G.;full=Knight or Dame - Grand Cross of the Most Distinguished Order of Saint Michael and Saint George
G.C.V.O.;full=Knight or Dame - Grand Cross of the Royal Victorian Order
G.M.;full=George Medal
GBE;full=Knight or Dame - Grand Cross of the Most Excellent Order of the British Empire
GC;full=George Cross
GCB;full=Knight or Dame - Grand Cross of the Most Honourable Order of the Bath
GCMG;full=Knight or Dame - Grand Cross of the Most Distinguished Order of Saint Michael and Saint George
GCVO;full=Knight or Dame - Grand Cross of the Royal Victorian Order
GM;full=George Medal
I.S.O;full=Companion of the Imperial Service Order
ISO;full=Companion of the Imperial Service Order
K.B.E.;full=Knight Commander of the Most Excellent Order of the British Empire
K.C.B.;full=Knight Commander of the Most Honourable Order of the Bath
K.C.M.G.;full=Knight Commander of the Most Distinguished Order of Saint Michael and Saint George
K.C.V.O.;full=Knight Commander of the Royal Victorian Order
K.G.;full=Knight of the Most Noble Order of the Garter
K.T.;full=Knight of the Most Ancient and Most Noble Order of the Thistle
KBE;full=Knight Commander of the Most Excellent Order of the British Empire
KCB;full=Knight Commander of the Most Honourable Order of the Bath
KCMG;full=Knight Commander of the Most Distinguished Order of Saint Michael and Saint George
KCVO;full=Knight Commander of the Royal Victorian Order
KG;full=Knight of the Most Noble Order of the Garter
KT;full=Knight of the Most Ancient and Most Noble Order of the Thistle
Knight Bachelor
L.G.;full=Lady of the Most Noble Order of the Garter
L.T.;full=Lady of the Most Ancient and Most Noble Order of the Thistle
L.V.O.;full=Lieutenant of the Royal Victorian Order
LG;full=Lady of the Most Noble Order of the Garter
LT;full=Lady of the Most Ancient and Most Noble Order of the Thistle
LVO;full=Lieutenant of the Royal Victorian Order
M.B.E.;full=Member of the Most Excellent Order of the British Empire
M.C.;full=Military Cross
M.M.;full=Military Medal
M.V.O.;full=Member of the Royal Victorian Order
MBE;full=Member of the Most Excellent Order of the British Empire
MC;full=Military Cross
MM;full=Military Medal
MVO;full=Member of the Royal Victorian Order
O.B.E.;full=Officer of the Most Excellent Order of the British Empire
O.M.;full=Member of the Order of Merit
OBE;full=Officer of the Most Excellent Order of the British Empire
OM;full=Member of the Order of Merit
P.C.;full=Privy Counsellor
PC;full=Privy Counsellor
QC;full=Queen's Counsel
Q.F.S.M.;full=Queen’s Fire Service Medal
Q.G.M.;full=Queen's Gallantry Medal
Q.P.M.;full=Queen’s Police Medal
Q.V.R.M.;full=Queen’s Volunteer Reserves Medal
QFSM;full=Queen’s Fire Service Medal
QGM;full=Queen's Gallantry Medal
QPM;full=Queen’s Police Medal
QVRM;full=Queen’s Volunteer Reserves Medal
R.D.;full=Decoration for Officers of the Royal Naval Reserve
R.R.C.;full=Royal Red Cross (First Class)
R.V.M.;full=Royal Victorian Medal (Gold, Silver or Bronze)
RD;full=Decoration for Officers of the Royal Naval Reserve
RRC;full=Royal Red Cross (First Class)
RVM;full=Royal Victorian Medal (Gold, Silver or Bronze)
T.D.;full=Trritorial Efficiency Decoration
TD;full=Trritorial Efficiency Decoration
V.C.;full=Victoria Cross
V.R.D.;full=Decoration for Officers of the Royal Naval Volunteer Reserve
VC;full=Victoria Cross
VRD;full=Decoration for Officers of the Royal Naval Volunteer Reserve
